[  0%] Built target _ar_track_alvar_msgs_generate_messages_check_deps_AlvarMarkers
[  0%] Built target _ar_track_alvar_msgs_generate_messages_check_deps_AlvarMarker
[  0%] Built target geometry_msgs_generate_messages_nodejs
[  0%] Built target std_msgs_generate_messages_nodejs
[  0%] Built target geometry_msgs_generate_messages_py
[  0%] Built target std_msgs_generate_messages_py
[  0%] Built target std_msgs_generate_messages_cpp
[  0%] Built target geometry_msgs_generate_messages_cpp
[  0%] Built target std_msgs_generate_messages_eus
[  0%] Built target geometry_msgs_generate_messages_eus
[  0%] Built target geometry_msgs_generate_messages_lisp
[  0%] Built target std_msgs_generate_messages_lisp
[  8%] [34m[1mGenerating Javascript code from ar_track_alvar_msgs/AlvarMarker.msg[0m
[ 16%] [34m[1mGenerating Javascript code from ar_track_alvar_msgs/AlvarMarkers.msg[0m
[ 16%] Built target ar_track_alvar_msgs_generate_messages_nodejs
[ 25%] [34m[1mGenerating Python from MSG ar_track_alvar_msgs/AlvarMarker[0m
[ 33%] [34m[1mGenerating Python from MSG ar_track_alvar_msgs/AlvarMarkers[0m
[ 41%] [34m[1mGenerating Python msg __init__.py for ar_track_alvar_msgs[0m
[ 41%] Built target ar_track_alvar_msgs_generate_messages_py
[ 50%] [34m[1mGenerating C++ code from ar_track_alvar_msgs/AlvarMarker.msg[0m
[ 58%] [34m[1mGenerating C++ code from ar_track_alvar_msgs/AlvarMarkers.msg[0m
[ 58%] Built target ar_track_alvar_msgs_generate_messages_cpp
[ 66%] [34m[1mGenerating EusLisp code from ar_track_alvar_msgs/AlvarMarker.msg[0m
[ 75%] [34m[1mGenerating EusLisp code from ar_track_alvar_msgs/AlvarMarkers.msg[0m
[ 83%] Built target ar_track_alvar_msgs_generate_messages_eus
[ 91%] [34m[1mGenerating Lisp code from ar_track_alvar_msgs/AlvarMarker.msg[0m
[100%] [34m[1mGenerating Lisp code from ar_track_alvar_msgs/AlvarMarkers.msg[0m
[100%] Built target ar_track_alvar_msgs_generate_messages_lisp
[100%] Built target ar_track_alvar_msgs_generate_messages
