[01m[K/home/advrob/elfin_ws/src/edu-elfin_simulation/arm_controllers/src/velocity_controller.cpp:[m[K In member function ‘[01m[Kvirtual void arm_controllers::velocity_controller::update(const ros::Time&, const ros::Duration&)[m[K’:
[01m[K/home/advrob/elfin_ws/src/edu-elfin_simulation/arm_controllers/src/velocity_controller.cpp:354:49:[m[K [01;31m[Kerror: [m[Klvalue required as left operand of assignment
  354 |                 J_inv_.data() = J_.data.inverse([01;31m[K)[m[K;
      |                                                 [01;31m[K^[m[K
[01m[K/home/advrob/elfin_ws/src/edu-elfin_simulation/arm_controllers/src/velocity_controller.cpp:357:43:[m[K [01;31m[Kerror: [m[Kno match for ‘[01m[Koperator*[m[K’ (operand types are ‘[01m[K<unresolved overloaded function type>[m[K’ and ‘[01m[KEigen::VectorXd[m[K’ {aka ‘[01m[KEigen::Matrix<double, -1, 1>[m[K’})
  357 |             q_dot_cmd_.data = [32m[KJ_inv_.data[m[K [01;31m[K*[m[K [34m[KVcmd_jnt_.data[m[K;
      |                               [32m[K~~~~~~~~~~~[m[K [01;31m[K^[m[K [34m[K~~~~~~~~~~~~~~[m[K
      |                                      [32m[K|[m[K                [34m[K|[m[K
      |                                      [32m[K|[m[K                [34m[KEigen::VectorXd {aka Eigen::Matrix<double, -1, 1>}[m[K
      |                                      [32m[K<unresolved overloaded function type>[m[K
In file included from [01m[K/usr/include/eigen3/Eigen/Core:487[m[K,
                 from [01m[K/usr/include/kdl/jacobian.hpp:26[m[K,
                 from [01m[K/usr/include/kdl/jntarray.hpp:26[m[K,
                 from [01m[K/usr/include/kdl/chainidsolver.hpp:27[m[K,
                 from [01m[K/usr/include/kdl/chainidsolver_recursive_newton_euler.hpp:25[m[K,
                 from [01m[K/usr/include/kdl/chaindynparam.hpp:25[m[K,
                 from [01m[K/home/advrob/elfin_ws/src/edu-elfin_simulation/arm_controllers/src/velocity_controller.cpp:15[m[K:
[01m[K/usr/include/eigen3/Eigen/src/Core/PermutationMatrix.h:543:1:[m[K [01;36m[Knote: [m[Kcandidate: ‘[01m[Ktemplate<class MatrixDerived, class PermutationDerived> const Eigen::Product<MatrixDerived, PermutationDerived, 2> Eigen::operator*(const Eigen::MatrixBase<Derived>&, const Eigen::PermutationBase<PermutationDerived>&)[m[K’
  543 | [01;36m[Koperator[m[K*(const MatrixBase<MatrixDerived> &matrix,
      | [01;36m[K^~~~~~~~[m[K
[01m[K/usr/include/eigen3/Eigen/src/Core/PermutationMatrix.h:543:1:[m[K [01;36m[Knote: [m[K  template argument deduction/substitution failed:
[01m[K/home/advrob/elfin_ws/src/edu-elfin_simulation/arm_controllers/src/velocity_controller.cpp:357:55:[m[K [01;36m[Knote: [m[K  mismatched types ‘[01m[Kconst Eigen::MatrixBase<Derived>[m[K’ and ‘[01m[KEigen::PlainObjectBase<Eigen::Matrix<double, -1, -1> >::Scalar* (Eigen::PlainObjectBase<Eigen::Matrix<double, -1, -1> >::*)()[m[K’ {aka ‘[01m[Kdouble* (Eigen::PlainObjectBase<Eigen::Matrix<double, -1, -1> >::*)()[m[K’}
  357 |             q_dot_cmd_.data = J_inv_.data * Vcmd_jnt_.[01;36m[Kdata[m[K;
      |                                                       [01;36m[K^~~~[m[K
[01m[K/home/advrob/elfin_ws/src/edu-elfin_simulation/arm_controllers/src/velocity_controller.cpp:357:55:[m[K [01;36m[Knote: [m[K  mismatched types ‘[01m[Kconst Eigen::MatrixBase<Derived>[m[K’ and ‘[01m[Kconst Scalar* (Eigen::PlainObjectBase<Eigen::Matrix<double, -1, -1> >::*)() const[m[K’ {aka ‘[01m[Kconst double* (Eigen::PlainObjectBase<Eigen::Matrix<double, -1, -1> >::*)() const[m[K’}
[01m[K/home/advrob/elfin_ws/src/edu-elfin_simulation/arm_controllers/src/velocity_controller.cpp:357:55:[m[K [01;36m[Knote: [m[K  ‘[01m[KEigen::VectorXd[m[K’ {aka ‘[01m[KEigen::Matrix<double, -1, 1>[m[K’} is not derived from ‘[01m[Kconst Eigen::PermutationBase<PermutationDerived>[m[K’
In file included from [01m[K/usr/include/eigen3/Eigen/Core:487[m[K,
                 from [01m[K/usr/include/kdl/jacobian.hpp:26[m[K,
                 from [01m[K/usr/include/kdl/jntarray.hpp:26[m[K,
                 from [01m[K/usr/include/kdl/chainidsolver.hpp:27[m[K,
                 from [01m[K/usr/include/kdl/chainidsolver_recursive_newton_euler.hpp:25[m[K,
                 from [01m[K/usr/include/kdl/chaindynparam.hpp:25[m[K,
                 from [01m[K/home/advrob/elfin_ws/src/edu-elfin_simulation/arm_controllers/src/velocity_controller.cpp:15[m[K:
[01m[K/usr/include/eigen3/Eigen/src/Core/PermutationMatrix.h:555:1:[m[K [01;36m[Knote: [m[Kcandidate: ‘[01m[Ktemplate<class PermutationDerived, class MatrixDerived> const Eigen::Product<MatrixDerived, PermutationDerived, 2> Eigen::operator*(const Eigen::PermutationBase<PermutationDerived>&, const Eigen::MatrixBase<U>&)[m[K’
  555 | [01;36m[Koperator[m[K*(const PermutationBase<PermutationDerived> &permutation,
      | [01;36m[K^~~~~~~~[m[K
[01m[K/usr/include/eigen3/Eigen/src/Core/PermutationMatrix.h:555:1:[m[K [01;36m[Knote: [m[K  template argument deduction/substitution failed:
[01m[K/home/advrob/elfin_ws/src/edu-elfin_simulation/arm_controllers/src/velocity_controller.cpp:357:55:[m[K [01;36m[Knote: [m[K  mismatched types ‘[01m[Kconst Eigen::PermutationBase<PermutationDerived>[m[K’ and ‘[01m[KEigen::PlainObjectBase<Eigen::Matrix<double, -1, -1> >::Scalar* (Eigen::PlainObjectBase<Eigen::Matrix<double, -1, -1> >::*)()[m[K’ {aka ‘[01m[Kdouble* (Eigen::PlainObjectBase<Eigen::Matrix<double, -1, -1> >::*)()[m[K’}
  357 |             q_dot_cmd_.data = J_inv_.data * Vcmd_jnt_.[01;36m[Kdata[m[K;
      |                                                       [01;36m[K^~~~[m[K
[01m[K/home/advrob/elfin_ws/src/edu-elfin_simulation/arm_controllers/src/velocity_controller.cpp:357:55:[m[K [01;36m[Knote: [m[K  mismatched types ‘[01m[Kconst Eigen::PermutationBase<PermutationDerived>[m[K’ and ‘[01m[Kconst Scalar* (Eigen::PlainObjectBase<Eigen::Matrix<double, -1, -1> >::*)() const[m[K’ {aka ‘[01m[Kconst double* (Eigen::PlainObjectBase<Eigen::Matrix<double, -1, -1> >::*)() const[m[K’}
[01m[K/home/advrob/elfin_ws/src/edu-elfin_simulation/arm_controllers/src/velocity_controller.cpp:357:55:[m[K [01;36m[Knote: [m[K  couldn’t deduce template parameter ‘[01m[KPermutationDerived[m[K’
In file included from [01m[K/usr/include/eigen3/Eigen/Core:488[m[K,
                 from [01m[K/usr/include/kdl/jacobian.hpp:26[m[K,
                 from [01m[K/usr/include/kdl/jntarray.hpp:26[m[K,
                 from [01m[K/usr/include/kdl/chainidsolver.hpp:27[m[K,
                 from [01m[K/usr/include/kdl/chainidsolver_recursive_newton_euler.hpp:25[m[K,
                 from [01m[K/usr/include/kdl/chaindynparam.hpp:25[m[K,
                 from [01m[K/home/advrob/elfin_ws/src/edu-elfin_simulation/arm_controllers/src/velocity_controller.cpp:15[m[K:
[01m[K/usr/include/eigen3/Eigen/src/Core/Transpositions.h:338:1:[m[K [01;36m[Knote: [m[Kcandidate: ‘[01m[Ktemplate<class MatrixDerived, class TranspositionsDerived> const Eigen::Product<MatrixDerived, PermutationDerived, 2> Eigen::operator*(const Eigen::MatrixBase<Derived>&, const Eigen::TranspositionsBase<TranspositionsDerived>&)[m[K’
  338 | [01;36m[Koperator[m[K*(const MatrixBase<MatrixDerived> &matrix,
      | [01;36m[K^~~~~~~~[m[K
[01m[K/usr/include/eigen3/Eigen/src/Core/Transpositions.h:338:1:[m[K [01;36m[Knote: [m[K  template argument deduction/substitution failed:
[01m[K/home/advrob/elfin_ws/src/edu-elfin_simulation/arm_controllers/src/velocity_controller.cpp:357:55:[m[K [01;36m[Knote: [m[K  mismatched types ‘[01m[Kconst Eigen::MatrixBase<Derived>[m[K’ and ‘[01m[KEigen::PlainObjectBase<Eigen::Matrix<double, -1, -1> >::Scalar* (Eigen::PlainObjectBase<Eigen::Matrix<double, -1, -1> >::*)()[m[K’ {aka ‘[01m[Kdouble* (Eigen::PlainObjectBase<Eigen::Matrix<double, -1, -1> >::*)()[m[K’}
  357 |             q_dot_cmd_.data = J_inv_.data * Vcmd_jnt_.[01;36m[Kdata[m[K;
      |                                                       [01;36m[K^~~~[m[K
[01m[K/home/advrob/elfin_ws/src/edu-elfin_simulation/arm_controllers/src/velocity_controller.cpp:357:55:[m[K [01;36m[Knote: [m[K  mismatched types ‘[01m[Kconst Eigen::MatrixBase<Derived>[m[K’ and ‘[01m[Kconst Scalar* (Eigen::PlainObjectBase<Eigen::Matrix<double, -1, -1> >::*)() const[m[K’ {aka ‘[01m[Kconst double* (Eigen::PlainObjectBase<Eigen::Matrix<double, -1, -1> >::*)() const[m[K’}
[01m[K/home/advrob/elfin_ws/src/edu-elfin_simulation/arm_controllers/src/velocity_controller.cpp:357:55:[m[K [01;36m[Knote: [m[K  ‘[01m[KEigen::VectorXd[m[K’ {aka ‘[01m[KEigen::Matrix<double, -1, 1>[m[K’} is not derived from ‘[01m[Kconst Eigen::TranspositionsBase<TranspositionsDerived>[m[K’
In file included from [01m[K/usr/include/eigen3/Eigen/Core:488[m[K,
                 from [01m[K/usr/include/kdl/jacobian.hpp:26[m[K,
                 from [01m[K/usr/include/kdl/jntarray.hpp:26[m[K,
                 from [01m[K/usr/include/kdl/chainidsolver.hpp:27[m[K,
                 from [01m[K/usr/include/kdl/chainidsolver_recursive_newton_euler.hpp:25[m[K,
                 from [01m[K/usr/include/kdl/chaindynparam.hpp:25[m[K,
                 from [01m[K/home/advrob/elfin_ws/src/edu-elfin_simulation/arm_controllers/src/velocity_controller.cpp:15[m[K:
[01m[K/usr/include/eigen3/Eigen/src/Core/Transpositions.h:350:1:[m[K [01;36m[Knote: [m[Kcandidate: ‘[01m[Ktemplate<class TranspositionsDerived, class MatrixDerived> const Eigen::Product<MatrixDerived, PermutationDerived, 2> Eigen::operator*(const Eigen::TranspositionsBase<TranspositionsDerived>&, const Eigen::MatrixBase<U>&)[m[K’
  350 | [01;36m[Koperator[m[K*(const TranspositionsBase<TranspositionsDerived> &transpositions,
      | [01;36m[K^~~~~~~~[m[K
[01m[K/usr/include/eigen3/Eigen/src/Core/Transpositions.h:350:1:[m[K [01;36m[Knote: [m[K  template argument deduction/substitution failed:
[01m[K/home/advrob/elfin_ws/src/edu-elfin_simulation/arm_controllers/src/velocity_controller.cpp:357:55:[m[K [01;36m[Knote: [m[K  mismatched types ‘[01m[Kconst Eigen::TranspositionsBase<TranspositionsDerived>[m[K’ and ‘[01m[KEigen::PlainObjectBase<Eigen::Matrix<double, -1, -1> >::Scalar* (Eigen::PlainObjectBase<Eigen::Matrix<double, -1, -1> >::*)()[m[K’ {aka ‘[01m[Kdouble* (Eigen::PlainObjectBase<Eigen::Matrix<double, -1, -1> >::*)()[m[K’}
  357 |             q_dot_cmd_.data = J_inv_.data * Vcmd_jnt_.[01;36m[Kdata[m[K;
      |                                                       [01;36m[K^~~~[m[K
[01m[K/home/advrob/elfin_ws/src/edu-elfin_simulation/arm_controllers/src/velocity_controller.cpp:357:55:[m[K [01;36m[Knote: [m[K  mismatched types ‘[01m[Kconst Eigen::TranspositionsBase<TranspositionsDerived>[m[K’ and ‘[01m[Kconst Scalar* (Eigen::PlainObjectBase<Eigen::Matrix<double, -1, -1> >::*)() const[m[K’ {aka ‘[01m[Kconst double* (Eigen::PlainObjectBase<Eigen::Matrix<double, -1, -1> >::*)() const[m[K’}
[01m[K/home/advrob/elfin_ws/src/edu-elfin_simulation/arm_controllers/src/velocity_controller.cpp:357:55:[m[K [01;36m[Knote: [m[K  couldn’t deduce template parameter ‘[01m[KTranspositionsDerived[m[K’
In file included from [01m[K/usr/include/eigen3/Eigen/Householder:24[m[K,
                 from [01m[K/usr/include/eigen3/Eigen/QR:17[m[K,
                 from [01m[K/usr/include/eigen3/Eigen/SVD:11[m[K,
                 from [01m[K/home/advrob/elfin_ws/src/edu-elfin_simulation/arm_controllers/include/utils/pseudo_inversion.h:10[m[K,
                 from [01m[K/home/advrob/elfin_ws/src/edu-elfin_simulation/arm_controllers/src/velocity_controller.cpp:24[m[K:
[01m[K/usr/include/eigen3/Eigen/src/Householder/HouseholderSequence.h:438:99:[m[K [01;36m[Knote: [m[Kcandidate: ‘[01m[Ktemplate<class OtherDerived, class VectorsType, class CoeffsType, int Side> typename Eigen::internal::matrix_type_times_scalar_type<typename VectorsType::Scalar, OtherDerived>::Type Eigen::operator*(const Eigen::MatrixBase<Derived>&, const Eigen::HouseholderSequence<VectorsType, CoeffsType, Side>&)[m[K’
  438 | typename internal::matrix_type_times_scalar_type<typename VectorsType::Scalar,OtherDerived>::Type [01;36m[Koperator[m[K*(const MatrixBase<OtherDerived>& other, const HouseholderSequence<VectorsType,CoeffsType,Side>& h)
      |                                                                                                   [01;36m[K^~~~~~~~[m[K
[01m[K/usr/include/eigen3/Eigen/src/Householder/HouseholderSequence.h:438:99:[m[K [01;36m[Knote: [m[K  template argument deduction/substitution failed:
[01m[K/home/advrob/elfin_ws/src/edu-elfin_simulation/arm_controllers/src/velocity_controller.cpp:357:55:[m[K [01;36m[Knote: [m[K  mismatched types ‘[01m[Kconst Eigen::MatrixBase<Derived>[m[K’ and ‘[01m[KEigen::PlainObjectBase<Eigen::Matrix<double, -1, -1> >::Scalar* (Eigen::PlainObjectBase<Eigen::Matrix<double, -1, -1> >::*)()[m[K’ {aka ‘[01m[Kdouble* (Eigen::PlainObjectBase<Eigen::Matrix<double, -1, -1> >::*)()[m[K’}
  357 |             q_dot_cmd_.data = J_inv_.data * Vcmd_jnt_.[01;36m[Kdata[m[K;
      |                                                       [01;36m[K^~~~[m[K
[01m[K/home/advrob/elfin_ws/src/edu-elfin_simulation/arm_controllers/src/velocity_controller.cpp:357:55:[m[K [01;36m[Knote: [m[K  mismatched types ‘[01m[Kconst Eigen::MatrixBase<Derived>[m[K’ and ‘[01m[Kconst Scalar* (Eigen::PlainObjectBase<Eigen::Matrix<double, -1, -1> >::*)() const[m[K’ {aka ‘[01m[Kconst double* (Eigen::PlainObjectBase<Eigen::Matrix<double, -1, -1> >::*)() const[m[K’}
[01m[K/home/advrob/elfin_ws/src/edu-elfin_simulation/arm_controllers/src/velocity_controller.cpp:357:55:[m[K [01;36m[Knote: [m[K  ‘[01m[KEigen::VectorXd[m[K’ {aka ‘[01m[KEigen::Matrix<double, -1, 1>[m[K’} is not derived from ‘[01m[Kconst Eigen::HouseholderSequence<VectorsType, CoeffsType, Side>[m[K’
In file included from [01m[K/usr/include/eigen3/Eigen/Core:88[m[K,
                 from [01m[K/usr/include/kdl/jacobian.hpp:26[m[K,
                 from [01m[K/usr/include/kdl/jntarray.hpp:26[m[K,
                 from [01m[K/usr/include/kdl/chainidsolver.hpp:27[m[K,
                 from [01m[K/usr/include/kdl/chainidsolver_recursive_newton_euler.hpp:25[m[K,
                 from [01m[K/usr/include/kdl/chaindynparam.hpp:25[m[K,
                 from [01m[K/home/advrob/elfin_ws/src/edu-elfin_simulation/arm_controllers/src/velocity_controller.cpp:15[m[K:
[01m[K/usr/include/eigen3/Eigen/src/plugins/CommonCwiseBinaryOps.h:50:1:[m[K [01;36m[Knote: [m[Kcandidate: ‘[01m[Ktemplate<class T> typename Eigen::internal::enable_if<true, const Eigen::CwiseBinaryOp<Eigen::internal::scalar_product_op<typename Eigen::internal::promote_scalar_arg<double, T, Eigen::internal::has_ReturnType<Eigen::ScalarBinaryOpTraits<T, double, Eigen::internal::scalar_product_op<T, double> > >::value>::type, double>, const typename Eigen::internal::plain_constant_type<Eigen::Matrix<double, -1, 1>, typename Eigen::internal::promote_scalar_arg<double, T, Eigen::internal::has_ReturnType<Eigen::ScalarBinaryOpTraits<T, double, Eigen::internal::scalar_product_op<T, double> > >::value>::type>::type, const Eigen::Matrix<double, -1, 1> > >::type Eigen::operator*(const T&, const StorageBaseType&)[m[K’
   50 | [01;36m[KEIGEN_MAKE_SCALAR_BINARY_OP[m[K(operator*,product)
      | [01;36m[K^~~~~~~~~~~~~~~~~~~~~~~~~~~[m[K
[01m[K/usr/include/eigen3/Eigen/src/plugins/CommonCwiseBinaryOps.h:50:1:[m[K [01;36m[Knote: [m[K  template argument deduction/substitution failed:
[01m[K/home/advrob/elfin_ws/src/edu-elfin_simulation/arm_controllers/src/velocity_controller.cpp:357:55:[m[K [01;36m[Knote: [m[K  couldn’t deduce template parameter ‘[01m[KT[m[K’
  357 |             q_dot_cmd_.data = J_inv_.data * Vcmd_jnt_.[01;36m[Kdata[m[K;
      |                                                       [01;36m[K^~~~[m[K
In file included from [01m[K/usr/include/eigen3/Eigen/Core:88[m[K,
                 from [01m[K/usr/include/kdl/jacobian.hpp:26[m[K,
                 from [01m[K/usr/include/kdl/jntarray.hpp:26[m[K,
                 from [01m[K/usr/include/kdl/chainidsolver.hpp:27[m[K,
                 from [01m[K/usr/include/kdl/chainidsolver_recursive_newton_euler.hpp:25[m[K,
                 from [01m[K/usr/include/kdl/chaindynparam.hpp:25[m[K,
                 from [01m[K/home/advrob/elfin_ws/src/edu-elfin_simulation/arm_controllers/src/velocity_controller.cpp:15[m[K:
[01m[K/usr/include/eigen3/Eigen/src/plugins/CommonCwiseBinaryOps.h:50:1:[m[K [01;36m[Knote: [m[Kcandidate: ‘[01m[Ktemplate<class T> typename Eigen::internal::enable_if<true, const Eigen::CwiseBinaryOp<Eigen::internal::scalar_product_op<typename Eigen::internal::promote_scalar_arg<double, T, Eigen::internal::has_ReturnType<Eigen::ScalarBinaryOpTraits<T, double, Eigen::internal::scalar_product_op<T, double> > >::value>::type, double>, const typename Eigen::internal::plain_constant_type<Eigen::Matrix<double, -1, -1>, typename Eigen::internal::promote_scalar_arg<double, T, Eigen::internal::has_ReturnType<Eigen::ScalarBinaryOpTraits<T, double, Eigen::internal::scalar_product_op<T, double> > >::value>::type>::type, const Eigen::Matrix<double, -1, -1> > >::type Eigen::operator*(const T&, const StorageBaseType&)[m[K’
   50 | [01;36m[KEIGEN_MAKE_SCALAR_BINARY_OP[m[K(operator*,product)
      | [01;36m[K^~~~~~~~~~~~~~~~~~~~~~~~~~~[m[K
[01m[K/usr/include/eigen3/Eigen/src/plugins/CommonCwiseBinaryOps.h:50:1:[m[K [01;36m[Knote: [m[K  template argument deduction/substitution failed:
[01m[K/home/advrob/elfin_ws/src/edu-elfin_simulation/arm_controllers/src/velocity_controller.cpp:357:55:[m[K [01;36m[Knote: [m[K  couldn’t deduce template parameter ‘[01m[KT[m[K’
  357 |             q_dot_cmd_.data = J_inv_.data * Vcmd_jnt_.[01;36m[Kdata[m[K;
      |                                                       [01;36m[K^~~~[m[K
make[2]: *** [CMakeFiles/arm_controllers.dir/build.make:141: CMakeFiles/arm_controllers.dir/src/velocity_controller.cpp.o] Error 1
make[1]: *** [CMakeFiles/Makefile2:385: CMakeFiles/arm_controllers.dir/all] Error 2
make: *** [Makefile:141: all] Error 2
