[01m[K/home/advrob/elfin_ws/src/edu-elfin_simulation/arm_controllers/src/velocity_controller.cpp:[m[K In member function ‘[01m[Kvirtual void arm_controllers::velocity_controller::update(const ros::Time&, const ros::Duration&)[m[K’:
[01m[K/home/advrob/elfin_ws/src/edu-elfin_simulation/arm_controllers/src/velocity_controller.cpp:322:41:[m[K [01;31m[Kerror: [m[Kno matching function for call to ‘[01m[KKDL::ChainFkSolverVel_recursive::JntToCart(KDL::JntArray&, KDL::Frame&)[m[K’
  322 |         fk_vel_solver_->JntToCart(q_, x_[01;31m[K)[m[K; //TODO
      |                                         [01;31m[K^[m[K
In file included from [01m[K/home/advrob/elfin_ws/src/edu-elfin_simulation/arm_controllers/src/velocity_controller.cpp:18[m[K:
[01m[K/usr/include/kdl/chainfksolvervel_recursive.hpp:43:21:[m[K [01;36m[Knote: [m[Kcandidate: ‘[01m[Kvirtual int KDL::ChainFkSolverVel_recursive::JntToCart(const KDL::JntArrayVel&, KDL::FrameVel&, int)[m[K’
   43 |         virtual int [01;36m[KJntToCart[m[K(const JntArrayVel& q_in,FrameVel& out,int segmentNr=-1);
      |                     [01;36m[K^~~~~~~~~[m[K
[01m[K/usr/include/kdl/chainfksolvervel_recursive.hpp:43:50:[m[K [01;36m[Knote: [m[K  no known conversion for argument 1 from ‘[01m[KKDL::JntArray[m[K’ to ‘[01m[Kconst KDL::JntArrayVel&[m[K’
   43 |         virtual int JntToCart([01;36m[Kconst JntArrayVel& q_in[m[K,FrameVel& out,int segmentNr=-1);
      |                               [01;36m[K~~~~~~~~~~~~~~~~~~~^~~~[m[K
[01m[K/usr/include/kdl/chainfksolvervel_recursive.hpp:44:21:[m[K [01;36m[Knote: [m[Kcandidate: ‘[01m[Kvirtual int KDL::ChainFkSolverVel_recursive::JntToCart(const KDL::JntArrayVel&, std::vector<KDL::FrameVel>&, int)[m[K’
   44 |         virtual int [01;36m[KJntToCart[m[K(const JntArrayVel& q_in,std::vector<FrameVel>& out,int segmentNr=-1);
      |                     [01;36m[K^~~~~~~~~[m[K
[01m[K/usr/include/kdl/chainfksolvervel_recursive.hpp:44:50:[m[K [01;36m[Knote: [m[K  no known conversion for argument 1 from ‘[01m[KKDL::JntArray[m[K’ to ‘[01m[Kconst KDL::JntArrayVel&[m[K’
   44 |         virtual int JntToCart([01;36m[Kconst JntArrayVel& q_in[m[K,std::vector<FrameVel>& out,int segmentNr=-1);
      |                               [01;36m[K~~~~~~~~~~~~~~~~~~~^~~~[m[K
[01m[K/home/advrob/elfin_ws/src/edu-elfin_simulation/arm_controllers/src/velocity_controller.cpp:453:28:[m[K [01;31m[Kerror: [m[Kexpected primary-expression before ‘[01m[K;[m[K’ token
  453 |         Kp_ = KDL::JntArray[01;31m[K;[m[K
      |                            [01;31m[K^[m[K
make[2]: *** [CMakeFiles/arm_controllers.dir/build.make:141: CMakeFiles/arm_controllers.dir/src/velocity_controller.cpp.o] Error 1
make[1]: *** [CMakeFiles/Makefile2:385: CMakeFiles/arm_controllers.dir/all] Error 2
make: *** [Makefile:141: all] Error 2
