[01m[K/home/advrob/elfin_ws/src/edu-elfin_simulation/arm_controllers/src/velocity_controller.cpp:[m[K In member function ‘[01m[Kvirtual bool arm_controllers::velocity_controller::init(hardware_interface::EffortJointInterface*, ros::NodeHandle&)[m[K’:
[01m[K/home/advrob/elfin_ws/src/edu-elfin_simulation/arm_controllers/src/velocity_controller.cpp:234:34:[m[K [01;31m[Kerror: [m[Kexpected type-specifier
  234 |         fk_vel_solver_.reset(new [01;31m[KKDL[m[K::ChainFkSolverVel_recursive(kdl_chain_));
      |                                  [01;31m[K^~~[m[K
[01m[K/home/advrob/elfin_ws/src/edu-elfin_simulation/arm_controllers/src/velocity_controller.cpp:[m[K In member function ‘[01m[Kvirtual void arm_controllers::velocity_controller::update(const ros::Time&, const ros::Duration&)[m[K’:
[01m[K/home/advrob/elfin_ws/src/edu-elfin_simulation/arm_controllers/src/velocity_controller.cpp:323:47:[m[K [01;31m[Kerror: [m[Kno matching function for call to ‘[01m[KKDL::ChainFkSolverVel::JntToCart(KDL::JntArray&, Eigen::Matrix<double, 6, 1, 0, 6, 1>&)[m[K’
  323 |         fk_vel_solver_->JntToCart(qdot_, xdot_[01;31m[K)[m[K;
      |                                               [01;31m[K^[m[K
In file included from [01m[K/usr/include/kdl/chainfksolverpos_recursive.hpp:25[m[K,
                 from [01m[K/home/advrob/elfin_ws/src/edu-elfin_simulation/arm_controllers/src/velocity_controller.cpp:17[m[K:
[01m[K/usr/include/kdl/chainfksolver.hpp:85:21:[m[K [01;36m[Knote: [m[Kcandidate: ‘[01m[Kvirtual int KDL::ChainFkSolverVel::JntToCart(const KDL::JntArrayVel&, KDL::FrameVel&, int)[m[K’
   85 |         virtual int [01;36m[KJntToCart[m[K(const JntArrayVel& q_in, FrameVel& out,int segmentNr=-1)=0;
      |                     [01;36m[K^~~~~~~~~[m[K
[01m[K/usr/include/kdl/chainfksolver.hpp:85:50:[m[K [01;36m[Knote: [m[K  no known conversion for argument 1 from ‘[01m[KKDL::JntArray[m[K’ to ‘[01m[Kconst KDL::JntArrayVel&[m[K’
   85 |         virtual int JntToCart([01;36m[Kconst JntArrayVel& q_in[m[K, FrameVel& out,int segmentNr=-1)=0;
      |                               [01;36m[K~~~~~~~~~~~~~~~~~~~^~~~[m[K
[01m[K/usr/include/kdl/chainfksolver.hpp:95:21:[m[K [01;36m[Knote: [m[Kcandidate: ‘[01m[Kvirtual int KDL::ChainFkSolverVel::JntToCart(const KDL::JntArrayVel&, std::vector<KDL::FrameVel>&, int)[m[K’
   95 |         virtual int [01;36m[KJntToCart[m[K(const JntArrayVel& q_in, std::vector<KDL::FrameVel>& out,int segmentNr=-1)=0;
      |                     [01;36m[K^~~~~~~~~[m[K
[01m[K/usr/include/kdl/chainfksolver.hpp:95:50:[m[K [01;36m[Knote: [m[K  no known conversion for argument 1 from ‘[01m[KKDL::JntArray[m[K’ to ‘[01m[Kconst KDL::JntArrayVel&[m[K’
   95 |         virtual int JntToCart([01;36m[Kconst JntArrayVel& q_in[m[K, std::vector<KDL::FrameVel>& out,int segmentNr=-1)=0;
      |                               [01;36m[K~~~~~~~~~~~~~~~~~~~^~~~[m[K
make[2]: *** [CMakeFiles/arm_controllers.dir/build.make:141: CMakeFiles/arm_controllers.dir/src/velocity_controller.cpp.o] Error 1
make[1]: *** [CMakeFiles/Makefile2:385: CMakeFiles/arm_controllers.dir/all] Error 2
make: *** [Makefile:141: all] Error 2
