[01m[K/home/advrob/elfin_ws/src/edu-elfin_simulation/arm_controllers/src/reactive_controller.cpp:[m[K In member function ‘[01m[Kvirtual bool arm_controllers::reactive_controller::init(hardware_interface::EffortJointInterface*, ros::NodeHandle&)[m[K’:
[01m[K/home/advrob/elfin_ws/src/edu-elfin_simulation/arm_controllers/src/reactive_controller.cpp:245:97:[m[K [01;31m[Kerror: [m[Kexpected ‘[01m[K;[m[K’ before ‘[01m[Kreturn[m[K’
  245 |         n.getParam("/elfin/computed_torque_clik_controller/clik_gain/K_UNIVERSAL", K_universal_)
      |                                                                                                 [01;31m[K^[m[K
      |                                                                                                 [32m[K;[m[K
  246 | 
  247 |         [32m[Kreturn[m[K true;
      |         [32m[K~~~~~~[m[K                                                                                   
[01m[K/home/advrob/elfin_ws/src/edu-elfin_simulation/arm_controllers/src/reactive_controller.cpp:[m[K In member function ‘[01m[Kvirtual void arm_controllers::reactive_controller::update(const ros::Time&, const ros::Duration&)[m[K’:
[01m[K/home/advrob/elfin_ws/src/edu-elfin_simulation/arm_controllers/src/reactive_controller.cpp:405:50:[m[K [01;31m[Kerror: [m[Kexpected ‘[01m[K;[m[K’ before ‘[01m[K)[m[K’ token
  405 |             for (size_t i = 0; i < n_joints_, i++[01;31m[K)[m[K
      |                                                  [01;31m[K^[m[K
      |                                                  [32m[K;[m[K
[01m[K/home/advrob/elfin_ws/src/edu-elfin_simulation/arm_controllers/src/reactive_controller.cpp:427:50:[m[K [01;31m[Kerror: [m[Kexpected ‘[01m[K;[m[K’ before ‘[01m[K)[m[K’ token
  427 |             for (size_t i = 0; i < n_joints_, i++[01;31m[K)[m[K
      |                                                  [01;31m[K^[m[K
      |                                                  [32m[K;[m[K
[01m[K/home/advrob/elfin_ws/src/edu-elfin_simulation/arm_controllers/src/reactive_controller.cpp:433:46:[m[K [01;31m[Kerror: [m[Kno match for ‘[01m[Koperator=[m[K’ (operand types are ‘[01m[KKDL::Jacobian[m[K’ and ‘[01m[KEigen::Transpose<Eigen::Matrix<double, 6, -1> >[m[K’)
  433 |             J_transpose_ = J_.data.transpose([01;31m[K)[m[K;     // JT
      |                                              [01;31m[K^[m[K
In file included from [01m[K/usr/include/kdl/jntarray.hpp:26[m[K,
                 from [01m[K/usr/include/kdl/chainidsolver.hpp:27[m[K,
                 from [01m[K/usr/include/kdl/chainidsolver_recursive_newton_euler.hpp:25[m[K,
                 from [01m[K/usr/include/kdl/chaindynparam.hpp:25[m[K,
                 from [01m[K/home/advrob/elfin_ws/src/edu-elfin_simulation/arm_controllers/src/reactive_controller.cpp:16[m[K:
[01m[K/usr/include/kdl/jacobian.hpp:50:19:[m[K [01;36m[Knote: [m[Kcandidate: ‘[01m[KKDL::Jacobian& KDL::Jacobian::operator=(const KDL::Jacobian&)[m[K’
   50 |         Jacobian& [01;36m[Koperator[m[K=(const Jacobian& arg);
      |                   [01;36m[K^~~~~~~~[m[K
[01m[K/usr/include/kdl/jacobian.hpp:50:45:[m[K [01;36m[Knote: [m[K  no known conversion for argument 1 from ‘[01m[KEigen::Transpose<Eigen::Matrix<double, 6, -1> >[m[K’ to ‘[01m[Kconst KDL::Jacobian&[m[K’
   50 |         Jacobian& operator=([01;36m[Kconst Jacobian& arg[m[K);
      |                             [01;36m[K~~~~~~~~~~~~~~~~^~~[m[K
[01m[K/home/advrob/elfin_ws/src/edu-elfin_simulation/arm_controllers/src/reactive_controller.cpp:434:38:[m[K [01;31m[Kerror: [m[Kno match for ‘[01m[Koperator=[m[K’ (operand types are ‘[01m[KKDL::Jacobian[m[K’ and ‘[01m[Kconst Eigen::Inverse<Eigen::Matrix<double, 6, -1> >[m[K’)
  434 |             J_inv_ = J_.data.inverse([01;31m[K)[m[K;             // Jinv
      |                                      [01;31m[K^[m[K
In file included from [01m[K/usr/include/kdl/jntarray.hpp:26[m[K,
                 from [01m[K/usr/include/kdl/chainidsolver.hpp:27[m[K,
                 from [01m[K/usr/include/kdl/chainidsolver_recursive_newton_euler.hpp:25[m[K,
                 from [01m[K/usr/include/kdl/chaindynparam.hpp:25[m[K,
                 from [01m[K/home/advrob/elfin_ws/src/edu-elfin_simulation/arm_controllers/src/reactive_controller.cpp:16[m[K:
[01m[K/usr/include/kdl/jacobian.hpp:50:19:[m[K [01;36m[Knote: [m[Kcandidate: ‘[01m[KKDL::Jacobian& KDL::Jacobian::operator=(const KDL::Jacobian&)[m[K’
   50 |         Jacobian& [01;36m[Koperator[m[K=(const Jacobian& arg);
      |                   [01;36m[K^~~~~~~~[m[K
[01m[K/usr/include/kdl/jacobian.hpp:50:45:[m[K [01;36m[Knote: [m[K  no known conversion for argument 1 from ‘[01m[Kconst Eigen::Inverse<Eigen::Matrix<double, 6, -1> >[m[K’ to ‘[01m[Kconst KDL::Jacobian&[m[K’
   50 |         Jacobian& operator=([01;36m[Kconst Jacobian& arg[m[K);
      |                             [01;36m[K~~~~~~~~~~~~~~~~^~~[m[K
[01m[K/home/advrob/elfin_ws/src/edu-elfin_simulation/arm_controllers/src/reactive_controller.cpp:436:59:[m[K [01;31m[Kerror: [m[K‘[01m[KK_tracking_[m[K’ was not declared in this scope
  436 |             qd_.data = qd_old_.data + J_inv_ * (xd_dot_ + [01;31m[KK_tracking_[m[K * ex_) * dt;
      |                                                           [01;31m[K^~~~~~~~~~~[m[K
[01m[K/home/advrob/elfin_ws/src/edu-elfin_simulation/arm_controllers/src/reactive_controller.cpp:[m[K In member function ‘[01m[Kvirtual bool arm_controllers::reactive_controller::init(hardware_interface::EffortJointInterface*, ros::NodeHandle&)[m[K’:
[01m[K/home/advrob/elfin_ws/src/edu-elfin_simulation/arm_controllers/src/reactive_controller.cpp:248:5:[m[K [01;35m[Kwarning: [m[Kcontrol reaches end of non-void function [[01;35m[K-Wreturn-type[m[K]
  248 |     [01;35m[K}[m[K
      |     [01;35m[K^[m[K
make[2]: *** [CMakeFiles/arm_controllers.dir/build.make:154: CMakeFiles/arm_controllers.dir/src/reactive_controller.cpp.o] Error 1
make[1]: *** [CMakeFiles/Makefile2:385: CMakeFiles/arm_controllers.dir/all] Error 2
make: *** [Makefile:141: all] Error 2
