[01m[K/home/advrob/elfin_ws/src/edu-elfin_simulation/arm_controllers/src/reactive_controller.cpp:[m[K In member function ‘[01m[Kstd::string arm_controllers::reactive_controller::keyCmd(const ConstPtr&)[m[K’:
[01m[K/home/advrob/elfin_ws/src/edu-elfin_simulation/arm_controllers/src/reactive_controller.cpp:248:33:[m[K [01;35m[Kwarning: [m[Kformat not a string literal and no format arguments [[01;35m[K-Wformat-security[m[K]
  248 |         printf(msg->data.c_str()[01;35m[K)[m[K;
      |                                 [01;35m[K^[m[K
[01m[K/home/advrob/elfin_ws/src/edu-elfin_simulation/arm_controllers/src/reactive_controller.cpp:251:33:[m[K [01;31m[Kerror: [m[Kinvalid use of non-static member function ‘[01m[Kconst _CharT* std::__cxx11::basic_string<_CharT, _Traits, _Alloc>::c_str() const [with _CharT = char; _Traits = std::char_traits<char>; _Alloc = std::allocator<char>][m[K’
  251 |         task_string = msg->data.[01;31m[Kc_str[m[K;
      |                                 [01;31m[K^~~~~[m[K
In file included from [01m[K/usr/include/c++/9/string:55[m[K,
                 from [01m[K/opt/ros/noetic/include/ros/forwards.h:31[m[K,
                 from [01m[K/opt/ros/noetic/include/ros/node_handle.h:31[m[K,
                 from [01m[K/opt/ros/noetic/include/controller_interface/controller_base.h:35[m[K,
                 from [01m[K/opt/ros/noetic/include/controller_interface/controller.h:35[m[K,
                 from [01m[K/home/advrob/elfin_ws/src/edu-elfin_simulation/arm_controllers/src/reactive_controller.cpp:2[m[K:
[01m[K/usr/include/c++/9/bits/basic_string.h:2304:7:[m[K [01;36m[Knote: [m[Kdeclared here
 2304 |       [01;36m[Kc_str[m[K() const _GLIBCXX_NOEXCEPT
      |       [01;36m[K^~~~~[m[K
[01m[K/home/advrob/elfin_ws/src/edu-elfin_simulation/arm_controllers/src/reactive_controller.cpp:252:5:[m[K [01;35m[Kwarning: [m[Kno return statement in function returning non-void [[01;35m[K-Wreturn-type[m[K]
  252 |     [01;35m[K}[m[K
      |     [01;35m[K^[m[K
[01m[K/home/advrob/elfin_ws/src/edu-elfin_simulation/arm_controllers/src/reactive_controller.cpp:[m[K In member function ‘[01m[Kvirtual void arm_controllers::reactive_controller::update(const ros::Time&, const ros::Duration&)[m[K’:
[01m[K/home/advrob/elfin_ws/src/edu-elfin_simulation/arm_controllers/src/reactive_controller.cpp:320:16:[m[K [01;31m[Kerror: [m[K‘[01m[Khash[m[K’ was not declared in this scope
  320 |         switch([01;31m[Khash[m[K(task_string)) {
      |                [01;31m[K^~~~[m[K
[01m[K/home/advrob/elfin_ws/src/edu-elfin_simulation/arm_controllers/src/reactive_controller.cpp:320:16:[m[K [01;36m[Knote: [m[Ksuggested alternatives:
In file included from [01m[K/usr/include/c++/9/bits/basic_string.h:6722[m[K,
                 from [01m[K/usr/include/c++/9/string:55[m[K,
                 from [01m[K/opt/ros/noetic/include/ros/forwards.h:31[m[K,
                 from [01m[K/opt/ros/noetic/include/ros/node_handle.h:31[m[K,
                 from [01m[K/opt/ros/noetic/include/controller_interface/controller_base.h:35[m[K,
                 from [01m[K/opt/ros/noetic/include/controller_interface/controller.h:35[m[K,
                 from [01m[K/home/advrob/elfin_ws/src/edu-elfin_simulation/arm_controllers/src/reactive_controller.cpp:2[m[K:
[01m[K/usr/include/c++/9/bits/functional_hash.h:58:12:[m[K [01;36m[Knote: [m[K  ‘[01m[Kstd::hash[m[K’
   58 |     struct [01;36m[Khash[m[K;
      |            [01;36m[K^~~~[m[K
In file included from [01m[K/usr/include/boost/shared_ptr.hpp:17[m[K,
                 from [01m[K/opt/ros/noetic/include/ros/forwards.h:37[m[K,
                 from [01m[K/opt/ros/noetic/include/ros/node_handle.h:31[m[K,
                 from [01m[K/opt/ros/noetic/include/controller_interface/controller_base.h:35[m[K,
                 from [01m[K/opt/ros/noetic/include/controller_interface/controller.h:35[m[K,
                 from [01m[K/home/advrob/elfin_ws/src/edu-elfin_simulation/arm_controllers/src/reactive_controller.cpp:2[m[K:
[01m[K/usr/include/boost/smart_ptr/shared_ptr.hpp:1149:28:[m[K [01;36m[Knote: [m[K  ‘[01m[Kboost::hash[m[K’
 1149 | template< class T > struct [01;36m[Khash[m[K;
      |                            [01;36m[K^~~~[m[K
make[2]: *** [CMakeFiles/arm_controllers.dir/build.make:154: CMakeFiles/arm_controllers.dir/src/reactive_controller.cpp.o] Error 1
make[1]: *** [CMakeFiles/Makefile2:385: CMakeFiles/arm_controllers.dir/all] Error 2
make: *** [Makefile:141: all] Error 2
