[01m[K/home/advrob/elfin_ws/src/edu-elfin_simulation/arm_controllers/src/reactive_controller.cpp:[m[K In member function ‘[01m[Kvoid arm_controllers::reactive_controller::keyCmd(const ConstPtr&)[m[K’:
[01m[K/home/advrob/elfin_ws/src/edu-elfin_simulation/arm_controllers/src/reactive_controller.cpp:249:33:[m[K [01;35m[Kwarning: [m[Kformat not a string literal and no format arguments [[01;35m[K-Wformat-security[m[K]
  249 |         printf(msg->data.c_str()[01;35m[K)[m[K;
      |                                 [01;35m[K^[m[K
[01m[K/home/advrob/elfin_ws/src/edu-elfin_simulation/arm_controllers/src/reactive_controller.cpp:[m[K In member function ‘[01m[Kvoid arm_controllers::reactive_controller::burgerPasser(const string&)[m[K’:
[01m[K/home/advrob/elfin_ws/src/edu-elfin_simulation/arm_controllers/src/reactive_controller.cpp:263:22:[m[K [01;31m[Kerror: [m[Kaggregate ‘[01m[Kstd::fstream newfile[m[K’ has incomplete type and cannot be defined
  263 |         std::fstream [01;31m[Knewfile[m[K;
      |                      [01;31m[K^~~~~~~[m[K
[01m[K/home/advrob/elfin_ws/src/edu-elfin_simulation/arm_controllers/src/reactive_controller.cpp:264:36:[m[K [01;31m[Kerror: [m[K‘[01m[Kios[m[K’ has not been declared
  264 |         newfile.open("burger_key", [01;31m[Kios[m[K::out);
      |                                    [01;31m[K^~~[m[K
[01m[K/home/advrob/elfin_ws/src/edu-elfin_simulation/arm_controllers/src/reactive_controller.cpp:268:20:[m[K [01;31m[Kerror: [m[Kcannot convert ‘[01m[Kstd::string[m[K’ {aka ‘[01m[Kstd::__cxx11::basic_string<char>[m[K’} to ‘[01m[Kconst char*[m[K’
  268 |             printf([01;31m[Ktext[m[K);
      |                    [01;31m[K^~~~[m[K
      |                    [01;31m[K|[m[K
      |                    [01;31m[Kstd::string {aka std::__cxx11::basic_string<char>}[m[K
In file included from [01m[K/usr/include/c++/9/cstdio:42[m[K,
                 from [01m[K/usr/include/c++/9/ext/string_conversions.h:43[m[K,
                 from [01m[K/usr/include/c++/9/bits/basic_string.h:6496[m[K,
                 from [01m[K/usr/include/c++/9/string:55[m[K,
                 from [01m[K/opt/ros/noetic/include/ros/forwards.h:31[m[K,
                 from [01m[K/opt/ros/noetic/include/ros/node_handle.h:31[m[K,
                 from [01m[K/opt/ros/noetic/include/controller_interface/controller_base.h:35[m[K,
                 from [01m[K/opt/ros/noetic/include/controller_interface/controller.h:35[m[K,
                 from [01m[K/home/advrob/elfin_ws/src/edu-elfin_simulation/arm_controllers/src/reactive_controller.cpp:2[m[K:
[01m[K/usr/include/stdio.h:332:43:[m[K [01;36m[Knote: [m[K  initializing argument 1 of ‘[01m[Kint printf(const char*, ...)[m[K’
  332 | extern int printf ([01;36m[Kconst char *__restrict __format[m[K, ...);
      |                    [01;36m[K~~~~~~~~~~~~~~~~~~~~~~~^~~~~~~~[m[K
[01m[K/home/advrob/elfin_ws/src/edu-elfin_simulation/arm_controllers/src/reactive_controller.cpp:272:34:[m[K [01;31m[Kerror: [m[Kno match for ‘[01m[Koperator==[m[K’ (operand types are ‘[01m[Kchar[m[K’ and ‘[01m[Kconst string[m[K’ {aka ‘[01m[Kconst std::__cxx11::basic_string<char>[m[K’})
  272 |         change_trajectory = [32m[Ktext[m[K [01;31m[K==[m[K [34m[KKEY[m[K;
      |                             [32m[K~~~~[m[K [01;31m[K^~[m[K [34m[K~~~[m[K
      |                             [32m[K|[m[K       [34m[K|[m[K
      |                             [32m[Kchar[m[K    [34m[Kconst string {aka const std::__cxx11::basic_string<char>}[m[K
In file included from [01m[K/usr/include/c++/9/bits/stl_algobase.h:64[m[K,
                 from [01m[K/usr/include/c++/9/bits/char_traits.h:39[m[K,
                 from [01m[K/usr/include/c++/9/string:40[m[K,
                 from [01m[K/opt/ros/noetic/include/ros/forwards.h:31[m[K,
                 from [01m[K/opt/ros/noetic/include/ros/node_handle.h:31[m[K,
                 from [01m[K/opt/ros/noetic/include/controller_interface/controller_base.h:35[m[K,
                 from [01m[K/opt/ros/noetic/include/controller_interface/controller.h:35[m[K,
                 from [01m[K/home/advrob/elfin_ws/src/edu-elfin_simulation/arm_controllers/src/reactive_controller.cpp:2[m[K:
[01m[K/usr/include/c++/9/bits/stl_pair.h:448:5:[m[K [01;36m[Knote: [m[Kcandidate: ‘[01m[Ktemplate<class _T1, class _T2> constexpr bool std::operator==(const std::pair<_T1, _T2>&, const std::pair<_T1, _T2>&)[m[K’
  448 |     [01;36m[Koperator[m[K==(const pair<_T1, _T2>& __x, const pair<_T1, _T2>& __y)
      |     [01;36m[K^~~~~~~~[m[K
[01m[K/usr/include/c++/9/bits/stl_pair.h:448:5:[m[K [01;36m[Knote: [m[K  template argument deduction/substitution failed:
[01m[K/home/advrob/elfin_ws/src/edu-elfin_simulation/arm_controllers/src/reactive_controller.cpp:272:37:[m[K [01;36m[Knote: [m[K  mismatched types ‘[01m[Kconst std::pair<_T1, _T2>[m[K’ and ‘[01m[Kchar[m[K’
  272 |         change_trajectory = text == [01;36m[KKEY[m[K;
      |                                     [01;36m[K^~~[m[K
In file included from [01m[K/usr/include/c++/9/bits/stl_algobase.h:67[m[K,
                 from [01m[K/usr/include/c++/9/bits/char_traits.h:39[m[K,
                 from [01m[K/usr/include/c++/9/string:40[m[K,
                 from [01m[K/opt/ros/noetic/include/ros/forwards.h:31[m[K,
                 from [01m[K/opt/ros/noetic/include/ros/node_handle.h:31[m[K,
                 from [01m[K/opt/ros/noetic/include/controller_interface/controller_base.h:35[m[K,
                 from [01m[K/opt/ros/noetic/include/controller_interface/controller.h:35[m[K,
                 from [01m[K/home/advrob/elfin_ws/src/edu-elfin_simulation/arm_controllers/src/reactive_controller.cpp:2[m[K:
[01m[K/usr/include/c++/9/bits/stl_iterator.h:325:5:[m[K [01;36m[Knote: [m[Kcandidate: ‘[01m[Ktemplate<class _Iterator> bool std::operator==(const std::reverse_iterator<_Iterator>&, const std::reverse_iterator<_Iterator>&)[m[K’
  325 |     [01;36m[Koperator[m[K==(const reverse_iterator<_Iterator>& __x,
      |     [01;36m[K^~~~~~~~[m[K
[01m[K/usr/include/c++/9/bits/stl_iterator.h:325:5:[m[K [01;36m[Knote: [m[K  template argument deduction/substitution failed:
[01m[K/home/advrob/elfin_ws/src/edu-elfin_simulation/arm_controllers/src/reactive_controller.cpp:272:37:[m[K [01;36m[Knote: [m[K  mismatched types ‘[01m[Kconst std::reverse_iterator<_Iterator>[m[K’ and ‘[01m[Kchar[m[K’
  272 |         change_trajectory = text == [01;36m[KKEY[m[K;
      |                                     [01;36m[K^~~[m[K
In file included from [01m[K/usr/include/c++/9/bits/stl_algobase.h:67[m[K,
                 from [01m[K/usr/include/c++/9/bits/char_traits.h:39[m[K,
                 from [01m[K/usr/include/c++/9/string:40[m[K,
                 from [01m[K/opt/ros/noetic/include/ros/forwards.h:31[m[K,
                 from [01m[K/opt/ros/noetic/include/ros/node_handle.h:31[m[K,
                 from [01m[K/opt/ros/noetic/include/controller_interface/controller_base.h:35[m[K,
                 from [01m[K/opt/ros/noetic/include/controller_interface/controller.h:35[m[K,
                 from [01m[K/home/advrob/elfin_ws/src/edu-elfin_simulation/arm_controllers/src/reactive_controller.cpp:2[m[K:
[01m[K/usr/include/c++/9/bits/stl_iterator.h:363:5:[m[K [01;36m[Knote: [m[Kcandidate: ‘[01m[Ktemplate<class _IteratorL, class _IteratorR> bool std::operator==(const std::reverse_iterator<_Iterator>&, const std::reverse_iterator<_IteratorR>&)[m[K’
  363 |     [01;36m[Koperator[m[K==(const reverse_iterator<_IteratorL>& __x,
      |     [01;36m[K^~~~~~~~[m[K
[01m[K/usr/include/c++/9/bits/stl_iterator.h:363:5:[m[K [01;36m[Knote: [m[K  template argument deduction/substitution failed:
[01m[K/home/advrob/elfin_ws/src/edu-elfin_simulation/arm_controllers/src/reactive_controller.cpp:272:37:[m[K [01;36m[Knote: [m[K  mismatched types ‘[01m[Kconst std::reverse_iterator<_Iterator>[m[K’ and ‘[01m[Kchar[m[K’
  272 |         change_trajectory = text == [01;36m[KKEY[m[K;
      |                                     [01;36m[K^~~[m[K
In file included from [01m[K/usr/include/c++/9/bits/stl_algobase.h:67[m[K,
                 from [01m[K/usr/include/c++/9/bits/char_traits.h:39[m[K,
                 from [01m[K/usr/include/c++/9/string:40[m[K,
                 from [01m[K/opt/ros/noetic/include/ros/forwards.h:31[m[K,
                 from [01m[K/opt/ros/noetic/include/ros/node_handle.h:31[m[K,
                 from [01m[K/opt/ros/noetic/include/controller_interface/controller_base.h:35[m[K,
                 from [01m[K/opt/ros/noetic/include/controller_interface/controller.h:35[m[K,
                 from [01m[K/home/advrob/elfin_ws/src/edu-elfin_simulation/arm_controllers/src/reactive_controller.cpp:2[m[K:
[01m[K/usr/include/c++/9/bits/stl_iterator.h:1136:5:[m[K [01;36m[Knote: [m[Kcandidate: ‘[01m[Ktemplate<class _IteratorL, class _IteratorR> bool std::operator==(const std::move_iterator<_IteratorL>&, const std::move_iterator<_IteratorR>&)[m[K’
 1136 |     [01;36m[Koperator[m[K==(const move_iterator<_IteratorL>& __x,
      |     [01;36m[K^~~~~~~~[m[K
[01m[K/usr/include/c++/9/bits/stl_iterator.h:1136:5:[m[K [01;36m[Knote: [m[K  template argument deduction/substitution failed:
[01m[K/home/advrob/elfin_ws/src/edu-elfin_simulation/arm_controllers/src/reactive_controller.cpp:272:37:[m[K [01;36m[Knote: [m[K  mismatched types ‘[01m[Kconst std::move_iterator<_IteratorL>[m[K’ and ‘[01m[Kchar[m[K’
  272 |         change_trajectory = text == [01;36m[KKEY[m[K;
      |                                     [01;36m[K^~~[m[K
In file included from [01m[K/usr/include/c++/9/bits/stl_algobase.h:67[m[K,
                 from [01m[K/usr/include/c++/9/bits/char_traits.h:39[m[K,
                 from [01m[K/usr/include/c++/9/string:40[m[K,
                 from [01m[K/opt/ros/noetic/include/ros/forwards.h:31[m[K,
                 from [01m[K/opt/ros/noetic/include/ros/node_handle.h:31[m[K,
                 from [01m[K/opt/ros/noetic/include/controller_interface/controller_base.h:35[m[K,
                 from [01m[K/opt/ros/noetic/include/controller_interface/controller.h:35[m[K,
                 from [01m[K/home/advrob/elfin_ws/src/edu-elfin_simulation/arm_controllers/src/reactive_controller.cpp:2[m[K:
[01m[K/usr/include/c++/9/bits/stl_iterator.h:1142:5:[m[K [01;36m[Knote: [m[Kcandidate: ‘[01m[Ktemplate<class _Iterator> bool std::operator==(const std::move_iterator<_IteratorL>&, const std::move_iterator<_IteratorL>&)[m[K’
 1142 |     [01;36m[Koperator[m[K==(const move_iterator<_Iterator>& __x,
      |     [01;36m[K^~~~~~~~[m[K
[01m[K/usr/include/c++/9/bits/stl_iterator.h:1142:5:[m[K [01;36m[Knote: [m[K  template argument deduction/substitution failed:
[01m[K/home/advrob/elfin_ws/src/edu-elfin_simulation/arm_controllers/src/reactive_controller.cpp:272:37:[m[K [01;36m[Knote: [m[K  mismatched types ‘[01m[Kconst std::move_iterator<_IteratorL>[m[K’ and ‘[01m[Kchar[m[K’
  272 |         change_trajectory = text == [01;36m[KKEY[m[K;
      |                                     [01;36m[K^~~[m[K
In file included from [01m[K/usr/include/c++/9/bits/char_traits.h:40[m[K,
                 from [01m[K/usr/include/c++/9/string:40[m[K,
                 from [01m[K/opt/ros/noetic/include/ros/forwards.h:31[m[K,
                 from [01m[K/opt/ros/noetic/include/ros/node_handle.h:31[m[K,
                 from [01m[K/opt/ros/noetic/include/controller_interface/controller_base.h:35[m[K,
                 from [01m[K/opt/ros/noetic/include/controller_interface/controller.h:35[m[K,
                 from [01m[K/home/advrob/elfin_ws/src/edu-elfin_simulation/arm_controllers/src/reactive_controller.cpp:2[m[K:
[01m[K/usr/include/c++/9/bits/postypes.h:222:5:[m[K [01;36m[Knote: [m[Kcandidate: ‘[01m[Ktemplate<class _StateT> bool std::operator==(const std::fpos<_StateT>&, const std::fpos<_StateT>&)[m[K’
  222 |     [01;36m[Koperator[m[K==(const fpos<_StateT>& __lhs, const fpos<_StateT>& __rhs)
      |     [01;36m[K^~~~~~~~[m[K
[01m[K/usr/include/c++/9/bits/postypes.h:222:5:[m[K [01;36m[Knote: [m[K  template argument deduction/substitution failed:
[01m[K/home/advrob/elfin_ws/src/edu-elfin_simulation/arm_controllers/src/reactive_controller.cpp:272:37:[m[K [01;36m[Knote: [m[K  mismatched types ‘[01m[Kconst std::fpos<_StateT>[m[K’ and ‘[01m[Kchar[m[K’
  272 |         change_trajectory = text == [01;36m[KKEY[m[K;
      |                                     [01;36m[K^~~[m[K
In file included from [01m[K/usr/include/c++/9/string:41[m[K,
                 from [01m[K/opt/ros/noetic/include/ros/forwards.h:31[m[K,
                 from [01m[K/opt/ros/noetic/include/ros/node_handle.h:31[m[K,
                 from [01m[K/opt/ros/noetic/include/controller_interface/controller_base.h:35[m[K,
                 from [01m[K/opt/ros/noetic/include/controller_interface/controller.h:35[m[K,
                 from [01m[K/home/advrob/elfin_ws/src/edu-elfin_simulation/arm_controllers/src/reactive_controller.cpp:2[m[K:
[01m[K/usr/include/c++/9/bits/allocator.h:167:5:[m[K [01;36m[Knote: [m[Kcandidate: ‘[01m[Ktemplate<class _T1, class _T2> bool std::operator==(const std::allocator<_CharT>&, const std::allocator<_T2>&)[m[K’
  167 |     [01;36m[Koperator[m[K==(const allocator<_T1>&, const allocator<_T2>&)
      |     [01;36m[K^~~~~~~~[m[K
[01m[K/usr/include/c++/9/bits/allocator.h:167:5:[m[K [01;36m[Knote: [m[K  template argument deduction/substitution failed:
[01m[K/home/advrob/elfin_ws/src/edu-elfin_simulation/arm_controllers/src/reactive_controller.cpp:272:37:[m[K [01;36m[Knote: [m[K  mismatched types ‘[01m[Kconst std::allocator<_CharT>[m[K’ and ‘[01m[Kchar[m[K’
  272 |         change_trajectory = text == [01;36m[KKEY[m[K;
      |                                     [01;36m[K^~~[m[K
In file included from [01m[K/usr/include/c++/9/string:55[m[K,
                 from [01m[K/opt/ros/noetic/include/ros/forwards.h:31[m[K,
                 from [01m[K/opt/ros/noetic/include/ros/node_handle.h:31[m[K,
                 from [01m[K/opt/ros/noetic/include/controller_interface/controller_base.h:35[m[K,
                 from [01m[K/opt/ros/noetic/include/controller_interface/controller.h:35[m[K,
                 from [01m[K/home/advrob/elfin_ws/src/edu-elfin_simulation/arm_controllers/src/reactive_controller.cpp:2[m[K:
[01m[K/usr/include/c++/9/bits/basic_string.h:6144:5:[m[K [01;36m[Knote: [m[Kcandidate: ‘[01m[Ktemplate<class _CharT, class _Traits, class _Alloc> bool std::operator==(const std::__cxx11::basic_string<_CharT, _Traits, _Alloc>&, const std::__cxx11::basic_string<_CharT, _Traits, _Alloc>&)[m[K’
 6144 |     [01;36m[Koperator[m[K==(const basic_string<_CharT, _Traits, _Alloc>& __lhs,
      |     [01;36m[K^~~~~~~~[m[K
[01m[K/usr/include/c++/9/bits/basic_string.h:6144:5:[m[K [01;36m[Knote: [m[K  template argument deduction/substitution failed:
[01m[K/home/advrob/elfin_ws/src/edu-elfin_simulation/arm_controllers/src/reactive_controller.cpp:272:37:[m[K [01;36m[Knote: [m[K  mismatched types ‘[01m[Kconst std::__cxx11::basic_string<_CharT, _Traits, _Alloc>[m[K’ and ‘[01m[Kchar[m[K’
  272 |         change_trajectory = text == [01;36m[KKEY[m[K;
      |                                     [01;36m[K^~~[m[K
In file included from [01m[K/usr/include/c++/9/string:55[m[K,
                 from [01m[K/opt/ros/noetic/include/ros/forwards.h:31[m[K,
                 from [01m[K/opt/ros/noetic/include/ros/node_handle.h:31[m[K,
                 from [01m[K/opt/ros/noetic/include/controller_interface/controller_base.h:35[m[K,
                 from [01m[K/opt/ros/noetic/include/controller_interface/controller.h:35[m[K,
                 from [01m[K/home/advrob/elfin_ws/src/edu-elfin_simulation/arm_controllers/src/reactive_controller.cpp:2[m[K:
[01m[K/usr/include/c++/9/bits/basic_string.h:6152:5:[m[K [01;36m[Knote: [m[Kcandidate: ‘[01m[Ktemplate<class _CharT> typename __gnu_cxx::__enable_if<std::__is_char<_Tp>::__value, bool>::__type std::operator==(const std::__cxx11::basic_string<_CharT>&, const std::__cxx11::basic_string<_CharT>&)[m[K’
 6152 |     [01;36m[Koperator[m[K==(const basic_string<_CharT>& __lhs,
      |     [01;36m[K^~~~~~~~[m[K
[01m[K/usr/include/c++/9/bits/basic_string.h:6152:5:[m[K [01;36m[Knote: [m[K  template argument deduction/substitution failed:
[01m[K/home/advrob/elfin_ws/src/edu-elfin_simulation/arm_controllers/src/reactive_controller.cpp:272:37:[m[K [01;36m[Knote: [m[K  mismatched types ‘[01m[Kconst std::__cxx11::basic_string<_CharT>[m[K’ and ‘[01m[Kchar[m[K’
  272 |         change_trajectory = text == [01;36m[KKEY[m[K;
      |                                     [01;36m[K^~~[m[K
In file included from [01m[K/usr/include/c++/9/string:55[m[K,
                 from [01m[K/opt/ros/noetic/include/ros/forwards.h:31[m[K,
                 from [01m[K/opt/ros/noetic/include/ros/node_handle.h:31[m[K,
                 from [01m[K/opt/ros/noetic/include/controller_interface/controller_base.h:35[m[K,
                 from [01m[K/opt/ros/noetic/include/controller_interface/controller.h:35[m[K,
                 from [01m[K/home/advrob/elfin_ws/src/edu-elfin_simulation/arm_controllers/src/reactive_controller.cpp:2[m[K:
[01m[K/usr/include/c++/9/bits/basic_string.h:6166:5:[m[K [01;36m[Knote: [m[Kcandidate: ‘[01m[Ktemplate<class _CharT, class _Traits, class _Alloc> bool std::operator==(const _CharT*, const std::__cxx11::basic_string<_CharT, _Traits, _Alloc>&)[m[K’
 6166 |     [01;36m[Koperator[m[K==(const _CharT* __lhs,
      |     [01;36m[K^~~~~~~~[m[K
[01m[K/usr/include/c++/9/bits/basic_string.h:6166:5:[m[K [01;36m[Knote: [m[K  template argument deduction/substitution failed:
[01m[K/home/advrob/elfin_ws/src/edu-elfin_simulation/arm_controllers/src/reactive_controller.cpp:272:37:[m[K [01;36m[Knote: [m[K  mismatched types ‘[01m[Kconst _CharT*[m[K’ and ‘[01m[Kchar[m[K’
  272 |         change_trajectory = text == [01;36m[KKEY[m[K;
      |                                     [01;36m[K^~~[m[K
In file included from [01m[K/usr/include/c++/9/string:55[m[K,
                 from [01m[K/opt/ros/noetic/include/ros/forwards.h:31[m[K,
                 from [01m[K/opt/ros/noetic/include/ros/node_handle.h:31[m[K,
                 from [01m[K/opt/ros/noetic/include/controller_interface/controller_base.h:35[m[K,
                 from [01m[K/opt/ros/noetic/include/controller_interface/controller.h:35[m[K,
                 from [01m[K/home/advrob/elfin_ws/src/edu-elfin_simulation/arm_controllers/src/reactive_controller.cpp:2[m[K:
[01m[K/usr/include/c++/9/bits/basic_string.h:6178:5:[m[K [01;36m[Knote: [m[Kcandidate: ‘[01m[Ktemplate<class _CharT, class _Traits, class _Alloc> bool std::operator==(const std::__cxx11::basic_string<_CharT, _Traits, _Alloc>&, const _CharT*)[m[K’
 6178 |     [01;36m[Koperator[m[K==(const basic_string<_CharT, _Traits, _Alloc>& __lhs,
      |     [01;36m[K^~~~~~~~[m[K
[01m[K/usr/include/c++/9/bits/basic_string.h:6178:5:[m[K [01;36m[Knote: [m[K  template argument deduction/substitution failed:
[01m[K/home/advrob/elfin_ws/src/edu-elfin_simulation/arm_controllers/src/reactive_controller.cpp:272:37:[m[K [01;36m[Knote: [m[K  mismatched types ‘[01m[Kconst std::__cxx11::basic_string<_CharT, _Traits, _Alloc>[m[K’ and ‘[01m[Kchar[m[K’
  272 |         change_trajectory = text == [01;36m[KKEY[m[K;
      |                                     [01;36m[K^~~[m[K
In file included from [01m[K/usr/include/c++/9/vector:67[m[K,
                 from [01m[K/opt/ros/noetic/include/ros/forwards.h:32[m[K,
                 from [01m[K/opt/ros/noetic/include/ros/node_handle.h:31[m[K,
                 from [01m[K/opt/ros/noetic/include/controller_interface/controller_base.h:35[m[K,
                 from [01m[K/opt/ros/noetic/include/controller_interface/controller.h:35[m[K,
                 from [01m[K/home/advrob/elfin_ws/src/edu-elfin_simulation/arm_controllers/src/reactive_controller.cpp:2[m[K:
[01m[K/usr/include/c++/9/bits/stl_vector.h:1888:5:[m[K [01;36m[Knote: [m[Kcandidate: ‘[01m[Ktemplate<class _Tp, class _Alloc> bool std::operator==(const std::vector<_Tp, _Alloc>&, const std::vector<_Tp, _Alloc>&)[m[K’
 1888 |     [01;36m[Koperator[m[K==(const vector<_Tp, _Alloc>& __x, const vector<_Tp, _Alloc>& __y)
      |     [01;36m[K^~~~~~~~[m[K
[01m[K/usr/include/c++/9/bits/stl_vector.h:1888:5:[m[K [01;36m[Knote: [m[K  template argument deduction/substitution failed:
[01m[K/home/advrob/elfin_ws/src/edu-elfin_simulation/arm_controllers/src/reactive_controller.cpp:272:37:[m[K [01;36m[Knote: [m[K  mismatched types ‘[01m[Kconst std::vector<_Tp, _Alloc>[m[K’ and ‘[01m[Kchar[m[K’
  272 |         change_trajectory = text == [01;36m[KKEY[m[K;
      |                                     [01;36m[K^~~[m[K
In file included from [01m[K/usr/include/c++/9/tuple:39[m[K,
                 from [01m[K/usr/include/c++/9/bits/stl_map.h:63[m[K,
                 from [01m[K/usr/include/c++/9/map:61[m[K,
                 from [01m[K/opt/ros/noetic/include/ros/forwards.h:33[m[K,
                 from [01m[K/opt/ros/noetic/include/ros/node_handle.h:31[m[K,
                 from [01m[K/opt/ros/noetic/include/controller_interface/controller_base.h:35[m[K,
                 from [01m[K/opt/ros/noetic/include/controller_interface/controller.h:35[m[K,
                 from [01m[K/home/advrob/elfin_ws/src/edu-elfin_simulation/arm_controllers/src/reactive_controller.cpp:2[m[K:
[01m[K/usr/include/c++/9/array:252:5:[m[K [01;36m[Knote: [m[Kcandidate: ‘[01m[Ktemplate<class _Tp, long unsigned int _Nm> bool std::operator==(const std::array<_Tp, _Nm>&, const std::array<_Tp, _Nm>&)[m[K’
  252 |     [01;36m[Koperator[m[K==(const array<_Tp, _Nm>& __one, const array<_Tp, _Nm>& __two)
      |     [01;36m[K^~~~~~~~[m[K
[01m[K/usr/include/c++/9/array:252:5:[m[K [01;36m[Knote: [m[K  template argument deduction/substitution failed:
[01m[K/home/advrob/elfin_ws/src/edu-elfin_simulation/arm_controllers/src/reactive_controller.cpp:272:37:[m[K [01;36m[Knote: [m[K  mismatched types ‘[01m[Kconst std::array<_Tp, _Nm>[m[K’ and ‘[01m[Kchar[m[K’
  272 |         change_trajectory = text == [01;36m[KKEY[m[K;
      |                                     [01;36m[K^~~[m[K
In file included from [01m[K/usr/include/c++/9/bits/stl_map.h:63[m[K,
                 from [01m[K/usr/include/c++/9/map:61[m[K,
                 from [01m[K/opt/ros/noetic/include/ros/forwards.h:33[m[K,
                 from [01m[K/opt/ros/noetic/include/ros/node_handle.h:31[m[K,
                 from [01m[K/opt/ros/noetic/include/controller_interface/controller_base.h:35[m[K,
                 from [01m[K/opt/ros/noetic/include/controller_interface/controller.h:35[m[K,
                 from [01m[K/home/advrob/elfin_ws/src/edu-elfin_simulation/arm_controllers/src/reactive_controller.cpp:2[m[K:
[01m[K/usr/include/c++/9/tuple:1419:5:[m[K [01;36m[Knote: [m[Kcandidate: ‘[01m[Ktemplate<class ... _TElements, class ... _UElements> constexpr bool std::operator==(const std::tuple<_Tps ...>&, const std::tuple<_Args2 ...>&)[m[K’
 1419 |     [01;36m[Koperator[m[K==(const tuple<_TElements...>& __t,
      |     [01;36m[K^~~~~~~~[m[K
[01m[K/usr/include/c++/9/tuple:1419:5:[m[K [01;36m[Knote: [m[K  template argument deduction/substitution failed:
[01m[K/home/advrob/elfin_ws/src/edu-elfin_simulation/arm_controllers/src/reactive_controller.cpp:272:37:[m[K [01;36m[Knote: [m[K  mismatched types ‘[01m[Kconst std::tuple<_Tps ...>[m[K’ and ‘[01m[Kchar[m[K’
  272 |         change_trajectory = text == [01;36m[KKEY[m[K;
      |                                     [01;36m[K^~~[m[K
In file included from [01m[K/usr/include/c++/9/map:61[m[K,
                 from [01m[K/opt/ros/noetic/include/ros/forwards.h:33[m[K,
                 from [01m[K/opt/ros/noetic/include/ros/node_handle.h:31[m[K,
                 from [01m[K/opt/ros/noetic/include/controller_interface/controller_base.h:35[m[K,
                 from [01m[K/opt/ros/noetic/include/controller_interface/controller.h:35[m[K,
                 from [01m[K/home/advrob/elfin_ws/src/edu-elfin_simulation/arm_controllers/src/reactive_controller.cpp:2[m[K:
[01m[K/usr/include/c++/9/bits/stl_map.h:1455:5:[m[K [01;36m[Knote: [m[Kcandidate: ‘[01m[Ktemplate<class _Key, class _Tp, class _Compare, class _Alloc> bool std::operator==(const std::map<_Key, _Tp, _Compare, _Alloc>&, const std::map<_Key, _Tp, _Compare, _Alloc>&)[m[K’
 1455 |     [01;36m[Koperator[m[K==(const map<_Key, _Tp, _Compare, _Alloc>& __x,
      |     [01;36m[K^~~~~~~~[m[K
[01m[K/usr/include/c++/9/bits/stl_map.h:1455:5:[m[K [01;36m[Knote: [m[K  template argument deduction/substitution failed:
[01m[K/home/advrob/elfin_ws/src/edu-elfin_simulation/arm_controllers/src/reactive_controller.cpp:272:37:[m[K [01;36m[Knote: [m[K  mismatched types ‘[01m[Kconst std::map<_Key, _Tp, _Compare, _Alloc>[m[K’ and ‘[01m[Kchar[m[K’
  272 |         change_trajectory = text == [01;36m[KKEY[m[K;
      |                                     [01;36m[K^~~[m[K
In file included from [01m[K/usr/include/c++/9/map:62[m[K,
                 from [01m[K/opt/ros/noetic/include/ros/forwards.h:33[m[K,
                 from [01m[K/opt/ros/noetic/include/ros/node_handle.h:31[m[K,
                 from [01m[K/opt/ros/noetic/include/controller_interface/controller_base.h:35[m[K,
                 from [01m[K/opt/ros/noetic/include/controller_interface/controller.h:35[m[K,
                 from [01m[K/home/advrob/elfin_ws/src/edu-elfin_simulation/arm_controllers/src/reactive_controller.cpp:2[m[K:
[01m[K/usr/include/c++/9/bits/stl_multimap.h:1119:5:[m[K [01;36m[Knote: [m[Kcandidate: ‘[01m[Ktemplate<class _Key, class _Tp, class _Compare, class _Alloc> bool std::operator==(const std::multimap<_Key, _Tp, _Compare, _Alloc>&, const std::multimap<_Key, _Tp, _Compare, _Alloc>&)[m[K’
 1119 |     [01;36m[Koperator[m[K==(const multimap<_Key, _Tp, _Compare, _Alloc>& __x,
      |     [01;36m[K^~~~~~~~[m[K
[01m[K/usr/include/c++/9/bits/stl_multimap.h:1119:5:[m[K [01;36m[Knote: [m[K  template argument deduction/substitution failed:
[01m[K/home/advrob/elfin_ws/src/edu-elfin_simulation/arm_controllers/src/reactive_controller.cpp:272:37:[m[K [01;36m[Knote: [m[K  mismatched types ‘[01m[Kconst std::multimap<_Key, _Tp, _Compare, _Alloc>[m[K’ and ‘[01m[Kchar[m[K’
  272 |         change_trajectory = text == [01;36m[KKEY[m[K;
      |                                     [01;36m[K^~~[m[K
In file included from [01m[K/usr/include/c++/9/set:61[m[K,
                 from [01m[K/opt/ros/noetic/include/ros/forwards.h:34[m[K,
                 from [01m[K/opt/ros/noetic/include/ros/node_handle.h:31[m[K,
                 from [01m[K/opt/ros/noetic/include/controller_interface/controller_base.h:35[m[K,
                 from [01m[K/opt/ros/noetic/include/controller_interface/controller.h:35[m[K,
                 from [01m[K/home/advrob/elfin_ws/src/edu-elfin_simulation/arm_controllers/src/reactive_controller.cpp:2[m[K:
[01m[K/usr/include/c++/9/bits/stl_set.h:979:5:[m[K [01;36m[Knote: [m[Kcandidate: ‘[01m[Ktemplate<class _Key, class _Compare, class _Alloc> bool std::operator==(const std::set<_Key, _Compare, _Alloc>&, const std::set<_Key, _Compare, _Alloc>&)[m[K’
  979 |     [01;36m[Koperator[m[K==(const set<_Key, _Compare, _Alloc>& __x,
      |     [01;36m[K^~~~~~~~[m[K
[01m[K/usr/include/c++/9/bits/stl_set.h:979:5:[m[K [01;36m[Knote: [m[K  template argument deduction/substitution failed:
[01m[K/home/advrob/elfin_ws/src/edu-elfin_simulation/arm_controllers/src/reactive_controller.cpp:272:37:[m[K [01;36m[Knote: [m[K  mismatched types ‘[01m[Kconst std::set<_Key, _Compare, _Alloc>[m[K’ and ‘[01m[Kchar[m[K’
  272 |         change_trajectory = text == [01;36m[KKEY[m[K;
      |                                     [01;36m[K^~~[m[K
In file included from [01m[K/usr/include/c++/9/set:62[m[K,
                 from [01m[K/opt/ros/noetic/include/ros/forwards.h:34[m[K,
                 from [01m[K/opt/ros/noetic/include/ros/node_handle.h:31[m[K,
                 from [01m[K/opt/ros/noetic/include/controller_interface/controller_base.h:35[m[K,
                 from [01m[K/opt/ros/noetic/include/controller_interface/controller.h:35[m[K,
                 from [01m[K/home/advrob/elfin_ws/src/edu-elfin_simulation/arm_controllers/src/reactive_controller.cpp:2[m[K:
[01m[K/usr/include/c++/9/bits/stl_multiset.h:964:5:[m[K [01;36m[Knote: [m[Kcandidate: ‘[01m[Ktemplate<class _Key, class _Compare, class _Alloc> bool std::operator==(const std::multiset<_Key, _Compare, _Alloc>&, const std::multiset<_Key, _Compare, _Alloc>&)[m[K’
  964 |     [01;36m[Koperator[m[K==(const multiset<_Key, _Compare, _Alloc>& __x,
      |     [01;36m[K^~~~~~~~[m[K
[01m[K/usr/include/c++/9/bits/stl_multiset.h:964:5:[m[K [01;36m[Knote: [m[K  template argument deduction/substitution failed:
[01m[K/home/advrob/elfin_ws/src/edu-elfin_simulation/arm_controllers/src/reactive_controller.cpp:272:37:[m[K [01;36m[Knote: [m[K  mismatched types ‘[01m[Kconst std::multiset<_Key, _Compare, _Alloc>[m[K’ and ‘[01m[Kchar[m[K’
  272 |         change_trajectory = text == [01;36m[KKEY[m[K;
      |                                     [01;36m[K^~~[m[K
In file included from [01m[K/usr/include/c++/9/list:63[m[K,
                 from [01m[K/opt/ros/noetic/include/ros/forwards.h:35[m[K,
                 from [01m[K/opt/ros/noetic/include/ros/node_handle.h:31[m[K,
                 from [01m[K/opt/ros/noetic/include/controller_interface/controller_base.h:35[m[K,
                 from [01m[K/opt/ros/noetic/include/controller_interface/controller.h:35[m[K,
                 from [01m[K/home/advrob/elfin_ws/src/edu-elfin_simulation/arm_controllers/src/reactive_controller.cpp:2[m[K:
[01m[K/usr/include/c++/9/bits/stl_list.h:1991:5:[m[K [01;36m[Knote: [m[Kcandidate: ‘[01m[Ktemplate<class _Tp, class _Alloc> bool std::operator==(const std::__cxx11::list<_Tp, _Alloc>&, const std::__cxx11::list<_Tp, _Alloc>&)[m[K’
 1991 |     [01;36m[Koperator[m[K==(const list<_Tp, _Alloc>& __x, const list<_Tp, _Alloc>& __y)
      |     [01;36m[K^~~~~~~~[m[K
[01m[K/usr/include/c++/9/bits/stl_list.h:1991:5:[m[K [01;36m[Knote: [m[K  template argument deduction/substitution failed:
[01m[K/home/advrob/elfin_ws/src/edu-elfin_simulation/arm_controllers/src/reactive_controller.cpp:272:37:[m[K [01;36m[Knote: [m[K  mismatched types ‘[01m[Kconst std::__cxx11::list<_Tp, _Alloc>[m[K’ and ‘[01m[Kchar[m[K’
  272 |         change_trajectory = text == [01;36m[KKEY[m[K;
      |                                     [01;36m[K^~~[m[K
In file included from [01m[K/usr/include/c++/9/memory:80[m[K,
                 from [01m[K/usr/include/boost/config/no_tr1/memory.hpp:21[m[K,
                 from [01m[K/usr/include/boost/smart_ptr/shared_ptr.hpp:23[m[K,
                 from [01m[K/usr/include/boost/shared_ptr.hpp:17[m[K,
                 from [01m[K/opt/ros/noetic/include/ros/forwards.h:37[m[K,
                 from [01m[K/opt/ros/noetic/include/ros/node_handle.h:31[m[K,
                 from [01m[K/opt/ros/noetic/include/controller_interface/controller_base.h:35[m[K,
                 from [01m[K/opt/ros/noetic/include/controller_interface/controller.h:35[m[K,
                 from [01m[K/home/advrob/elfin_ws/src/edu-elfin_simulation/arm_controllers/src/reactive_controller.cpp:2[m[K:
[01m[K/usr/include/c++/9/bits/unique_ptr.h:715:5:[m[K [01;36m[Knote: [m[Kcandidate: ‘[01m[Ktemplate<class _Tp, class _Dp, class _Up, class _Ep> bool std::operator==(const std::unique_ptr<_Tp, _Dp>&, const std::unique_ptr<_Up, _Ep>&)[m[K’
  715 |     [01;36m[Koperator[m[K==(const unique_ptr<_Tp, _Dp>& __x,
      |     [01;36m[K^~~~~~~~[m[K
[01m[K/usr/include/c++/9/bits/unique_ptr.h:715:5:[m[K [01;36m[Knote: [m[K  template argument deduction/substitution failed:
[01m[K/home/advrob/elfin_ws/src/edu-elfin_simulation/arm_controllers/src/reactive_controller.cpp:272:37:[m[K [01;36m[Knote: [m[K  mismatched types ‘[01m[Kconst std::unique_ptr<_Tp, _Dp>[m[K’ and ‘[01m[Kchar[m[K’
  272 |         change_trajectory = text == [01;36m[KKEY[m[K;
      |                                     [01;36m[K^~~[m[K
In file included from [01m[K/usr/include/c++/9/memory:80[m[K,
                 from [01m[K/usr/include/boost/config/no_tr1/memory.hpp:21[m[K,
                 from [01m[K/usr/include/boost/smart_ptr/shared_ptr.hpp:23[m[K,
                 from [01m[K/usr/include/boost/shared_ptr.hpp:17[m[K,
                 from [01m[K/opt/ros/noetic/include/ros/forwards.h:37[m[K,
                 from [01m[K/opt/ros/noetic/include/ros/node_handle.h:31[m[K,
                 from [01m[K/opt/ros/noetic/include/controller_interface/controller_base.h:35[m[K,
                 from [01m[K/opt/ros/noetic/include/controller_interface/controller.h:35[m[K,
                 from [01m[K/home/advrob/elfin_ws/src/edu-elfin_simulation/arm_controllers/src/reactive_controller.cpp:2[m[K:
[01m[K/usr/include/c++/9/bits/unique_ptr.h:721:5:[m[K [01;36m[Knote: [m[Kcandidate: ‘[01m[Ktemplate<class _Tp, class _Dp> bool std::operator==(const std::unique_ptr<_Tp, _Dp>&, std::nullptr_t)[m[K’
  721 |     [01;36m[Koperator[m[K==(const unique_ptr<_Tp, _Dp>& __x, nullptr_t) noexcept
      |     [01;36m[K^~~~~~~~[m[K
[01m[K/usr/include/c++/9/bits/unique_ptr.h:721:5:[m[K [01;36m[Knote: [m[K  template argument deduction/substitution failed:
[01m[K/home/advrob/elfin_ws/src/edu-elfin_simulation/arm_controllers/src/reactive_controller.cpp:272:37:[m[K [01;36m[Knote: [m[K  mismatched types ‘[01m[Kconst std::unique_ptr<_Tp, _Dp>[m[K’ and ‘[01m[Kchar[m[K’
  272 |         change_trajectory = text == [01;36m[KKEY[m[K;
      |                                     [01;36m[K^~~[m[K
In file included from [01m[K/usr/include/c++/9/memory:80[m[K,
                 from [01m[K/usr/include/boost/config/no_tr1/memory.hpp:21[m[K,
                 from [01m[K/usr/include/boost/smart_ptr/shared_ptr.hpp:23[m[K,
                 from [01m[K/usr/include/boost/shared_ptr.hpp:17[m[K,
                 from [01m[K/opt/ros/noetic/include/ros/forwards.h:37[m[K,
                 from [01m[K/opt/ros/noetic/include/ros/node_handle.h:31[m[K,
                 from [01m[K/opt/ros/noetic/include/controller_interface/controller_base.h:35[m[K,
                 from [01m[K/opt/ros/noetic/include/controller_interface/controller.h:35[m[K,
                 from [01m[K/home/advrob/elfin_ws/src/edu-elfin_simulation/arm_controllers/src/reactive_controller.cpp:2[m[K:
[01m[K/usr/include/c++/9/bits/unique_ptr.h:726:5:[m[K [01;36m[Knote: [m[Kcandidate: ‘[01m[Ktemplate<class _Tp, class _Dp> bool std::operator==(std::nullptr_t, const std::unique_ptr<_Tp, _Dp>&)[m[K’
  726 |     [01;36m[Koperator[m[K==(nullptr_t, const unique_ptr<_Tp, _Dp>& __x) noexcept
      |     [01;36m[K^~~~~~~~[m[K
[01m[K/usr/include/c++/9/bits/unique_ptr.h:726:5:[m[K [01;36m[Knote: [m[K  template argument deduction/substitution failed:
[01m[K/home/advrob/elfin_ws/src/edu-elfin_simulation/arm_controllers/src/reactive_controller.cpp:272:37:[m[K [01;36m[Knote: [m[K  ‘[01m[Kconst string[m[K’ {aka ‘[01m[Kconst std::__cxx11::basic_string<char>[m[K’} is not derived from ‘[01m[Kconst std::unique_ptr<_Tp, _Dp>[m[K’
  272 |         change_trajectory = text == [01;36m[KKEY[m[K;
      |                                     [01;36m[K^~~[m[K
In file included from [01m[K/usr/include/c++/9/bits/shared_ptr.h:52[m[K,
                 from [01m[K/usr/include/c++/9/memory:81[m[K,
                 from [01m[K/usr/include/boost/config/no_tr1/memory.hpp:21[m[K,
                 from [01m[K/usr/include/boost/smart_ptr/shared_ptr.hpp:23[m[K,
                 from [01m[K/usr/include/boost/shared_ptr.hpp:17[m[K,
                 from [01m[K/opt/ros/noetic/include/ros/forwards.h:37[m[K,
                 from [01m[K/opt/ros/noetic/include/ros/node_handle.h:31[m[K,
                 from [01m[K/opt/ros/noetic/include/controller_interface/controller_base.h:35[m[K,
                 from [01m[K/opt/ros/noetic/include/controller_interface/controller.h:35[m[K,
                 from [01m[K/home/advrob/elfin_ws/src/edu-elfin_simulation/arm_controllers/src/reactive_controller.cpp:2[m[K:
[01m[K/usr/include/c++/9/bits/shared_ptr_base.h:1412:5:[m[K [01;36m[Knote: [m[Kcandidate: ‘[01m[Ktemplate<class _Tp1, class _Tp2, __gnu_cxx::_Lock_policy _Lp> bool std::operator==(const std::__shared_ptr<_Tp1, _Lp>&, const std::__shared_ptr<_Tp2, _Lp>&)[m[K’
 1412 |     [01;36m[Koperator[m[K==(const __shared_ptr<_Tp1, _Lp>& __a,
      |     [01;36m[K^~~~~~~~[m[K
[01m[K/usr/include/c++/9/bits/shared_ptr_base.h:1412:5:[m[K [01;36m[Knote: [m[K  template argument deduction/substitution failed:
[01m[K/home/advrob/elfin_ws/src/edu-elfin_simulation/arm_controllers/src/reactive_controller.cpp:272:37:[m[K [01;36m[Knote: [m[K  mismatched types ‘[01m[Kconst std::__shared_ptr<_Tp1, _Lp>[m[K’ and ‘[01m[Kchar[m[K’
  272 |         change_trajectory = text == [01;36m[KKEY[m[K;
      |                                     [01;36m[K^~~[m[K
In file included from [01m[K/usr/include/c++/9/bits/shared_ptr.h:52[m[K,
                 from [01m[K/usr/include/c++/9/memory:81[m[K,
                 from [01m[K/usr/include/boost/config/no_tr1/memory.hpp:21[m[K,
                 from [01m[K/usr/include/boost/smart_ptr/shared_ptr.hpp:23[m[K,
                 from [01m[K/usr/include/boost/shared_ptr.hpp:17[m[K,
                 from [01m[K/opt/ros/noetic/include/ros/forwards.h:37[m[K,
                 from [01m[K/opt/ros/noetic/include/ros/node_handle.h:31[m[K,
                 from [01m[K/opt/ros/noetic/include/controller_interface/controller_base.h:35[m[K,
                 from [01m[K/opt/ros/noetic/include/controller_interface/controller.h:35[m[K,
                 from [01m[K/home/advrob/elfin_ws/src/edu-elfin_simulation/arm_controllers/src/reactive_controller.cpp:2[m[K:
[01m[K/usr/include/c++/9/bits/shared_ptr_base.h:1418:5:[m[K [01;36m[Knote: [m[Kcandidate: ‘[01m[Ktemplate<class _Tp, __gnu_cxx::_Lock_policy _Lp> bool std::operator==(const std::__shared_ptr<_Tp, _Lp>&, std::nullptr_t)[m[K’
 1418 |     [01;36m[Koperator[m[K==(const __shared_ptr<_Tp, _Lp>& __a, nullptr_t) noexcept
      |     [01;36m[K^~~~~~~~[m[K
[01m[K/usr/include/c++/9/bits/shared_ptr_base.h:1418:5:[m[K [01;36m[Knote: [m[K  template argument deduction/substitution failed:
[01m[K/home/advrob/elfin_ws/src/edu-elfin_simulation/arm_controllers/src/reactive_controller.cpp:272:37:[m[K [01;36m[Knote: [m[K  mismatched types ‘[01m[Kconst std::__shared_ptr<_Tp, _Lp>[m[K’ and ‘[01m[Kchar[m[K’
  272 |         change_trajectory = text == [01;36m[KKEY[m[K;
      |                                     [01;36m[K^~~[m[K
In file included from [01m[K/usr/include/c++/9/bits/shared_ptr.h:52[m[K,
                 from [01m[K/usr/include/c++/9/memory:81[m[K,
                 from [01m[K/usr/include/boost/config/no_tr1/memory.hpp:21[m[K,
                 from [01m[K/usr/include/boost/smart_ptr/shared_ptr.hpp:23[m[K,
                 from [01m[K/usr/include/boost/shared_ptr.hpp:17[m[K,
                 from [01m[K/opt/ros/noetic/include/ros/forwards.h:37[m[K,
                 from [01m[K/opt/ros/noetic/include/ros/node_handle.h:31[m[K,
                 from [01m[K/opt/ros/noetic/include/controller_interface/controller_base.h:35[m[K,
                 from [01m[K/opt/ros/noetic/include/controller_interface/controller.h:35[m[K,
                 from [01m[K/home/advrob/elfin_ws/src/edu-elfin_simulation/arm_controllers/src/reactive_controller.cpp:2[m[K:
[01m[K/usr/include/c++/9/bits/shared_ptr_base.h:1423:5:[m[K [01;36m[Knote: [m[Kcandidate: ‘[01m[Ktemplate<class _Tp, __gnu_cxx::_Lock_policy _Lp> bool std::operator==(std::nullptr_t, const std::__shared_ptr<_Tp, _Lp>&)[m[K’
 1423 |     [01;36m[Koperator[m[K==(nullptr_t, const __shared_ptr<_Tp, _Lp>& __a) noexcept
      |     [01;36m[K^~~~~~~~[m[K
[01m[K/usr/include/c++/9/bits/shared_ptr_base.h:1423:5:[m[K [01;36m[Knote: [m[K  template argument deduction/substitution failed:
[01m[K/home/advrob/elfin_ws/src/edu-elfin_simulation/arm_controllers/src/reactive_controller.cpp:272:37:[m[K [01;36m[Knote: [m[K  ‘[01m[Kconst string[m[K’ {aka ‘[01m[Kconst std::__cxx11::basic_string<char>[m[K’} is not derived from ‘[01m[Kconst std::__shared_ptr<_Tp, _Lp>[m[K’
  272 |         change_trajectory = text == [01;36m[KKEY[m[K;
      |                                     [01;36m[K^~~[m[K
In file included from [01m[K/usr/include/c++/9/memory:81[m[K,
                 from [01m[K/usr/include/boost/config/no_tr1/memory.hpp:21[m[K,
                 from [01m[K/usr/include/boost/smart_ptr/shared_ptr.hpp:23[m[K,
                 from [01m[K/usr/include/boost/shared_ptr.hpp:17[m[K,
                 from [01m[K/opt/ros/noetic/include/ros/forwards.h:37[m[K,
                 from [01m[K/opt/ros/noetic/include/ros/node_handle.h:31[m[K,
                 from [01m[K/opt/ros/noetic/include/controller_interface/controller_base.h:35[m[K,
                 from [01m[K/opt/ros/noetic/include/controller_interface/controller.h:35[m[K,
                 from [01m[K/home/advrob/elfin_ws/src/edu-elfin_simulation/arm_controllers/src/reactive_controller.cpp:2[m[K:
[01m[K/usr/include/c++/9/bits/shared_ptr.h:383:5:[m[K [01;36m[Knote: [m[Kcandidate: ‘[01m[Ktemplate<class _Tp, class _Up> bool std::operator==(const std::shared_ptr<_Tp>&, const std::shared_ptr<_Tp>&)[m[K’
  383 |     [01;36m[Koperator[m[K==(const shared_ptr<_Tp>& __a, const shared_ptr<_Up>& __b) noexcept
      |     [01;36m[K^~~~~~~~[m[K
[01m[K/usr/include/c++/9/bits/shared_ptr.h:383:5:[m[K [01;36m[Knote: [m[K  template argument deduction/substitution failed:
[01m[K/home/advrob/elfin_ws/src/edu-elfin_simulation/arm_controllers/src/reactive_controller.cpp:272:37:[m[K [01;36m[Knote: [m[K  mismatched types ‘[01m[Kconst std::shared_ptr<_Tp>[m[K’ and ‘[01m[Kchar[m[K’
  272 |         change_trajectory = text == [01;36m[KKEY[m[K;
      |                                     [01;36m[K^~~[m[K
In file included from [01m[K/usr/include/c++/9/memory:81[m[K,
                 from [01m[K/usr/include/boost/config/no_tr1/memory.hpp:21[m[K,
                 from [01m[K/usr/include/boost/smart_ptr/shared_ptr.hpp:23[m[K,
                 from [01m[K/usr/include/boost/shared_ptr.hpp:17[m[K,
                 from [01m[K/opt/ros/noetic/include/ros/forwards.h:37[m[K,
                 from [01m[K/opt/ros/noetic/include/ros/node_handle.h:31[m[K,
                 from [01m[K/opt/ros/noetic/include/controller_interface/controller_base.h:35[m[K,
                 from [01m[K/opt/ros/noetic/include/controller_interface/controller.h:35[m[K,
                 from [01m[K/home/advrob/elfin_ws/src/edu-elfin_simulation/arm_controllers/src/reactive_controller.cpp:2[m[K:
[01m[K/usr/include/c++/9/bits/shared_ptr.h:388:5:[m[K [01;36m[Knote: [m[Kcandidate: ‘[01m[Ktemplate<class _Tp> bool std::operator==(const std::shared_ptr<_Tp>&, std::nullptr_t)[m[K’
  388 |     [01;36m[Koperator[m[K==(const shared_ptr<_Tp>& __a, nullptr_t) noexcept
      |     [01;36m[K^~~~~~~~[m[K
[01m[K/usr/include/c++/9/bits/shared_ptr.h:388:5:[m[K [01;36m[Knote: [m[K  template argument deduction/substitution failed:
[01m[K/home/advrob/elfin_ws/src/edu-elfin_simulation/arm_controllers/src/reactive_controller.cpp:272:37:[m[K [01;36m[Knote: [m[K  mismatched types ‘[01m[Kconst std::shared_ptr<_Tp>[m[K’ and ‘[01m[Kchar[m[K’
  272 |         change_trajectory = text == [01;36m[KKEY[m[K;
      |                                     [01;36m[K^~~[m[K
In file included from [01m[K/usr/include/c++/9/memory:81[m[K,
                 from [01m[K/usr/include/boost/config/no_tr1/memory.hpp:21[m[K,
                 from [01m[K/usr/include/boost/smart_ptr/shared_ptr.hpp:23[m[K,
                 from [01m[K/usr/include/boost/shared_ptr.hpp:17[m[K,
                 from [01m[K/opt/ros/noetic/include/ros/forwards.h:37[m[K,
                 from [01m[K/opt/ros/noetic/include/ros/node_handle.h:31[m[K,
                 from [01m[K/opt/ros/noetic/include/controller_interface/controller_base.h:35[m[K,
                 from [01m[K/opt/ros/noetic/include/controller_interface/controller.h:35[m[K,
                 from [01m[K/home/advrob/elfin_ws/src/edu-elfin_simulation/arm_controllers/src/reactive_controller.cpp:2[m[K:
[01m[K/usr/include/c++/9/bits/shared_ptr.h:393:5:[m[K [01;36m[Knote: [m[Kcandidate: ‘[01m[Ktemplate<class _Tp> bool std::operator==(std::nullptr_t, const std::shared_ptr<_Tp>&)[m[K’
  393 |     [01;36m[Koperator[m[K==(nullptr_t, const shared_ptr<_Tp>& __a) noexcept
      |     [01;36m[K^~~~~~~~[m[K
[01m[K/usr/include/c++/9/bits/shared_ptr.h:393:5:[m[K [01;36m[Knote: [m[K  template argument deduction/substitution failed:
[01m[K/home/advrob/elfin_ws/src/edu-elfin_simulation/arm_controllers/src/reactive_controller.cpp:272:37:[m[K [01;36m[Knote: [m[K  ‘[01m[Kconst string[m[K’ {aka ‘[01m[Kconst std::__cxx11::basic_string<char>[m[K’} is not derived from ‘[01m[Kconst std::shared_ptr<_Tp>[m[K’
  272 |         change_trajectory = text == [01;36m[KKEY[m[K;
      |                                     [01;36m[K^~~[m[K
In file included from [01m[K/usr/include/c++/9/functional:59[m[K,
                 from [01m[K/usr/include/boost/smart_ptr/detail/shared_count.hpp:39[m[K,
                 from [01m[K/usr/include/boost/smart_ptr/shared_ptr.hpp:28[m[K,
                 from [01m[K/usr/include/boost/shared_ptr.hpp:17[m[K,
                 from [01m[K/opt/ros/noetic/include/ros/forwards.h:37[m[K,
                 from [01m[K/opt/ros/noetic/include/ros/node_handle.h:31[m[K,
                 from [01m[K/opt/ros/noetic/include/controller_interface/controller_base.h:35[m[K,
                 from [01m[K/opt/ros/noetic/include/controller_interface/controller.h:35[m[K,
                 from [01m[K/home/advrob/elfin_ws/src/edu-elfin_simulation/arm_controllers/src/reactive_controller.cpp:2[m[K:
[01m[K/usr/include/c++/9/bits/std_function.h:746:5:[m[K [01;36m[Knote: [m[Kcandidate: ‘[01m[Ktemplate<class _Res, class ... _Args> bool std::operator==(const std::function<_Res(_ArgTypes ...)>&, std::nullptr_t)[m[K’
  746 |     [01;36m[Koperator[m[K==(const function<_Res(_Args...)>& __f, nullptr_t) noexcept
      |     [01;36m[K^~~~~~~~[m[K
[01m[K/usr/include/c++/9/bits/std_function.h:746:5:[m[K [01;36m[Knote: [m[K  template argument deduction/substitution failed:
[01m[K/home/advrob/elfin_ws/src/edu-elfin_simulation/arm_controllers/src/reactive_controller.cpp:272:37:[m[K [01;36m[Knote: [m[K  mismatched types ‘[01m[Kconst std::function<_Res(_ArgTypes ...)>[m[K’ and ‘[01m[Kchar[m[K’
  272 |         change_trajectory = text == [01;36m[KKEY[m[K;
      |                                     [01;36m[K^~~[m[K
In file included from [01m[K/usr/include/c++/9/functional:59[m[K,
                 from [01m[K/usr/include/boost/smart_ptr/detail/shared_count.hpp:39[m[K,
                 from [01m[K/usr/include/boost/smart_ptr/shared_ptr.hpp:28[m[K,
                 from [01m[K/usr/include/boost/shared_ptr.hpp:17[m[K,
                 from [01m[K/opt/ros/noetic/include/ros/forwards.h:37[m[K,
                 from [01m[K/opt/ros/noetic/include/ros/node_handle.h:31[m[K,
                 from [01m[K/opt/ros/noetic/include/controller_interface/controller_base.h:35[m[K,
                 from [01m[K/opt/ros/noetic/include/controller_interface/controller.h:35[m[K,
                 from [01m[K/home/advrob/elfin_ws/src/edu-elfin_simulation/arm_controllers/src/reactive_controller.cpp:2[m[K:
[01m[K/usr/include/c++/9/bits/std_function.h:752:5:[m[K [01;36m[Knote: [m[Kcandidate: ‘[01m[Ktemplate<class _Res, class ... _Args> bool std::operator==(std::nullptr_t, const std::function<_Res(_ArgTypes ...)>&)[m[K’
  752 |     [01;36m[Koperator[m[K==(nullptr_t, const function<_Res(_Args...)>& __f) noexcept
      |     [01;36m[K^~~~~~~~[m[K
[01m[K/usr/include/c++/9/bits/std_function.h:752:5:[m[K [01;36m[Knote: [m[K  template argument deduction/substitution failed:
[01m[K/home/advrob/elfin_ws/src/edu-elfin_simulation/arm_controllers/src/reactive_controller.cpp:272:37:[m[K [01;36m[Knote: [m[K  ‘[01m[Kconst string[m[K’ {aka ‘[01m[Kconst std::__cxx11::basic_string<char>[m[K’} is not derived from ‘[01m[Kconst std::function<_Res(_ArgTypes ...)>[m[K’
  272 |         change_trajectory = text == [01;36m[KKEY[m[K;
      |                                     [01;36m[K^~~[m[K
In file included from [01m[K/usr/include/c++/9/bits/ios_base.h:46[m[K,
                 from [01m[K/usr/include/c++/9/ios:42[m[K,
                 from [01m[K/usr/include/c++/9/ostream:38[m[K,
                 from [01m[K/usr/include/c++/9/iostream:39[m[K,
                 from [01m[K/opt/ros/noetic/include/ros/time.h:54[m[K,
                 from [01m[K/opt/ros/noetic/include/ros/forwards.h:42[m[K,
                 from [01m[K/opt/ros/noetic/include/ros/node_handle.h:31[m[K,
                 from [01m[K/opt/ros/noetic/include/controller_interface/controller_base.h:35[m[K,
                 from [01m[K/opt/ros/noetic/include/controller_interface/controller.h:35[m[K,
                 from [01m[K/home/advrob/elfin_ws/src/edu-elfin_simulation/arm_controllers/src/reactive_controller.cpp:2[m[K:
[01m[K/usr/include/c++/9/system_error:292:3:[m[K [01;36m[Knote: [m[Kcandidate: ‘[01m[Kbool std::operator==(const std::error_code&, const std::error_code&)[m[K’
  292 |   [01;36m[Koperator[m[K==(const error_code& __lhs, const error_code& __rhs) noexcept
      |   [01;36m[K^~~~~~~~[m[K
[01m[K/usr/include/c++/9/system_error:292:32:[m[K [01;36m[Knote: [m[K  no known conversion for argument 1 from ‘[01m[Kchar[m[K’ to ‘[01m[Kconst std::error_code&[m[K’
  292 |   operator==([01;36m[Kconst error_code& __lhs[m[K, const error_code& __rhs) noexcept
      |              [01;36m[K~~~~~~~~~~~~~~~~~~^~~~~[m[K
[01m[K/usr/include/c++/9/system_error:297:3:[m[K [01;36m[Knote: [m[Kcandidate: ‘[01m[Kbool std::operator==(const std::error_code&, const std::error_condition&)[m[K’
  297 |   [01;36m[Koperator[m[K==(const error_code& __lhs, const error_condition& __rhs) noexcept
      |   [01;36m[K^~~~~~~~[m[K
[01m[K/usr/include/c++/9/system_error:297:32:[m[K [01;36m[Knote: [m[K  no known conversion for argument 1 from ‘[01m[Kchar[m[K’ to ‘[01m[Kconst std::error_code&[m[K’
  297 |   operator==([01;36m[Kconst error_code& __lhs[m[K, const error_condition& __rhs) noexcept
      |              [01;36m[K~~~~~~~~~~~~~~~~~~^~~~~[m[K
[01m[K/usr/include/c++/9/system_error:304:3:[m[K [01;36m[Knote: [m[Kcandidate: ‘[01m[Kbool std::operator==(const std::error_condition&, const std::error_code&)[m[K’
  304 |   [01;36m[Koperator[m[K==(const error_condition& __lhs, const error_code& __rhs) noexcept
      |   [01;36m[K^~~~~~~~[m[K
[01m[K/usr/include/c++/9/system_error:304:37:[m[K [01;36m[Knote: [m[K  no known conversion for argument 1 from ‘[01m[Kchar[m[K’ to ‘[01m[Kconst std::error_condition&[m[K’
  304 |   operator==([01;36m[Kconst error_condition& __lhs[m[K, const error_code& __rhs) noexcept
      |              [01;36m[K~~~~~~~~~~~~~~~~~~~~~~~^~~~~[m[K
[01m[K/usr/include/c++/9/system_error:311:3:[m[K [01;36m[Knote: [m[Kcandidate: ‘[01m[Kbool std::operator==(const std::error_condition&, const std::error_condition&)[m[K’
  311 |   [01;36m[Koperator[m[K==(const error_condition& __lhs,
      |   [01;36m[K^~~~~~~~[m[K
[01m[K/usr/include/c++/9/system_error:311:37:[m[K [01;36m[Knote: [m[K  no known conversion for argument 1 from ‘[01m[Kchar[m[K’ to ‘[01m[Kconst std::error_condition&[m[K’
  311 |   operator==([01;36m[Kconst error_condition& __lhs[m[K,
      |              [01;36m[K~~~~~~~~~~~~~~~~~~~~~~~^~~~~[m[K
In file included from [01m[K/usr/include/c++/9/bits/locale_facets.h:48[m[K,
                 from [01m[K/usr/include/c++/9/bits/basic_ios.h:37[m[K,
                 from [01m[K/usr/include/c++/9/ios:44[m[K,
                 from [01m[K/usr/include/c++/9/ostream:38[m[K,
                 from [01m[K/usr/include/c++/9/iostream:39[m[K,
                 from [01m[K/opt/ros/noetic/include/ros/time.h:54[m[K,
                 from [01m[K/opt/ros/noetic/include/ros/forwards.h:42[m[K,
                 from [01m[K/opt/ros/noetic/include/ros/node_handle.h:31[m[K,
                 from [01m[K/opt/ros/noetic/include/controller_interface/controller_base.h:35[m[K,
                 from [01m[K/opt/ros/noetic/include/controller_interface/controller.h:35[m[K,
                 from [01m[K/home/advrob/elfin_ws/src/edu-elfin_simulation/arm_controllers/src/reactive_controller.cpp:2[m[K:
[01m[K/usr/include/c++/9/bits/streambuf_iterator.h:208:5:[m[K [01;36m[Knote: [m[Kcandidate: ‘[01m[Ktemplate<class _CharT, class _Traits> bool std::operator==(const std::istreambuf_iterator<_CharT, _Traits>&, const std::istreambuf_iterator<_CharT, _Traits>&)[m[K’
  208 |     [01;36m[Koperator[m[K==(const istreambuf_iterator<_CharT, _Traits>& __a,
      |     [01;36m[K^~~~~~~~[m[K
[01m[K/usr/include/c++/9/bits/streambuf_iterator.h:208:5:[m[K [01;36m[Knote: [m[K  template argument deduction/substitution failed:
[01m[K/home/advrob/elfin_ws/src/edu-elfin_simulation/arm_controllers/src/reactive_controller.cpp:272:37:[m[K [01;36m[Knote: [m[K  mismatched types ‘[01m[Kconst std::istreambuf_iterator<_CharT, _Traits>[m[K’ and ‘[01m[Kchar[m[K’
  272 |         change_trajectory = text == [01;36m[KKEY[m[K;
      |                                     [01;36m[K^~~[m[K
In file included from [01m[K/usr/include/boost/config/no_tr1/complex.hpp:21[m[K,
                 from [01m[K/usr/include/boost/math/policies/error_handling.hpp:17[m[K,
                 from [01m[K/usr/include/boost/math/special_functions/round.hpp:14[m[K,
                 from [01m[K/opt/ros/noetic/include/ros/time.h:58[m[K,
                 from [01m[K/opt/ros/noetic/include/ros/forwards.h:42[m[K,
                 from [01m[K/opt/ros/noetic/include/ros/node_handle.h:31[m[K,
                 from [01m[K/opt/ros/noetic/include/controller_interface/controller_base.h:35[m[K,
                 from [01m[K/opt/ros/noetic/include/controller_interface/controller.h:35[m[K,
                 from [01m[K/home/advrob/elfin_ws/src/edu-elfin_simulation/arm_controllers/src/reactive_controller.cpp:2[m[K:
[01m[K/usr/include/c++/9/complex:463:5:[m[K [01;36m[Knote: [m[Kcandidate: ‘[01m[Ktemplate<class _Tp> constexpr bool std::operator==(const std::complex<_Tp>&, const std::complex<_Tp>&)[m[K’
  463 |     [01;36m[Koperator[m[K==(const complex<_Tp>& __x, const complex<_Tp>& __y)
      |     [01;36m[K^~~~~~~~[m[K
[01m[K/usr/include/c++/9/complex:463:5:[m[K [01;36m[Knote: [m[K  template argument deduction/substitution failed:
[01m[K/home/advrob/elfin_ws/src/edu-elfin_simulation/arm_controllers/src/reactive_controller.cpp:272:37:[m[K [01;36m[Knote: [m[K  mismatched types ‘[01m[Kconst std::complex<_Tp>[m[K’ and ‘[01m[Kchar[m[K’
  272 |         change_trajectory = text == [01;36m[KKEY[m[K;
      |                                     [01;36m[K^~~[m[K
In file included from [01m[K/usr/include/boost/config/no_tr1/complex.hpp:21[m[K,
                 from [01m[K/usr/include/boost/math/policies/error_handling.hpp:17[m[K,
                 from [01m[K/usr/include/boost/math/special_functions/round.hpp:14[m[K,
                 from [01m[K/opt/ros/noetic/include/ros/time.h:58[m[K,
                 from [01m[K/opt/ros/noetic/include/ros/forwards.h:42[m[K,
                 from [01m[K/opt/ros/noetic/include/ros/node_handle.h:31[m[K,
                 from [01m[K/opt/ros/noetic/include/controller_interface/controller_base.h:35[m[K,
                 from [01m[K/opt/ros/noetic/include/controller_interface/controller.h:35[m[K,
                 from [01m[K/home/advrob/elfin_ws/src/edu-elfin_simulation/arm_controllers/src/reactive_controller.cpp:2[m[K:
[01m[K/usr/include/c++/9/complex:468:5:[m[K [01;36m[Knote: [m[Kcandidate: ‘[01m[Ktemplate<class _Tp> constexpr bool std::operator==(const std::complex<_Tp>&, const _Tp&)[m[K’
  468 |     [01;36m[Koperator[m[K==(const complex<_Tp>& __x, const _Tp& __y)
      |     [01;36m[K^~~~~~~~[m[K
[01m[K/usr/include/c++/9/complex:468:5:[m[K [01;36m[Knote: [m[K  template argument deduction/substitution failed:
[01m[K/home/advrob/elfin_ws/src/edu-elfin_simulation/arm_controllers/src/reactive_controller.cpp:272:37:[m[K [01;36m[Knote: [m[K  mismatched types ‘[01m[Kconst std::complex<_Tp>[m[K’ and ‘[01m[Kchar[m[K’
  272 |         change_trajectory = text == [01;36m[KKEY[m[K;
      |                                     [01;36m[K^~~[m[K
In file included from [01m[K/usr/include/boost/config/no_tr1/complex.hpp:21[m[K,
                 from [01m[K/usr/include/boost/math/policies/error_handling.hpp:17[m[K,
                 from [01m[K/usr/include/boost/math/special_functions/round.hpp:14[m[K,
                 from [01m[K/opt/ros/noetic/include/ros/time.h:58[m[K,
                 from [01m[K/opt/ros/noetic/include/ros/forwards.h:42[m[K,
                 from [01m[K/opt/ros/noetic/include/ros/node_handle.h:31[m[K,
                 from [01m[K/opt/ros/noetic/include/controller_interface/controller_base.h:35[m[K,
                 from [01m[K/opt/ros/noetic/include/controller_interface/controller.h:35[m[K,
                 from [01m[K/home/advrob/elfin_ws/src/edu-elfin_simulation/arm_controllers/src/reactive_controller.cpp:2[m[K:
[01m[K/usr/include/c++/9/complex:473:5:[m[K [01;36m[Knote: [m[Kcandidate: ‘[01m[Ktemplate<class _Tp> constexpr bool std::operator==(const _Tp&, const std::complex<_Tp>&)[m[K’
  473 |     [01;36m[Koperator[m[K==(const _Tp& __x, const complex<_Tp>& __y)
      |     [01;36m[K^~~~~~~~[m[K
[01m[K/usr/include/c++/9/complex:473:5:[m[K [01;36m[Knote: [m[K  template argument deduction/substitution failed:
[01m[K/home/advrob/elfin_ws/src/edu-elfin_simulation/arm_controllers/src/reactive_controller.cpp:272:37:[m[K [01;36m[Knote: [m[K  ‘[01m[Kconst string[m[K’ {aka ‘[01m[Kconst std::__cxx11::basic_string<char>[m[K’} is not derived from ‘[01m[Kconst std::complex<_Tp>[m[K’
  272 |         change_trajectory = text == [01;36m[KKEY[m[K;
      |                                     [01;36m[K^~~[m[K
In file included from [01m[K/usr/include/c++/9/iterator:66[m[K,
                 from [01m[K/usr/include/boost/detail/iterator.hpp:11[m[K,
                 from [01m[K/usr/include/boost/array.hpp:50[m[K,
                 from [01m[K/opt/ros/noetic/include/ros/message.h:38[m[K,
                 from [01m[K/opt/ros/noetic/include/ros/publisher.h:33[m[K,
                 from [01m[K/opt/ros/noetic/include/ros/node_handle.h:32[m[K,
                 from [01m[K/opt/ros/noetic/include/controller_interface/controller_base.h:35[m[K,
                 from [01m[K/opt/ros/noetic/include/controller_interface/controller.h:35[m[K,
                 from [01m[K/home/advrob/elfin_ws/src/edu-elfin_simulation/arm_controllers/src/reactive_controller.cpp:2[m[K:
[01m[K/usr/include/c++/9/bits/stream_iterator.h:134:5:[m[K [01;36m[Knote: [m[Kcandidate: ‘[01m[Ktemplate<class _Tp, class _CharT, class _Traits, class _Dist> bool std::operator==(const std::istream_iterator<_Tp, _CharT, _Traits, _Dist>&, const std::istream_iterator<_Tp, _CharT, _Traits, _Dist>&)[m[K’
  134 |     [01;36m[Koperator[m[K==(const istream_iterator<_Tp, _CharT, _Traits, _Dist>& __x,
      |     [01;36m[K^~~~~~~~[m[K
[01m[K/usr/include/c++/9/bits/stream_iterator.h:134:5:[m[K [01;36m[Knote: [m[K  template argument deduction/substitution failed:
[01m[K/home/advrob/elfin_ws/src/edu-elfin_simulation/arm_controllers/src/reactive_controller.cpp:272:37:[m[K [01;36m[Knote: [m[K  mismatched types ‘[01m[Kconst std::istream_iterator<_Tp, _CharT, _Traits, _Dist>[m[K’ and ‘[01m[Kchar[m[K’
  272 |         change_trajectory = text == [01;36m[KKEY[m[K;
      |                                     [01;36m[K^~~[m[K
In file included from [01m[K/usr/include/c++/9/string:41[m[K,
                 from [01m[K/opt/ros/noetic/include/ros/forwards.h:31[m[K,
                 from [01m[K/opt/ros/noetic/include/ros/node_handle.h:31[m[K,
                 from [01m[K/opt/ros/noetic/include/controller_interface/controller_base.h:35[m[K,
                 from [01m[K/opt/ros/noetic/include/controller_interface/controller.h:35[m[K,
                 from [01m[K/home/advrob/elfin_ws/src/edu-elfin_simulation/arm_controllers/src/reactive_controller.cpp:2[m[K:
[01m[K/usr/include/c++/9/bits/allocator.h:155:7:[m[K [01;36m[Knote: [m[Kcandidate: ‘[01m[Kbool std::operator==(const std::allocator<char>&, const std::allocator<char>&)[m[K’
  155 |       [01;36m[Koperator[m[K==(const allocator&, const allocator&) _GLIBCXX_NOTHROW
      |       [01;36m[K^~~~~~~~[m[K
[01m[K/usr/include/c++/9/bits/allocator.h:155:18:[m[K [01;36m[Knote: [m[K  no known conversion for argument 1 from ‘[01m[Kchar[m[K’ to ‘[01m[Kconst std::allocator<char>&[m[K’
  155 |       operator==([01;36m[Kconst allocator&[m[K, const allocator&) _GLIBCXX_NOTHROW
      |                  [01;36m[K^~~~~~~~~~~~~~~~[m[K
In file included from [01m[K/usr/include/c++/9/bits/stl_algobase.h:67[m[K,
                 from [01m[K/usr/include/c++/9/bits/char_traits.h:39[m[K,
                 from [01m[K/usr/include/c++/9/string:40[m[K,
                 from [01m[K/opt/ros/noetic/include/ros/forwards.h:31[m[K,
                 from [01m[K/opt/ros/noetic/include/ros/node_handle.h:31[m[K,
                 from [01m[K/opt/ros/noetic/include/controller_interface/controller_base.h:35[m[K,
                 from [01m[K/opt/ros/noetic/include/controller_interface/controller.h:35[m[K,
                 from [01m[K/home/advrob/elfin_ws/src/edu-elfin_simulation/arm_controllers/src/reactive_controller.cpp:2[m[K:
[01m[K/usr/include/c++/9/bits/stl_iterator.h:883:5:[m[K [01;36m[Knote: [m[Kcandidate: ‘[01m[Ktemplate<class _IteratorL, class _IteratorR, class _Container> bool __gnu_cxx::operator==(const __gnu_cxx::__normal_iterator<_IteratorL, _Container>&, const __gnu_cxx::__normal_iterator<_IteratorR, _Container>&)[m[K’
  883 |     [01;36m[Koperator[m[K==(const __normal_iterator<_IteratorL, _Container>& __lhs,
      |     [01;36m[K^~~~~~~~[m[K
[01m[K/usr/include/c++/9/bits/stl_iterator.h:883:5:[m[K [01;36m[Knote: [m[K  template argument deduction/substitution failed:
[01m[K/home/advrob/elfin_ws/src/edu-elfin_simulation/arm_controllers/src/reactive_controller.cpp:272:37:[m[K [01;36m[Knote: [m[K  mismatched types ‘[01m[Kconst __gnu_cxx::__normal_iterator<_IteratorL, _Container>[m[K’ and ‘[01m[Kchar[m[K’
  272 |         change_trajectory = text == [01;36m[KKEY[m[K;
      |                                     [01;36m[K^~~[m[K
In file included from [01m[K/usr/include/c++/9/bits/stl_algobase.h:67[m[K,
                 from [01m[K/usr/include/c++/9/bits/char_traits.h:39[m[K,
                 from [01m[K/usr/include/c++/9/string:40[m[K,
                 from [01m[K/opt/ros/noetic/include/ros/forwards.h:31[m[K,
                 from [01m[K/opt/ros/noetic/include/ros/node_handle.h:31[m[K,
                 from [01m[K/opt/ros/noetic/include/controller_interface/controller_base.h:35[m[K,
                 from [01m[K/opt/ros/noetic/include/controller_interface/controller.h:35[m[K,
                 from [01m[K/home/advrob/elfin_ws/src/edu-elfin_simulation/arm_controllers/src/reactive_controller.cpp:2[m[K:
[01m[K/usr/include/c++/9/bits/stl_iterator.h:890:5:[m[K [01;36m[Knote: [m[Kcandidate: ‘[01m[Ktemplate<class _Iterator, class _Container> bool __gnu_cxx::operator==(const __gnu_cxx::__normal_iterator<_Iterator, _Container>&, const __gnu_cxx::__normal_iterator<_Iterator, _Container>&)[m[K’
  890 |     [01;36m[Koperator[m[K==(const __normal_iterator<_Iterator, _Container>& __lhs,
      |     [01;36m[K^~~~~~~~[m[K
[01m[K/usr/include/c++/9/bits/stl_iterator.h:890:5:[m[K [01;36m[Knote: [m[K  template argument deduction/substitution failed:
[01m[K/home/advrob/elfin_ws/src/edu-elfin_simulation/arm_controllers/src/reactive_controller.cpp:272:37:[m[K [01;36m[Knote: [m[K  mismatched types ‘[01m[Kconst __gnu_cxx::__normal_iterator<_Iterator, _Container>[m[K’ and ‘[01m[Kchar[m[K’
  272 |         change_trajectory = text == [01;36m[KKEY[m[K;
      |                                     [01;36m[K^~~[m[K
In file included from [01m[K/usr/include/x86_64-linux-gnu/c++/9/bits/c++allocator.h:33[m[K,
                 from [01m[K/usr/include/c++/9/bits/allocator.h:46[m[K,
                 from [01m[K/usr/include/c++/9/string:41[m[K,
                 from [01m[K/opt/ros/noetic/include/ros/forwards.h:31[m[K,
                 from [01m[K/opt/ros/noetic/include/ros/node_handle.h:31[m[K,
                 from [01m[K/opt/ros/noetic/include/controller_interface/controller_base.h:35[m[K,
                 from [01m[K/opt/ros/noetic/include/controller_interface/controller.h:35[m[K,
                 from [01m[K/home/advrob/elfin_ws/src/edu-elfin_simulation/arm_controllers/src/reactive_controller.cpp:2[m[K:
[01m[K/usr/include/c++/9/ext/new_allocator.h:166:2:[m[K [01;36m[Knote: [m[Kcandidate: ‘[01m[Ktemplate<class _Up> bool __gnu_cxx::operator==(const __gnu_cxx::new_allocator<char>&, const __gnu_cxx::new_allocator<_Tp>&)[m[K’
  166 |  [01;36m[Koperator[m[K==(const new_allocator&, const new_allocator<_Up>&)
      |  [01;36m[K^~~~~~~~[m[K
[01m[K/usr/include/c++/9/ext/new_allocator.h:166:2:[m[K [01;36m[Knote: [m[K  template argument deduction/substitution failed:
[01m[K/home/advrob/elfin_ws/src/edu-elfin_simulation/arm_controllers/src/reactive_controller.cpp:272:37:[m[K [01;36m[Knote: [m[K  ‘[01m[Kconst string[m[K’ {aka ‘[01m[Kconst std::__cxx11::basic_string<char>[m[K’} is not derived from ‘[01m[Kconst __gnu_cxx::new_allocator<_Tp>[m[K’
  272 |         change_trajectory = text == [01;36m[KKEY[m[K;
      |                                     [01;36m[K^~~[m[K
[01m[K/home/advrob/elfin_ws/src/edu-elfin_simulation/arm_controllers/src/reactive_controller.cpp:273:16:[m[K [01;31m[Kerror: [m[Kreturn-statement with a value, in function returning ‘[01m[Kvoid[m[K’ [[01;31m[K-fpermissive[m[K]
  273 |         return [01;31m[Kchange_trajectory[m[K;
      |                [01;31m[K^~~~~~~~~~~~~~~~~[m[K
[01m[K/home/advrob/elfin_ws/src/edu-elfin_simulation/arm_controllers/src/reactive_controller.cpp:[m[K In member function ‘[01m[Kvirtual void arm_controllers::reactive_controller::update(const ros::Time&, const ros::Duration&)[m[K’:
[01m[K/home/advrob/elfin_ws/src/edu-elfin_simulation/arm_controllers/src/reactive_controller.cpp:351:34:[m[K [01;31m[Kerror: [m[Kvoid value not ignored as it ought to be
  351 |         TASK_SPACE = [01;31m[KburgerPasser("KEY_DOWN")[m[K;
      |                      [01;31m[K~~~~~~~~~~~~^~~~~~~~~~~~[m[K
make[2]: *** [CMakeFiles/arm_controllers.dir/build.make:154: CMakeFiles/arm_controllers.dir/src/reactive_controller.cpp.o] Error 1
make[1]: *** [CMakeFiles/Makefile2:385: CMakeFiles/arm_controllers.dir/all] Error 2
make: *** [Makefile:141: all] Error 2
