Linked: (/home/advrob/elfin_ws/devel/.private/arm_controllers/lib/libarm_controllers.so, /home/advrob/elfin_ws/devel/lib/libarm_controllers.so)
Linked: (/home/advrob/elfin_ws/devel/.private/arm_controllers/lib/python3/dist-packages/arm_controllers/__init__.py, /home/advrob/elfin_ws/devel/lib/python3/dist-packages/arm_controllers/__init__.py)
Linked: (/home/advrob/elfin_ws/devel/.private/arm_controllers/lib/python3/dist-packages/arm_controllers/msg/_ControllerJointState.py, /home/advrob/elfin_ws/devel/lib/python3/dist-packages/arm_controllers/msg/_ControllerJointState.py)
Linked: (/home/advrob/elfin_ws/devel/.private/arm_controllers/lib/python3/dist-packages/arm_controllers/msg/__init__.py, /home/advrob/elfin_ws/devel/lib/python3/dist-packages/arm_controllers/msg/__init__.py)
Linked: (/home/advrob/elfin_ws/devel/.private/arm_controllers/lib/python3/dist-packages/arm_controllers/cfg/__init__.py, /home/advrob/elfin_ws/devel/lib/python3/dist-packages/arm_controllers/cfg/__init__.py)
Linked: (/home/advrob/elfin_ws/devel/.private/arm_controllers/lib/python3/dist-packages/arm_controllers/cfg/PassivityControllerParamsConfig.py, /home/advrob/elfin_ws/devel/lib/python3/dist-packages/arm_controllers/cfg/PassivityControllerParamsConfig.py)
Linked: (/home/advrob/elfin_ws/devel/.private/arm_controllers/lib/pkgconfig/arm_controllers.pc, /home/advrob/elfin_ws/devel/lib/pkgconfig/arm_controllers.pc)
Linked: (/home/advrob/elfin_ws/devel/.private/arm_controllers/include/arm_controllers/PassivityControllerParamsConfig.h, /home/advrob/elfin_ws/devel/include/arm_controllers/PassivityControllerParamsConfig.h)
Linked: (/home/advrob/elfin_ws/devel/.private/arm_controllers/include/arm_controllers/ControllerJointState.h, /home/advrob/elfin_ws/devel/include/arm_controllers/ControllerJointState.h)
Linked: (/home/advrob/elfin_ws/devel/.private/arm_controllers/share/arm_controllers/docs/PassivityControllerParamsConfig.dox, /home/advrob/elfin_ws/devel/share/arm_controllers/docs/PassivityControllerParamsConfig.dox)
Linked: (/home/advrob/elfin_ws/devel/.private/arm_controllers/share/arm_controllers/docs/PassivityControllerParamsConfig-usage.dox, /home/advrob/elfin_ws/devel/share/arm_controllers/docs/PassivityControllerParamsConfig-usage.dox)
Linked: (/home/advrob/elfin_ws/devel/.private/arm_controllers/share/arm_controllers/docs/PassivityControllerParamsConfig.wikidoc, /home/advrob/elfin_ws/devel/share/arm_controllers/docs/PassivityControllerParamsConfig.wikidoc)
Linked: (/home/advrob/elfin_ws/devel/.private/arm_controllers/share/arm_controllers/cmake/arm_controllers-msg-extras.cmake, /home/advrob/elfin_ws/devel/share/arm_controllers/cmake/arm_controllers-msg-extras.cmake)
Linked: (/home/advrob/elfin_ws/devel/.private/arm_controllers/share/arm_controllers/cmake/arm_controllers-msg-paths.cmake, /home/advrob/elfin_ws/devel/share/arm_controllers/cmake/arm_controllers-msg-paths.cmake)
Linked: (/home/advrob/elfin_ws/devel/.private/arm_controllers/share/arm_controllers/cmake/arm_controllersConfig.cmake, /home/advrob/elfin_ws/devel/share/arm_controllers/cmake/arm_controllersConfig.cmake)
Linked: (/home/advrob/elfin_ws/devel/.private/arm_controllers/share/arm_controllers/cmake/arm_controllersConfig-version.cmake, /home/advrob/elfin_ws/devel/share/arm_controllers/cmake/arm_controllersConfig-version.cmake)
Linked: (/home/advrob/elfin_ws/devel/.private/arm_controllers/share/roseus/ros/arm_controllers/manifest.l, /home/advrob/elfin_ws/devel/share/roseus/ros/arm_controllers/manifest.l)
Linked: (/home/advrob/elfin_ws/devel/.private/arm_controllers/share/roseus/ros/arm_controllers/msg/ControllerJointState.l, /home/advrob/elfin_ws/devel/share/roseus/ros/arm_controllers/msg/ControllerJointState.l)
Linked: (/home/advrob/elfin_ws/devel/.private/arm_controllers/share/common-lisp/ros/arm_controllers/msg/arm_controllers-msg.asd, /home/advrob/elfin_ws/devel/share/common-lisp/ros/arm_controllers/msg/arm_controllers-msg.asd)
Linked: (/home/advrob/elfin_ws/devel/.private/arm_controllers/share/common-lisp/ros/arm_controllers/msg/ControllerJointState.lisp, /home/advrob/elfin_ws/devel/share/common-lisp/ros/arm_controllers/msg/ControllerJointState.lisp)
Linked: (/home/advrob/elfin_ws/devel/.private/arm_controllers/share/common-lisp/ros/arm_controllers/msg/_package.lisp, /home/advrob/elfin_ws/devel/share/common-lisp/ros/arm_controllers/msg/_package.lisp)
Linked: (/home/advrob/elfin_ws/devel/.private/arm_controllers/share/common-lisp/ros/arm_controllers/msg/_package_ControllerJointState.lisp, /home/advrob/elfin_ws/devel/share/common-lisp/ros/arm_controllers/msg/_package_ControllerJointState.lisp)
Linked: (/home/advrob/elfin_ws/devel/.private/arm_controllers/share/gennodejs/ros/arm_controllers/_index.js, /home/advrob/elfin_ws/devel/share/gennodejs/ros/arm_controllers/_index.js)
Linked: (/home/advrob/elfin_ws/devel/.private/arm_controllers/share/gennodejs/ros/arm_controllers/msg/_index.js, /home/advrob/elfin_ws/devel/share/gennodejs/ros/arm_controllers/msg/_index.js)
Linked: (/home/advrob/elfin_ws/devel/.private/arm_controllers/share/gennodejs/ros/arm_controllers/msg/ControllerJointState.js, /home/advrob/elfin_ws/devel/share/gennodejs/ros/arm_controllers/msg/ControllerJointState.js)
