[01m[K/home/advrob/elfin_ws/src/edu-elfin_simulation/arm_controllers/src/reactive_controller.cpp:[m[K In member function ‘[01m[Kvoid arm_controllers::reactive_controller::save_data()[m[K’:
[01m[K/home/advrob/elfin_ws/src/edu-elfin_simulation/arm_controllers/src/reactive_controller.cpp:653:29:[m[K [01;31m[Kerror: [m[Kno match for call to ‘[01m[K(KDL::Frame) (int)[m[K’
  653 |         SaveData_[49] = x_(1[01;31m[K)[m[K;
      |                             [01;31m[K^[m[K
In file included from [01m[K/usr/include/kdl/frames.hpp:1261[m[K,
                 from [01m[K/usr/include/kdl/segment.hpp:26[m[K,
                 from [01m[K/usr/include/kdl/tree.hpp:27[m[K,
                 from [01m[K/home/advrob/elfin_ws/src/edu-elfin_simulation/arm_controllers/src/reactive_controller.cpp:12[m[K:
[01m[K/usr/include/kdl/frames.inl:662:8:[m[K [01;36m[Knote: [m[Kcandidate: ‘[01m[Kdouble KDL::Frame::operator()(int, int)[m[K’
  662 | double [01;36m[KFrame[m[K::operator()(int i,int j) {
      |        [01;36m[K^~~~~[m[K
[01m[K/usr/include/kdl/frames.inl:662:8:[m[K [01;36m[Knote: [m[K  candidate expects 2 arguments, 1 provided
[01m[K/usr/include/kdl/frames.inl:678:8:[m[K [01;36m[Knote: [m[Kcandidate: ‘[01m[Kdouble KDL::Frame::operator()(int, int) const[m[K’
  678 | double [01;36m[KFrame[m[K::operator()(int i,int j) const {
      |        [01;36m[K^~~~~[m[K
[01m[K/usr/include/kdl/frames.inl:678:8:[m[K [01;36m[Knote: [m[K  candidate expects 2 arguments, 1 provided
[01m[K/home/advrob/elfin_ws/src/edu-elfin_simulation/arm_controllers/src/reactive_controller.cpp:654:29:[m[K [01;31m[Kerror: [m[Kno match for call to ‘[01m[K(KDL::Frame) (int)[m[K’
  654 |         SaveData_[50] = x_(1[01;31m[K)[m[K;
      |                             [01;31m[K^[m[K
In file included from [01m[K/usr/include/kdl/frames.hpp:1261[m[K,
                 from [01m[K/usr/include/kdl/segment.hpp:26[m[K,
                 from [01m[K/usr/include/kdl/tree.hpp:27[m[K,
                 from [01m[K/home/advrob/elfin_ws/src/edu-elfin_simulation/arm_controllers/src/reactive_controller.cpp:12[m[K:
[01m[K/usr/include/kdl/frames.inl:662:8:[m[K [01;36m[Knote: [m[Kcandidate: ‘[01m[Kdouble KDL::Frame::operator()(int, int)[m[K’
  662 | double [01;36m[KFrame[m[K::operator()(int i,int j) {
      |        [01;36m[K^~~~~[m[K
[01m[K/usr/include/kdl/frames.inl:662:8:[m[K [01;36m[Knote: [m[K  candidate expects 2 arguments, 1 provided
[01m[K/usr/include/kdl/frames.inl:678:8:[m[K [01;36m[Knote: [m[Kcandidate: ‘[01m[Kdouble KDL::Frame::operator()(int, int) const[m[K’
  678 | double [01;36m[KFrame[m[K::operator()(int i,int j) const {
      |        [01;36m[K^~~~~[m[K
[01m[K/usr/include/kdl/frames.inl:678:8:[m[K [01;36m[Knote: [m[K  candidate expects 2 arguments, 1 provided
[01m[K/home/advrob/elfin_ws/src/edu-elfin_simulation/arm_controllers/src/reactive_controller.cpp:655:29:[m[K [01;31m[Kerror: [m[Kno match for call to ‘[01m[K(KDL::Frame) (int)[m[K’
  655 |         SaveData_[51] = x_(1[01;31m[K)[m[K;
      |                             [01;31m[K^[m[K
In file included from [01m[K/usr/include/kdl/frames.hpp:1261[m[K,
                 from [01m[K/usr/include/kdl/segment.hpp:26[m[K,
                 from [01m[K/usr/include/kdl/tree.hpp:27[m[K,
                 from [01m[K/home/advrob/elfin_ws/src/edu-elfin_simulation/arm_controllers/src/reactive_controller.cpp:12[m[K:
[01m[K/usr/include/kdl/frames.inl:662:8:[m[K [01;36m[Knote: [m[Kcandidate: ‘[01m[Kdouble KDL::Frame::operator()(int, int)[m[K’
  662 | double [01;36m[KFrame[m[K::operator()(int i,int j) {
      |        [01;36m[K^~~~~[m[K
[01m[K/usr/include/kdl/frames.inl:662:8:[m[K [01;36m[Knote: [m[K  candidate expects 2 arguments, 1 provided
[01m[K/usr/include/kdl/frames.inl:678:8:[m[K [01;36m[Knote: [m[Kcandidate: ‘[01m[Kdouble KDL::Frame::operator()(int, int) const[m[K’
  678 | double [01;36m[KFrame[m[K::operator()(int i,int j) const {
      |        [01;36m[K^~~~~[m[K
[01m[K/usr/include/kdl/frames.inl:678:8:[m[K [01;36m[Knote: [m[K  candidate expects 2 arguments, 1 provided
[01m[K/home/advrob/elfin_ws/src/edu-elfin_simulation/arm_controllers/src/reactive_controller.cpp:658:30:[m[K [01;31m[Kerror: [m[Kno match for call to ‘[01m[K(KDL::Frame) (int)[m[K’
  658 |         SaveData_[52] = xd_(1[01;31m[K)[m[K;
      |                              [01;31m[K^[m[K
In file included from [01m[K/usr/include/kdl/frames.hpp:1261[m[K,
                 from [01m[K/usr/include/kdl/segment.hpp:26[m[K,
                 from [01m[K/usr/include/kdl/tree.hpp:27[m[K,
                 from [01m[K/home/advrob/elfin_ws/src/edu-elfin_simulation/arm_controllers/src/reactive_controller.cpp:12[m[K:
[01m[K/usr/include/kdl/frames.inl:662:8:[m[K [01;36m[Knote: [m[Kcandidate: ‘[01m[Kdouble KDL::Frame::operator()(int, int)[m[K’
  662 | double [01;36m[KFrame[m[K::operator()(int i,int j) {
      |        [01;36m[K^~~~~[m[K
[01m[K/usr/include/kdl/frames.inl:662:8:[m[K [01;36m[Knote: [m[K  candidate expects 2 arguments, 1 provided
[01m[K/usr/include/kdl/frames.inl:678:8:[m[K [01;36m[Knote: [m[Kcandidate: ‘[01m[Kdouble KDL::Frame::operator()(int, int) const[m[K’
  678 | double [01;36m[KFrame[m[K::operator()(int i,int j) const {
      |        [01;36m[K^~~~~[m[K
[01m[K/usr/include/kdl/frames.inl:678:8:[m[K [01;36m[Knote: [m[K  candidate expects 2 arguments, 1 provided
[01m[K/home/advrob/elfin_ws/src/edu-elfin_simulation/arm_controllers/src/reactive_controller.cpp:659:30:[m[K [01;31m[Kerror: [m[Kno match for call to ‘[01m[K(KDL::Frame) (int)[m[K’
  659 |         SaveData_[53] = xd_(1[01;31m[K)[m[K;
      |                              [01;31m[K^[m[K
In file included from [01m[K/usr/include/kdl/frames.hpp:1261[m[K,
                 from [01m[K/usr/include/kdl/segment.hpp:26[m[K,
                 from [01m[K/usr/include/kdl/tree.hpp:27[m[K,
                 from [01m[K/home/advrob/elfin_ws/src/edu-elfin_simulation/arm_controllers/src/reactive_controller.cpp:12[m[K:
[01m[K/usr/include/kdl/frames.inl:662:8:[m[K [01;36m[Knote: [m[Kcandidate: ‘[01m[Kdouble KDL::Frame::operator()(int, int)[m[K’
  662 | double [01;36m[KFrame[m[K::operator()(int i,int j) {
      |        [01;36m[K^~~~~[m[K
[01m[K/usr/include/kdl/frames.inl:662:8:[m[K [01;36m[Knote: [m[K  candidate expects 2 arguments, 1 provided
[01m[K/usr/include/kdl/frames.inl:678:8:[m[K [01;36m[Knote: [m[Kcandidate: ‘[01m[Kdouble KDL::Frame::operator()(int, int) const[m[K’
  678 | double [01;36m[KFrame[m[K::operator()(int i,int j) const {
      |        [01;36m[K^~~~~[m[K
[01m[K/usr/include/kdl/frames.inl:678:8:[m[K [01;36m[Knote: [m[K  candidate expects 2 arguments, 1 provided
[01m[K/home/advrob/elfin_ws/src/edu-elfin_simulation/arm_controllers/src/reactive_controller.cpp:660:30:[m[K [01;31m[Kerror: [m[Kno match for call to ‘[01m[K(KDL::Frame) (int)[m[K’
  660 |         SaveData_[54] = xd_(1[01;31m[K)[m[K;
      |                              [01;31m[K^[m[K
In file included from [01m[K/usr/include/kdl/frames.hpp:1261[m[K,
                 from [01m[K/usr/include/kdl/segment.hpp:26[m[K,
                 from [01m[K/usr/include/kdl/tree.hpp:27[m[K,
                 from [01m[K/home/advrob/elfin_ws/src/edu-elfin_simulation/arm_controllers/src/reactive_controller.cpp:12[m[K:
[01m[K/usr/include/kdl/frames.inl:662:8:[m[K [01;36m[Knote: [m[Kcandidate: ‘[01m[Kdouble KDL::Frame::operator()(int, int)[m[K’
  662 | double [01;36m[KFrame[m[K::operator()(int i,int j) {
      |        [01;36m[K^~~~~[m[K
[01m[K/usr/include/kdl/frames.inl:662:8:[m[K [01;36m[Knote: [m[K  candidate expects 2 arguments, 1 provided
[01m[K/usr/include/kdl/frames.inl:678:8:[m[K [01;36m[Knote: [m[Kcandidate: ‘[01m[Kdouble KDL::Frame::operator()(int, int) const[m[K’
  678 | double [01;36m[KFrame[m[K::operator()(int i,int j) const {
      |        [01;36m[K^~~~~[m[K
[01m[K/usr/include/kdl/frames.inl:678:8:[m[K [01;36m[Knote: [m[K  candidate expects 2 arguments, 1 provided
[01m[K/home/advrob/elfin_ws/src/edu-elfin_simulation/arm_controllers/src/reactive_controller.cpp:[m[K In member function ‘[01m[Kvoid arm_controllers::reactive_controller::print_state()[m[K’:
[01m[K/home/advrob/elfin_ws/src/edu-elfin_simulation/arm_controllers/src/reactive_controller.cpp:755:36:[m[K [01;31m[Kerror: [m[Kno match for call to ‘[01m[K(KDL::Frame) (int)[m[K’
  755 |                 printf("%f, ", x_(0[01;31m[K)[m[K);
      |                                    [01;31m[K^[m[K
In file included from [01m[K/usr/include/kdl/frames.hpp:1261[m[K,
                 from [01m[K/usr/include/kdl/segment.hpp:26[m[K,
                 from [01m[K/usr/include/kdl/tree.hpp:27[m[K,
                 from [01m[K/home/advrob/elfin_ws/src/edu-elfin_simulation/arm_controllers/src/reactive_controller.cpp:12[m[K:
[01m[K/usr/include/kdl/frames.inl:662:8:[m[K [01;36m[Knote: [m[Kcandidate: ‘[01m[Kdouble KDL::Frame::operator()(int, int)[m[K’
  662 | double [01;36m[KFrame[m[K::operator()(int i,int j) {
      |        [01;36m[K^~~~~[m[K
[01m[K/usr/include/kdl/frames.inl:662:8:[m[K [01;36m[Knote: [m[K  candidate expects 2 arguments, 1 provided
[01m[K/usr/include/kdl/frames.inl:678:8:[m[K [01;36m[Knote: [m[Kcandidate: ‘[01m[Kdouble KDL::Frame::operator()(int, int) const[m[K’
  678 | double [01;36m[KFrame[m[K::operator()(int i,int j) const {
      |        [01;36m[K^~~~~[m[K
[01m[K/usr/include/kdl/frames.inl:678:8:[m[K [01;36m[Knote: [m[K  candidate expects 2 arguments, 1 provided
[01m[K/home/advrob/elfin_ws/src/edu-elfin_simulation/arm_controllers/src/reactive_controller.cpp:756:36:[m[K [01;31m[Kerror: [m[Kno match for call to ‘[01m[K(KDL::Frame) (int)[m[K’
  756 |                 printf("%f, ", x_(1[01;31m[K)[m[K);
      |                                    [01;31m[K^[m[K
In file included from [01m[K/usr/include/kdl/frames.hpp:1261[m[K,
                 from [01m[K/usr/include/kdl/segment.hpp:26[m[K,
                 from [01m[K/usr/include/kdl/tree.hpp:27[m[K,
                 from [01m[K/home/advrob/elfin_ws/src/edu-elfin_simulation/arm_controllers/src/reactive_controller.cpp:12[m[K:
[01m[K/usr/include/kdl/frames.inl:662:8:[m[K [01;36m[Knote: [m[Kcandidate: ‘[01m[Kdouble KDL::Frame::operator()(int, int)[m[K’
  662 | double [01;36m[KFrame[m[K::operator()(int i,int j) {
      |        [01;36m[K^~~~~[m[K
[01m[K/usr/include/kdl/frames.inl:662:8:[m[K [01;36m[Knote: [m[K  candidate expects 2 arguments, 1 provided
[01m[K/usr/include/kdl/frames.inl:678:8:[m[K [01;36m[Knote: [m[Kcandidate: ‘[01m[Kdouble KDL::Frame::operator()(int, int) const[m[K’
  678 | double [01;36m[KFrame[m[K::operator()(int i,int j) const {
      |        [01;36m[K^~~~~[m[K
[01m[K/usr/include/kdl/frames.inl:678:8:[m[K [01;36m[Knote: [m[K  candidate expects 2 arguments, 1 provided
[01m[K/home/advrob/elfin_ws/src/edu-elfin_simulation/arm_controllers/src/reactive_controller.cpp:757:36:[m[K [01;31m[Kerror: [m[Kno match for call to ‘[01m[K(KDL::Frame) (int)[m[K’
  757 |                 printf("%f, ", x_(2[01;31m[K)[m[K);
      |                                    [01;31m[K^[m[K
In file included from [01m[K/usr/include/kdl/frames.hpp:1261[m[K,
                 from [01m[K/usr/include/kdl/segment.hpp:26[m[K,
                 from [01m[K/usr/include/kdl/tree.hpp:27[m[K,
                 from [01m[K/home/advrob/elfin_ws/src/edu-elfin_simulation/arm_controllers/src/reactive_controller.cpp:12[m[K:
[01m[K/usr/include/kdl/frames.inl:662:8:[m[K [01;36m[Knote: [m[Kcandidate: ‘[01m[Kdouble KDL::Frame::operator()(int, int)[m[K’
  662 | double [01;36m[KFrame[m[K::operator()(int i,int j) {
      |        [01;36m[K^~~~~[m[K
[01m[K/usr/include/kdl/frames.inl:662:8:[m[K [01;36m[Knote: [m[K  candidate expects 2 arguments, 1 provided
[01m[K/usr/include/kdl/frames.inl:678:8:[m[K [01;36m[Knote: [m[Kcandidate: ‘[01m[Kdouble KDL::Frame::operator()(int, int) const[m[K’
  678 | double [01;36m[KFrame[m[K::operator()(int i,int j) const {
      |        [01;36m[K^~~~~[m[K
[01m[K/usr/include/kdl/frames.inl:678:8:[m[K [01;36m[Knote: [m[K  candidate expects 2 arguments, 1 provided
[01m[K/home/advrob/elfin_ws/src/edu-elfin_simulation/arm_controllers/src/reactive_controller.cpp:760:37:[m[K [01;31m[Kerror: [m[Kno match for call to ‘[01m[K(KDL::Frame) (int)[m[K’
  760 |                 printf("%f, ", xd_(0[01;31m[K)[m[K);
      |                                     [01;31m[K^[m[K
In file included from [01m[K/usr/include/kdl/frames.hpp:1261[m[K,
                 from [01m[K/usr/include/kdl/segment.hpp:26[m[K,
                 from [01m[K/usr/include/kdl/tree.hpp:27[m[K,
                 from [01m[K/home/advrob/elfin_ws/src/edu-elfin_simulation/arm_controllers/src/reactive_controller.cpp:12[m[K:
[01m[K/usr/include/kdl/frames.inl:662:8:[m[K [01;36m[Knote: [m[Kcandidate: ‘[01m[Kdouble KDL::Frame::operator()(int, int)[m[K’
  662 | double [01;36m[KFrame[m[K::operator()(int i,int j) {
      |        [01;36m[K^~~~~[m[K
[01m[K/usr/include/kdl/frames.inl:662:8:[m[K [01;36m[Knote: [m[K  candidate expects 2 arguments, 1 provided
[01m[K/usr/include/kdl/frames.inl:678:8:[m[K [01;36m[Knote: [m[Kcandidate: ‘[01m[Kdouble KDL::Frame::operator()(int, int) const[m[K’
  678 | double [01;36m[KFrame[m[K::operator()(int i,int j) const {
      |        [01;36m[K^~~~~[m[K
[01m[K/usr/include/kdl/frames.inl:678:8:[m[K [01;36m[Knote: [m[K  candidate expects 2 arguments, 1 provided
[01m[K/home/advrob/elfin_ws/src/edu-elfin_simulation/arm_controllers/src/reactive_controller.cpp:761:37:[m[K [01;31m[Kerror: [m[Kno match for call to ‘[01m[K(KDL::Frame) (int)[m[K’
  761 |                 printf("%f, ", xd_(1[01;31m[K)[m[K);
      |                                     [01;31m[K^[m[K
In file included from [01m[K/usr/include/kdl/frames.hpp:1261[m[K,
                 from [01m[K/usr/include/kdl/segment.hpp:26[m[K,
                 from [01m[K/usr/include/kdl/tree.hpp:27[m[K,
                 from [01m[K/home/advrob/elfin_ws/src/edu-elfin_simulation/arm_controllers/src/reactive_controller.cpp:12[m[K:
[01m[K/usr/include/kdl/frames.inl:662:8:[m[K [01;36m[Knote: [m[Kcandidate: ‘[01m[Kdouble KDL::Frame::operator()(int, int)[m[K’
  662 | double [01;36m[KFrame[m[K::operator()(int i,int j) {
      |        [01;36m[K^~~~~[m[K
[01m[K/usr/include/kdl/frames.inl:662:8:[m[K [01;36m[Knote: [m[K  candidate expects 2 arguments, 1 provided
[01m[K/usr/include/kdl/frames.inl:678:8:[m[K [01;36m[Knote: [m[Kcandidate: ‘[01m[Kdouble KDL::Frame::operator()(int, int) const[m[K’
  678 | double [01;36m[KFrame[m[K::operator()(int i,int j) const {
      |        [01;36m[K^~~~~[m[K
[01m[K/usr/include/kdl/frames.inl:678:8:[m[K [01;36m[Knote: [m[K  candidate expects 2 arguments, 1 provided
[01m[K/home/advrob/elfin_ws/src/edu-elfin_simulation/arm_controllers/src/reactive_controller.cpp:762:37:[m[K [01;31m[Kerror: [m[Kno match for call to ‘[01m[K(KDL::Frame) (int)[m[K’
  762 |                 printf("%f, ", xd_(2[01;31m[K)[m[K);
      |                                     [01;31m[K^[m[K
In file included from [01m[K/usr/include/kdl/frames.hpp:1261[m[K,
                 from [01m[K/usr/include/kdl/segment.hpp:26[m[K,
                 from [01m[K/usr/include/kdl/tree.hpp:27[m[K,
                 from [01m[K/home/advrob/elfin_ws/src/edu-elfin_simulation/arm_controllers/src/reactive_controller.cpp:12[m[K:
[01m[K/usr/include/kdl/frames.inl:662:8:[m[K [01;36m[Knote: [m[Kcandidate: ‘[01m[Kdouble KDL::Frame::operator()(int, int)[m[K’
  662 | double [01;36m[KFrame[m[K::operator()(int i,int j) {
      |        [01;36m[K^~~~~[m[K
[01m[K/usr/include/kdl/frames.inl:662:8:[m[K [01;36m[Knote: [m[K  candidate expects 2 arguments, 1 provided
[01m[K/usr/include/kdl/frames.inl:678:8:[m[K [01;36m[Knote: [m[Kcandidate: ‘[01m[Kdouble KDL::Frame::operator()(int, int) const[m[K’
  678 | double [01;36m[KFrame[m[K::operator()(int i,int j) const {
      |        [01;36m[K^~~~~[m[K
[01m[K/usr/include/kdl/frames.inl:678:8:[m[K [01;36m[Knote: [m[K  candidate expects 2 arguments, 1 provided
make[2]: *** [CMakeFiles/arm_controllers.dir/build.make:154: CMakeFiles/arm_controllers.dir/src/reactive_controller.cpp.o] Error 1
make[1]: *** [CMakeFiles/Makefile2:385: CMakeFiles/arm_controllers.dir/all] Error 2
make: *** [Makefile:141: all] Error 2
