[01m[K/home/advrob/elfin_ws/src/edu-elfin_simulation/arm_controllers/src/reactive_controller.cpp:[m[K In member function ‘[01m[Kvirtual bool arm_controllers::reactive_controller::init(hardware_interface::EffortJointInterface*, ros::NodeHandle&)[m[K’:
[01m[K/home/advrob/elfin_ws/src/edu-elfin_simulation/arm_controllers/src/reactive_controller.cpp:45:18:[m[K [01;31m[Kerror: [m[Kassignment of read-only member ‘[01m[Karm_controllers::reactive_controller::key_down[m[K’
   45 |         [01;31m[Kkey_down = hash("KEY_DOWN")[m[K;
      |         [01;31m[K~~~~~~~~~^~~~~~~~~~~~~~~~~~[m[K
[01m[K/home/advrob/elfin_ws/src/edu-elfin_simulation/arm_controllers/src/reactive_controller.cpp:46:16:[m[K [01;31m[Kerror: [m[Kassignment of read-only member ‘[01m[Karm_controllers::reactive_controller::key_up[m[K’
   46 |         [01;31m[Kkey_up = hash("KEY_UP")[m[K;
      |         [01;31m[K~~~~~~~^~~~~~~~~~~~~~~~[m[K
[01m[K/home/advrob/elfin_ws/src/edu-elfin_simulation/arm_controllers/src/reactive_controller.cpp:47:18:[m[K [01;31m[Kerror: [m[Kassignment of read-only member ‘[01m[Karm_controllers::reactive_controller::key_left[m[K’
   47 |         [01;31m[Kkey_left = hash("KEY_LEFT")[m[K;
      |         [01;31m[K~~~~~~~~~^~~~~~~~~~~~~~~~~~[m[K
[01m[K/home/advrob/elfin_ws/src/edu-elfin_simulation/arm_controllers/src/reactive_controller.cpp:48:19:[m[K [01;31m[Kerror: [m[Kassignment of read-only member ‘[01m[Karm_controllers::reactive_controller::key_right[m[K’
   48 |         [01;31m[Kkey_right = hash("KEY_RIGHT")[m[K;
      |         [01;31m[K~~~~~~~~~~^~~~~~~~~~~~~~~~~~~[m[K
[01m[K/home/advrob/elfin_ws/src/edu-elfin_simulation/arm_controllers/src/reactive_controller.cpp:[m[K In member function ‘[01m[Kstd::string arm_controllers::reactive_controller::keyCmd(const ConstPtr&)[m[K’:
[01m[K/home/advrob/elfin_ws/src/edu-elfin_simulation/arm_controllers/src/reactive_controller.cpp:253:33:[m[K [01;35m[Kwarning: [m[Kformat not a string literal and no format arguments [[01;35m[K-Wformat-security[m[K]
  253 |         printf(msg->data.c_str()[01;35m[K)[m[K;
      |                                 [01;35m[K^[m[K
[01m[K/home/advrob/elfin_ws/src/edu-elfin_simulation/arm_controllers/src/reactive_controller.cpp:257:5:[m[K [01;35m[Kwarning: [m[Kno return statement in function returning non-void [[01;35m[K-Wreturn-type[m[K]
  257 |     [01;35m[K}[m[K
      |     [01;35m[K^[m[K
[01m[K/home/advrob/elfin_ws/src/edu-elfin_simulation/arm_controllers/src/reactive_controller.cpp:[m[K In member function ‘[01m[Kvirtual void arm_controllers::reactive_controller::update(const ros::Time&, const ros::Duration&)[m[K’:
[01m[K/home/advrob/elfin_ws/src/edu-elfin_simulation/arm_controllers/src/reactive_controller.cpp:334:18:[m[K [01;31m[Kerror: [m[Kuse of ‘[01m[Kthis[m[K’ in a constant expression
  334 |             case [01;31m[Kkey_down[m[K:
      |                  [01;31m[K^~~~~~~~[m[K
[01m[K/home/advrob/elfin_ws/src/edu-elfin_simulation/arm_controllers/src/reactive_controller.cpp:334:18:[m[K [01;31m[Kerror: [m[K‘[01m[Kthis[m[K’ is not a constant expression
In file included from [01m[K/opt/ros/noetic/include/class_loader/class_loader_core.hpp:45[m[K,
                 from [01m[K/opt/ros/noetic/include/class_loader/class_loader.hpp:46[m[K,
                 from [01m[K/opt/ros/noetic/include/pluginlib/./class_list_macros.hpp:40[m[K,
                 from [01m[K/opt/ros/noetic/include/pluginlib/class_list_macros.h:35[m[K,
                 from [01m[K/home/advrob/elfin_ws/src/edu-elfin_simulation/arm_controllers/src/reactive_controller.cpp:5[m[K:
/opt/ros/noetic/include/class_loader/meta_object.hpp: In instantiation of ‘[01m[KB* class_loader::impl::MetaObject<C, B>::create() const [with C = arm_controllers::reactive_controller; B = controller_interface::ControllerBase][m[K’:
[01m[K/opt/ros/noetic/include/class_loader/meta_object.hpp:196:7:[m[K   required from here
[01m[K/opt/ros/noetic/include/class_loader/meta_object.hpp:198:12:[m[K [01;31m[Kerror: [m[Kuse of deleted function ‘[01m[Karm_controllers::reactive_controller::reactive_controller()[m[K’
  198 |     return [01;31m[Knew C[m[K;
      |            [01;31m[K^~~~~[m[K
[01m[K/home/advrob/elfin_ws/src/edu-elfin_simulation/arm_controllers/src/reactive_controller.cpp:40:7:[m[K [01;36m[Knote: [m[K‘[01m[Karm_controllers::reactive_controller::reactive_controller()[m[K’ is implicitly deleted because the default definition would be ill-formed:
   40 | class [01;36m[Kreactive_controller[m[K : public controller_interface::Controller<hardware_interface::EffortJointInterface>
      |       [01;36m[K^~~~~~~~~~~~~~~~~~~[m[K
[01m[K/home/advrob/elfin_ws/src/edu-elfin_simulation/arm_controllers/src/reactive_controller.cpp:40:7:[m[K [01;31m[Kerror: [m[Kuninitialized const member in ‘[01m[Kclass arm_controllers::reactive_controller[m[K’
[01m[K/home/advrob/elfin_ws/src/edu-elfin_simulation/arm_controllers/src/reactive_controller.cpp:533:15:[m[K [01;36m[Knote: [m[K‘[01m[Kconst int arm_controllers::reactive_controller::key_down[m[K’ should be initialized
  533 |     const int [01;36m[Kkey_down[m[K, key_up, key_right, key_left;
      |               [01;36m[K^~~~~~~~[m[K
[01m[K/home/advrob/elfin_ws/src/edu-elfin_simulation/arm_controllers/src/reactive_controller.cpp:40:7:[m[K [01;31m[Kerror: [m[Kuninitialized const member in ‘[01m[Kclass arm_controllers::reactive_controller[m[K’
   40 | class [01;31m[Kreactive_controller[m[K : public controller_interface::Controller<hardware_interface::EffortJointInterface>
      |       [01;31m[K^~~~~~~~~~~~~~~~~~~[m[K
[01m[K/home/advrob/elfin_ws/src/edu-elfin_simulation/arm_controllers/src/reactive_controller.cpp:533:25:[m[K [01;36m[Knote: [m[K‘[01m[Kconst int arm_controllers::reactive_controller::key_up[m[K’ should be initialized
  533 |     const int key_down, [01;36m[Kkey_up[m[K, key_right, key_left;
      |                         [01;36m[K^~~~~~[m[K
[01m[K/home/advrob/elfin_ws/src/edu-elfin_simulation/arm_controllers/src/reactive_controller.cpp:40:7:[m[K [01;31m[Kerror: [m[Kuninitialized const member in ‘[01m[Kclass arm_controllers::reactive_controller[m[K’
   40 | class [01;31m[Kreactive_controller[m[K : public controller_interface::Controller<hardware_interface::EffortJointInterface>
      |       [01;31m[K^~~~~~~~~~~~~~~~~~~[m[K
[01m[K/home/advrob/elfin_ws/src/edu-elfin_simulation/arm_controllers/src/reactive_controller.cpp:533:33:[m[K [01;36m[Knote: [m[K‘[01m[Kconst int arm_controllers::reactive_controller::key_right[m[K’ should be initialized
  533 |     const int key_down, key_up, [01;36m[Kkey_right[m[K, key_left;
      |                                 [01;36m[K^~~~~~~~~[m[K
[01m[K/home/advrob/elfin_ws/src/edu-elfin_simulation/arm_controllers/src/reactive_controller.cpp:40:7:[m[K [01;31m[Kerror: [m[Kuninitialized const member in ‘[01m[Kclass arm_controllers::reactive_controller[m[K’
   40 | class [01;31m[Kreactive_controller[m[K : public controller_interface::Controller<hardware_interface::EffortJointInterface>
      |       [01;31m[K^~~~~~~~~~~~~~~~~~~[m[K
[01m[K/home/advrob/elfin_ws/src/edu-elfin_simulation/arm_controllers/src/reactive_controller.cpp:533:44:[m[K [01;36m[Knote: [m[K‘[01m[Kconst int arm_controllers::reactive_controller::key_left[m[K’ should be initialized
  533 |     const int key_down, key_up, key_right, [01;36m[Kkey_left[m[K;
      |                                            [01;36m[K^~~~~~~~[m[K
make[2]: *** [CMakeFiles/arm_controllers.dir/build.make:154: CMakeFiles/arm_controllers.dir/src/reactive_controller.cpp.o] Error 1
make[1]: *** [CMakeFiles/Makefile2:385: CMakeFiles/arm_controllers.dir/all] Error 2
make: *** [Makefile:141: all] Error 2
