[01m[K/home/advrob/elfin_ws/src/edu-elfin_simulation/arm_controllers/src/reactive_controller.cpp:[m[K In member function ‘[01m[Kstd::string arm_controllers::reactive_controller::keyCmd(const ConstPtr&)[m[K’:
[01m[K/home/advrob/elfin_ws/src/edu-elfin_simulation/arm_controllers/src/reactive_controller.cpp:248:33:[m[K [01;35m[Kwarning: [m[Kformat not a string literal and no format arguments [[01;35m[K-Wformat-security[m[K]
  248 |         printf(msg->data.c_str()[01;35m[K)[m[K;
      |                                 [01;35m[K^[m[K
[01m[K/home/advrob/elfin_ws/src/edu-elfin_simulation/arm_controllers/src/reactive_controller.cpp:252:5:[m[K [01;35m[Kwarning: [m[Kno return statement in function returning non-void [[01;35m[K-Wreturn-type[m[K]
  252 |     [01;35m[K}[m[K
      |     [01;35m[K^[m[K
[01m[K/home/advrob/elfin_ws/src/edu-elfin_simulation/arm_controllers/src/reactive_controller.cpp:[m[K In member function ‘[01m[Kint arm_controllers::reactive_controller::hash(std::string&)[m[K’:
[01m[K/home/advrob/elfin_ws/src/edu-elfin_simulation/arm_controllers/src/reactive_controller.cpp:278:40:[m[K [01;31m[Kerror: [m[Kexpected ‘[01m[K)[m[K’ before ‘[01m[Ki[m[K’
  278 |             hashCode += key[i] * pow[34m[K([m[K3.[01;31m[K [m[K[32m[Ki[m[K);
      |                                     [34m[K~[m[K  [01;31m[K^[m[K[32m[K~[m[K
      |                                        [32m[K)[m[K
[01m[K/home/advrob/elfin_ws/src/edu-elfin_simulation/arm_controllers/src/reactive_controller.cpp:278:42:[m[K [01;31m[Kerror: [m[Kno matching function for call to ‘[01m[Kpow(double)[m[K’
  278 |             hashCode += key[i] * pow(3. i[01;31m[K)[m[K;
      |                                          [01;31m[K^[m[K
In file included from [01m[K/usr/include/features.h:461[m[K,
                 from [01m[K/usr/include/x86_64-linux-gnu/c++/9/bits/os_defines.h:39[m[K,
                 from [01m[K/usr/include/x86_64-linux-gnu/c++/9/bits/c++config.h:528[m[K,
                 from [01m[K/usr/include/c++/9/string:38[m[K,
                 from [01m[K/opt/ros/noetic/include/ros/forwards.h:31[m[K,
                 from [01m[K/opt/ros/noetic/include/ros/node_handle.h:31[m[K,
                 from [01m[K/opt/ros/noetic/include/controller_interface/controller_base.h:35[m[K,
                 from [01m[K/opt/ros/noetic/include/controller_interface/controller.h:35[m[K,
                 from [01m[K/home/advrob/elfin_ws/src/edu-elfin_simulation/arm_controllers/src/reactive_controller.cpp:2[m[K:
[01m[K/usr/include/x86_64-linux-gnu/bits/mathcalls.h:140:1:[m[K [01;36m[Knote: [m[Kcandidate: ‘[01m[Kdouble pow(double, double)[m[K’
  140 | [01;36m[K__MATHCALL_VEC[m[K (pow,, (_Mdouble_ __x, _Mdouble_ __y));
      | [01;36m[K^~~~~~~~~~~~~~[m[K
[01m[K/usr/include/x86_64-linux-gnu/bits/mathcalls.h:140:1:[m[K [01;36m[Knote: [m[K  candidate expects 2 arguments, 1 provided
In file included from [01m[K/opt/ros/noetic/include/ros/time.h:55[m[K,
                 from [01m[K/opt/ros/noetic/include/ros/forwards.h:42[m[K,
                 from [01m[K/opt/ros/noetic/include/ros/node_handle.h:31[m[K,
                 from [01m[K/opt/ros/noetic/include/controller_interface/controller_base.h:35[m[K,
                 from [01m[K/opt/ros/noetic/include/controller_interface/controller.h:35[m[K,
                 from [01m[K/home/advrob/elfin_ws/src/edu-elfin_simulation/arm_controllers/src/reactive_controller.cpp:2[m[K:
[01m[K/usr/include/c++/9/cmath:415:5:[m[K [01;36m[Knote: [m[Kcandidate: ‘[01m[Ktemplate<class _Tp, class _Up> constexpr typename __gnu_cxx::__promote_2<_Tp, _Up>::__type std::pow(_Tp, _Up)[m[K’
  415 |     [01;36m[Kpow[m[K(_Tp __x, _Up __y)
      |     [01;36m[K^~~[m[K
[01m[K/usr/include/c++/9/cmath:415:5:[m[K [01;36m[Knote: [m[K  template argument deduction/substitution failed:
[01m[K/home/advrob/elfin_ws/src/edu-elfin_simulation/arm_controllers/src/reactive_controller.cpp:278:42:[m[K [01;36m[Knote: [m[K  candidate expects 2 arguments, 1 provided
  278 |             hashCode += key[i] * pow(3. i[01;36m[K)[m[K;
      |                                          [01;36m[K^[m[K
In file included from [01m[K/opt/ros/noetic/include/ros/time.h:55[m[K,
                 from [01m[K/opt/ros/noetic/include/ros/forwards.h:42[m[K,
                 from [01m[K/opt/ros/noetic/include/ros/node_handle.h:31[m[K,
                 from [01m[K/opt/ros/noetic/include/controller_interface/controller_base.h:35[m[K,
                 from [01m[K/opt/ros/noetic/include/controller_interface/controller.h:35[m[K,
                 from [01m[K/home/advrob/elfin_ws/src/edu-elfin_simulation/arm_controllers/src/reactive_controller.cpp:2[m[K:
[01m[K/usr/include/c++/9/cmath:392:3:[m[K [01;36m[Knote: [m[Kcandidate: ‘[01m[Kconstexpr long double std::pow(long double, long double)[m[K’
  392 |   [01;36m[Kpow[m[K(long double __x, long double __y)
      |   [01;36m[K^~~[m[K
[01m[K/usr/include/c++/9/cmath:392:3:[m[K [01;36m[Knote: [m[K  candidate expects 2 arguments, 1 provided
[01m[K/usr/include/c++/9/cmath:388:3:[m[K [01;36m[Knote: [m[Kcandidate: ‘[01m[Kconstexpr float std::pow(float, float)[m[K’
  388 |   [01;36m[Kpow[m[K(float __x, float __y)
      |   [01;36m[K^~~[m[K
[01m[K/usr/include/c++/9/cmath:388:3:[m[K [01;36m[Knote: [m[K  candidate expects 2 arguments, 1 provided
In file included from [01m[K/usr/include/eigen3/Eigen/Core:533[m[K,
                 from [01m[K/usr/include/kdl/jacobian.hpp:26[m[K,
                 from [01m[K/usr/include/kdl/jntarray.hpp:26[m[K,
                 from [01m[K/usr/include/kdl/chainidsolver.hpp:27[m[K,
                 from [01m[K/usr/include/kdl/chainidsolver_recursive_newton_euler.hpp:25[m[K,
                 from [01m[K/usr/include/kdl/chaindynparam.hpp:25[m[K,
                 from [01m[K/home/advrob/elfin_ws/src/edu-elfin_simulation/arm_controllers/src/reactive_controller.cpp:16[m[K:
[01m[K/usr/include/eigen3/Eigen/src/Core/GlobalFunctions.h:108:3:[m[K [01;36m[Knote: [m[Kcandidate: ‘[01m[Ktemplate<class Derived, class ScalarExponent> typename Eigen::internal::enable_if<((! Eigen::internal::is_same<typename Derived::Scalar, ScalarExponent>::value) && Eigen::internal::has_ReturnType<Eigen::ScalarBinaryOpTraits<typename Derived::Scalar, ScalarExponent, Eigen::internal::scalar_pow_op<typename Derived::Scalar, ScalarExponent> > >::value), const Eigen::CwiseBinaryOp<Eigen::internal::scalar_pow_op<typename Eigen::internal::traits<T>::Scalar, ScalarExponent>, const Derived, const typename Eigen::internal::plain_constant_type<Expr, Scalar>::type> >::type Eigen::pow(const Eigen::ArrayBase<Derived>&, const ScalarExponent&)[m[K’
  108 |   [01;36m[Kpow[m[K(const Eigen::ArrayBase<Derived>& x, const ScalarExponent& exponent) {
      |   [01;36m[K^~~[m[K
[01m[K/usr/include/eigen3/Eigen/src/Core/GlobalFunctions.h:108:3:[m[K [01;36m[Knote: [m[K  template argument deduction/substitution failed:
[01m[K/home/advrob/elfin_ws/src/edu-elfin_simulation/arm_controllers/src/reactive_controller.cpp:278:42:[m[K [01;36m[Knote: [m[K  mismatched types ‘[01m[Kconst Eigen::ArrayBase<Derived>[m[K’ and ‘[01m[Kdouble[m[K’
  278 |             hashCode += key[i] * pow(3. i[01;36m[K)[m[K;
      |                                          [01;36m[K^[m[K
In file included from [01m[K/usr/include/eigen3/Eigen/Core:533[m[K,
                 from [01m[K/usr/include/kdl/jacobian.hpp:26[m[K,
                 from [01m[K/usr/include/kdl/jntarray.hpp:26[m[K,
                 from [01m[K/usr/include/kdl/chainidsolver.hpp:27[m[K,
                 from [01m[K/usr/include/kdl/chainidsolver_recursive_newton_euler.hpp:25[m[K,
                 from [01m[K/usr/include/kdl/chaindynparam.hpp:25[m[K,
                 from [01m[K/home/advrob/elfin_ws/src/edu-elfin_simulation/arm_controllers/src/reactive_controller.cpp:16[m[K:
[01m[K/usr/include/eigen3/Eigen/src/Core/GlobalFunctions.h:114:3:[m[K [01;36m[Knote: [m[Kcandidate: ‘[01m[Ktemplate<class Derived> const Eigen::CwiseBinaryOp<Eigen::internal::scalar_pow_op<typename Eigen::internal::traits<T>::Scalar, typename Derived::Scalar>, const Derived, const typename Eigen::internal::plain_constant_type<Derived, typename Derived::Scalar>::type> Eigen::pow(const Eigen::ArrayBase<Derived>&, const typename Derived::Scalar&)[m[K’
  114 |   [01;36m[Kpow[m[K(const Eigen::ArrayBase<Derived>& x, const typename Derived::Scalar& exponent) {
      |   [01;36m[K^~~[m[K
[01m[K/usr/include/eigen3/Eigen/src/Core/GlobalFunctions.h:114:3:[m[K [01;36m[Knote: [m[K  template argument deduction/substitution failed:
[01m[K/home/advrob/elfin_ws/src/edu-elfin_simulation/arm_controllers/src/reactive_controller.cpp:278:42:[m[K [01;36m[Knote: [m[K  mismatched types ‘[01m[Kconst Eigen::ArrayBase<Derived>[m[K’ and ‘[01m[Kdouble[m[K’
  278 |             hashCode += key[i] * pow(3. i[01;36m[K)[m[K;
      |                                          [01;36m[K^[m[K
In file included from [01m[K/usr/include/eigen3/Eigen/Core:533[m[K,
                 from [01m[K/usr/include/kdl/jacobian.hpp:26[m[K,
                 from [01m[K/usr/include/kdl/jntarray.hpp:26[m[K,
                 from [01m[K/usr/include/kdl/chainidsolver.hpp:27[m[K,
                 from [01m[K/usr/include/kdl/chainidsolver_recursive_newton_euler.hpp:25[m[K,
                 from [01m[K/usr/include/kdl/chaindynparam.hpp:25[m[K,
                 from [01m[K/home/advrob/elfin_ws/src/edu-elfin_simulation/arm_controllers/src/reactive_controller.cpp:16[m[K:
[01m[K/usr/include/eigen3/Eigen/src/Core/GlobalFunctions.h:132:3:[m[K [01;36m[Knote: [m[Kcandidate: ‘[01m[Ktemplate<class Derived, class ExponentDerived> const Eigen::CwiseBinaryOp<Eigen::internal::scalar_pow_op<typename Derived::Scalar, typename ExponentDerived::Scalar>, const Derived, const ExponentDerived> Eigen::pow(const Eigen::ArrayBase<Derived>&, const Eigen::ArrayBase<ExponentDerived>&)[m[K’
  132 |   [01;36m[Kpow[m[K(const Eigen::ArrayBase<Derived>& x, const Eigen::ArrayBase<ExponentDerived>& exponents)
      |   [01;36m[K^~~[m[K
[01m[K/usr/include/eigen3/Eigen/src/Core/GlobalFunctions.h:132:3:[m[K [01;36m[Knote: [m[K  template argument deduction/substitution failed:
[01m[K/home/advrob/elfin_ws/src/edu-elfin_simulation/arm_controllers/src/reactive_controller.cpp:278:42:[m[K [01;36m[Knote: [m[K  mismatched types ‘[01m[Kconst Eigen::ArrayBase<Derived>[m[K’ and ‘[01m[Kdouble[m[K’
  278 |             hashCode += key[i] * pow(3. i[01;36m[K)[m[K;
      |                                          [01;36m[K^[m[K
In file included from [01m[K/usr/include/eigen3/Eigen/Core:533[m[K,
                 from [01m[K/usr/include/kdl/jacobian.hpp:26[m[K,
                 from [01m[K/usr/include/kdl/jntarray.hpp:26[m[K,
                 from [01m[K/usr/include/kdl/chainidsolver.hpp:27[m[K,
                 from [01m[K/usr/include/kdl/chainidsolver_recursive_newton_euler.hpp:25[m[K,
                 from [01m[K/usr/include/kdl/chaindynparam.hpp:25[m[K,
                 from [01m[K/home/advrob/elfin_ws/src/edu-elfin_simulation/arm_controllers/src/reactive_controller.cpp:16[m[K:
[01m[K/usr/include/eigen3/Eigen/src/Core/GlobalFunctions.h:161:3:[m[K [01;36m[Knote: [m[Kcandidate: ‘[01m[Ktemplate<class Scalar, class Derived> typename Eigen::internal::enable_if<((! Eigen::internal::is_same<typename Derived::Scalar, Scalar>::value) && Eigen::internal::has_ReturnType<Eigen::ScalarBinaryOpTraits<Scalar, typename Derived::Scalar, Eigen::internal::scalar_pow_op<Scalar, typename Derived::Scalar> > >::value), const Eigen::CwiseBinaryOp<Eigen::internal::scalar_pow_op<Scalar, typename Eigen::internal::traits<_Rhs>::Scalar>, const typename Eigen::internal::plain_constant_type<Derived, Scalar>::type, const Derived> >::type Eigen::pow(const Scalar&, const Eigen::ArrayBase<ExponentDerived>&)[m[K’
  161 |   [01;36m[Kpow[m[K(const Scalar& x, const Eigen::ArrayBase<Derived>& exponents)
      |   [01;36m[K^~~[m[K
[01m[K/usr/include/eigen3/Eigen/src/Core/GlobalFunctions.h:161:3:[m[K [01;36m[Knote: [m[K  template argument deduction/substitution failed:
[01m[K/home/advrob/elfin_ws/src/edu-elfin_simulation/arm_controllers/src/reactive_controller.cpp:278:42:[m[K [01;36m[Knote: [m[K  candidate expects 2 arguments, 1 provided
  278 |             hashCode += key[i] * pow(3. i[01;36m[K)[m[K;
      |                                          [01;36m[K^[m[K
In file included from [01m[K/usr/include/eigen3/Eigen/Core:533[m[K,
                 from [01m[K/usr/include/kdl/jacobian.hpp:26[m[K,
                 from [01m[K/usr/include/kdl/jntarray.hpp:26[m[K,
                 from [01m[K/usr/include/kdl/chainidsolver.hpp:27[m[K,
                 from [01m[K/usr/include/kdl/chainidsolver_recursive_newton_euler.hpp:25[m[K,
                 from [01m[K/usr/include/kdl/chaindynparam.hpp:25[m[K,
                 from [01m[K/home/advrob/elfin_ws/src/edu-elfin_simulation/arm_controllers/src/reactive_controller.cpp:16[m[K:
[01m[K/usr/include/eigen3/Eigen/src/Core/GlobalFunctions.h:169:3:[m[K [01;36m[Knote: [m[Kcandidate: ‘[01m[Ktemplate<class Derived> const Eigen::CwiseBinaryOp<Eigen::internal::scalar_pow_op<typename Derived::Scalar, typename Eigen::internal::traits<T>::Scalar>, const typename Eigen::internal::plain_constant_type<Derived, typename Derived::Scalar>::type, const Derived> Eigen::pow(const typename Derived::Scalar&, const Eigen::ArrayBase<Derived>&)[m[K’
  169 |   [01;36m[Kpow[m[K(const typename Derived::Scalar& x, const Eigen::ArrayBase<Derived>& exponents)
      |   [01;36m[K^~~[m[K
[01m[K/usr/include/eigen3/Eigen/src/Core/GlobalFunctions.h:169:3:[m[K [01;36m[Knote: [m[K  template argument deduction/substitution failed:
[01m[K/home/advrob/elfin_ws/src/edu-elfin_simulation/arm_controllers/src/reactive_controller.cpp:278:42:[m[K [01;36m[Knote: [m[K  candidate expects 2 arguments, 1 provided
  278 |             hashCode += key[i] * pow(3. i[01;36m[K)[m[K;
      |                                          [01;36m[K^[m[K
[01m[K/home/advrob/elfin_ws/src/edu-elfin_simulation/arm_controllers/src/reactive_controller.cpp:[m[K In member function ‘[01m[Kvirtual void arm_controllers::reactive_controller::update(const ros::Time&, const ros::Duration&)[m[K’:
[01m[K/home/advrob/elfin_ws/src/edu-elfin_simulation/arm_controllers/src/reactive_controller.cpp:329:23:[m[K [01;31m[Kerror: [m[Kcannot bind non-const lvalue reference of type ‘[01m[Kstd::string&[m[K’ {aka ‘[01m[Kstd::__cxx11::basic_string<char>&[m[K’} to an rvalue of type ‘[01m[Kstd::string[m[K’ {aka ‘[01m[Kstd::__cxx11::basic_string<char>[m[K’}
  329 |             case hash([01;31m[K"KEY_DOWN"[m[K):
      |                       [01;31m[K^~~~~~~~~~[m[K
In file included from [01m[K/usr/include/c++/9/string:55[m[K,
                 from [01m[K/opt/ros/noetic/include/ros/forwards.h:31[m[K,
                 from [01m[K/opt/ros/noetic/include/ros/node_handle.h:31[m[K,
                 from [01m[K/opt/ros/noetic/include/controller_interface/controller_base.h:35[m[K,
                 from [01m[K/opt/ros/noetic/include/controller_interface/controller.h:35[m[K,
                 from [01m[K/home/advrob/elfin_ws/src/edu-elfin_simulation/arm_controllers/src/reactive_controller.cpp:2[m[K:
[01m[K/usr/include/c++/9/bits/basic_string.h:529:7:[m[K [01;36m[Knote: [m[K  after user-defined conversion: ‘[01m[Kstd::__cxx11::basic_string<_CharT, _Traits, _Alloc>::basic_string(const _CharT*, const _Alloc&) [with _CharT = char; _Traits = std::char_traits<char>; _Alloc = std::allocator<char>][m[K’
  529 |       [01;36m[Kbasic_string[m[K(const _CharT* __s, const _Alloc& __a = _Alloc())
      |       [01;36m[K^~~~~~~~~~~~[m[K
[01m[K/home/advrob/elfin_ws/src/edu-elfin_simulation/arm_controllers/src/reactive_controller.cpp:275:27:[m[K [01;36m[Knote: [m[K  initializing argument 1 of ‘[01m[Kint arm_controllers::reactive_controller::hash(std::string&)[m[K’
  275 |     int hash([01;36m[Kstd::string &key[m[K) {
      |              [01;36m[K~~~~~~~~~~~~~^~~[m[K
make[2]: *** [CMakeFiles/arm_controllers.dir/build.make:154: CMakeFiles/arm_controllers.dir/src/reactive_controller.cpp.o] Error 1
make[1]: *** [CMakeFiles/Makefile2:385: CMakeFiles/arm_controllers.dir/all] Error 2
make: *** [Makefile:141: all] Error 2
