[01m[K/home/advrob/elfin_ws/src/edu-elfin_simulation/arm_controllers/src/velocity_controller.cpp:[m[K In member function ‘[01m[Kvirtual void arm_controllers::velocity_controller::update(const ros::Time&, const ros::Duration&)[m[K’:
[01m[K/home/advrob/elfin_ws/src/edu-elfin_simulation/arm_controllers/src/velocity_controller.cpp:345:65:[m[K [01;31m[Kerror: [m[Kexpected identifier before numeric constant
  345 |             qd_.data = qd_old_.data + cast_J_inv_ * (xd_dot_ + [[01;31m[K6[m[K,6,6,6,6,6] * ex_) * dt;
      |                                                                 [01;31m[K^[m[K
[01m[K/home/advrob/elfin_ws/src/edu-elfin_simulation/arm_controllers/src/velocity_controller.cpp:345:66:[m[K [01;31m[Kerror: [m[Kexpected ‘[01m[K][m[K’ before ‘[01m[K,[m[K’ token
  345 |             qd_.data = qd_old_.data + cast_J_inv_ * (xd_dot_ + [6[01;31m[K,[m[K6,6,6,6,6] * ex_) * dt;
      |                                                                  [01;31m[K^[m[K
      |                                                                  [32m[K][m[K
[01m[K/home/advrob/elfin_ws/src/edu-elfin_simulation/arm_controllers/src/velocity_controller.cpp:[m[K In lambda function:
[01m[K/home/advrob/elfin_ws/src/edu-elfin_simulation/arm_controllers/src/velocity_controller.cpp:345:66:[m[K [01;31m[Kerror: [m[Kexpected ‘[01m[K{[m[K’ before ‘[01m[K,[m[K’ token
[01m[K/home/advrob/elfin_ws/src/edu-elfin_simulation/arm_controllers/src/velocity_controller.cpp:[m[K In member function ‘[01m[Kvirtual void arm_controllers::velocity_controller::update(const ros::Time&, const ros::Duration&)[m[K’:
[01m[K/home/advrob/elfin_ws/src/edu-elfin_simulation/arm_controllers/src/velocity_controller.cpp:345:62:[m[K [01;31m[Kerror: [m[Kno match for ‘[01m[Koperator+[m[K’ (operand types are ‘[01m[KEigen::Matrix<double, 6, 1>[m[K’ and ‘[01m[Karm_controllers::velocity_controller::update(const ros::Time&, const ros::Duration&)::<lambda()>[m[K’)
  345 |             qd_.data = qd_old_.data + cast_J_inv_ * (xd_dot_ + [6,6,6,6,6,6] * ex_) * dt;
In file included from [01m[K/usr/include/eigen3/Eigen/Core:88[m[K,
                 from [01m[K/usr/include/kdl/jacobian.hpp:26[m[K,
                 from [01m[K/usr/include/kdl/jntarray.hpp:26[m[K,
                 from [01m[K/usr/include/kdl/chainidsolver.hpp:27[m[K,
                 from [01m[K/usr/include/kdl/chainidsolver_recursive_newton_euler.hpp:25[m[K,
                 from [01m[K/usr/include/kdl/chaindynparam.hpp:25[m[K,
                 from [01m[K/home/advrob/elfin_ws/src/edu-elfin_simulation/arm_controllers/src/velocity_controller.cpp:15[m[K:
[01m[K/usr/include/eigen3/Eigen/src/plugins/CommonCwiseBinaryOps.h:27:1:[m[K [01;36m[Knote: [m[Kcandidate: ‘[01m[Ktemplate<class OtherDerived> const Eigen::CwiseBinaryOp<Eigen::internal::scalar_sum_op<typename Eigen::internal::traits<T>::Scalar, typename Eigen::internal::traits<OtherDerived>::Scalar>, const Derived, const OtherDerived> Eigen::MatrixBase<Derived>::operator+(const Eigen::MatrixBase<OtherDerived>&) const [with OtherDerived = OtherDerived; Derived = Eigen::Matrix<double, 6, 1>][m[K’
   27 | [01;36m[KEIGEN_MAKE_CWISE_BINARY_OP[m[K(operator+,sum)
      | [01;36m[K^~~~~~~~~~~~~~~~~~~~~~~~~~[m[K
[01m[K/usr/include/eigen3/Eigen/src/plugins/CommonCwiseBinaryOps.h:27:1:[m[K [01;36m[Knote: [m[K  template argument deduction/substitution failed:
[01m[K/home/advrob/elfin_ws/src/edu-elfin_simulation/arm_controllers/src/velocity_controller.cpp:345:66:[m[K [01;36m[Knote: [m[K  ‘[01m[Karm_controllers::velocity_controller::update(const ros::Time&, const ros::Duration&)::<lambda()>[m[K’ is not derived from ‘[01m[Kconst Eigen::MatrixBase<Derived>[m[K’
  345 |             qd_.data = qd_old_.data + cast_J_inv_ * (xd_dot_ + [6[01;36m[K,[m[K6,6,6,6,6] * ex_) * dt;
      |                                                                  [01;36m[K^[m[K
[01m[K/home/advrob/elfin_ws/src/edu-elfin_simulation/arm_controllers/src/velocity_controller.cpp:345:76:[m[K [01;31m[Kerror: [m[Kexpected ‘[01m[K)[m[K’ before ‘[01m[K][m[K’ token
  345 |             qd_.data = qd_old_.data + cast_J_inv_ * [34m[K([m[Kxd_dot_ + [6,6,6,6,6,6[01;31m[K][m[K * ex_) * dt;
      |                                                     [34m[K~[m[K                      [01;31m[K^[m[K
      |                                                                            [32m[K)[m[K
make[2]: *** [CMakeFiles/arm_controllers.dir/build.make:141: CMakeFiles/arm_controllers.dir/src/velocity_controller.cpp.o] Error 1
make[1]: *** [CMakeFiles/Makefile2:385: CMakeFiles/arm_controllers.dir/all] Error 2
make: *** [Makefile:141: all] Error 2
