[01m[K/home/advrob/elfin_ws/src/edu-elfin_simulation/arm_controllers/src/reactive_controller.cpp:[m[K In member function ‘[01m[Kvirtual bool arm_controllers::reactive_controller::init(hardware_interface::EffortJointInterface*, ros::NodeHandle&)[m[K’:
[01m[K/home/advrob/elfin_ws/src/edu-elfin_simulation/arm_controllers/src/reactive_controller.cpp:243:70:[m[K [01;31m[Kerror: [m[Kno matching function for call to ‘[01m[Kros::NodeHandle::subscribe(const char [4], int, void (arm_controllers::reactive_controller::*)(const ConstPtr&))[m[K’
  243 |         sub_key_ = n.subscribe("key", 1, &reactive_controller::keyCmd[01;31m[K)[m[K;
      |                                                                      [01;31m[K^[m[K
In file included from [01m[K/opt/ros/noetic/include/controller_interface/controller_base.h:35[m[K,
                 from [01m[K/opt/ros/noetic/include/controller_interface/controller.h:35[m[K,
                 from [01m[K/home/advrob/elfin_ws/src/edu-elfin_simulation/arm_controllers/src/reactive_controller.cpp:2[m[K:
[01m[K/opt/ros/noetic/include/ros/node_handle.h:402:14:[m[K [01;36m[Knote: [m[Kcandidate: ‘[01m[Ktemplate<class M, class T> ros::Subscriber ros::NodeHandle::subscribe(const string&, uint32_t, void (T::*)(M), T*, const ros::TransportHints&)[m[K’
  402 |   Subscriber [01;36m[Ksubscribe[m[K(const std::string& topic, uint32_t queue_size, void(T::*fp)(M), T* obj,
      |              [01;36m[K^~~~~~~~~[m[K
[01m[K/opt/ros/noetic/include/ros/node_handle.h:402:14:[m[K [01;36m[Knote: [m[K  template argument deduction/substitution failed:
[01m[K/home/advrob/elfin_ws/src/edu-elfin_simulation/arm_controllers/src/reactive_controller.cpp:243:70:[m[K [01;36m[Knote: [m[K  candidate expects 5 arguments, 3 provided
  243 |         sub_key_ = n.subscribe("key", 1, &reactive_controller::keyCmd[01;36m[K)[m[K;
      |                                                                      [01;36m[K^[m[K
In file included from [01m[K/opt/ros/noetic/include/controller_interface/controller_base.h:35[m[K,
                 from [01m[K/opt/ros/noetic/include/controller_interface/controller.h:35[m[K,
                 from [01m[K/home/advrob/elfin_ws/src/edu-elfin_simulation/arm_controllers/src/reactive_controller.cpp:2[m[K:
[01m[K/opt/ros/noetic/include/ros/node_handle.h:413:14:[m[K [01;36m[Knote: [m[Kcandidate: ‘[01m[Ktemplate<class M, class T> ros::Subscriber ros::NodeHandle::subscribe(const string&, uint32_t, void (T::*)(M) const, T*, const ros::TransportHints&)[m[K’
  413 |   Subscriber [01;36m[Ksubscribe[m[K(const std::string& topic, uint32_t queue_size, void(T::*fp)(M) const, T* obj,
      |              [01;36m[K^~~~~~~~~[m[K
[01m[K/opt/ros/noetic/include/ros/node_handle.h:413:14:[m[K [01;36m[Knote: [m[K  template argument deduction/substitution failed:
[01m[K/home/advrob/elfin_ws/src/edu-elfin_simulation/arm_controllers/src/reactive_controller.cpp:243:70:[m[K [01;36m[Knote: [m[K  types ‘[01m[Kvoid (T::)(M) const[m[K’ and ‘[01m[Kvoid (arm_controllers::reactive_controller::)(const ConstPtr&)[m[K’ {aka ‘[01m[Kvoid (arm_controllers::reactive_controller::)(const boost::shared_ptr<const std_msgs::String_<std::allocator<void> > >&)[m[K’} have incompatible cv-qualifiers
  243 |         sub_key_ = n.subscribe("key", 1, &reactive_controller::keyCmd[01;36m[K)[m[K;
      |                                                                      [01;36m[K^[m[K
In file included from [01m[K/opt/ros/noetic/include/controller_interface/controller_base.h:35[m[K,
                 from [01m[K/opt/ros/noetic/include/controller_interface/controller.h:35[m[K,
                 from [01m[K/home/advrob/elfin_ws/src/edu-elfin_simulation/arm_controllers/src/reactive_controller.cpp:2[m[K:
[01m[K/opt/ros/noetic/include/ros/node_handle.h:465:14:[m[K [01;36m[Knote: [m[Kcandidate: ‘[01m[Ktemplate<class M, class T> ros::Subscriber ros::NodeHandle::subscribe(const string&, uint32_t, void (T::*)(const boost::shared_ptr<const M>&), T*, const ros::TransportHints&)[m[K’
  465 |   Subscriber [01;36m[Ksubscribe[m[K(const std::string& topic, uint32_t queue_size,
      |              [01;36m[K^~~~~~~~~[m[K
[01m[K/opt/ros/noetic/include/ros/node_handle.h:465:14:[m[K [01;36m[Knote: [m[K  template argument deduction/substitution failed:
[01m[K/home/advrob/elfin_ws/src/edu-elfin_simulation/arm_controllers/src/reactive_controller.cpp:243:70:[m[K [01;36m[Knote: [m[K  candidate expects 5 arguments, 3 provided
  243 |         sub_key_ = n.subscribe("key", 1, &reactive_controller::keyCmd[01;36m[K)[m[K;
      |                                                                      [01;36m[K^[m[K
In file included from [01m[K/opt/ros/noetic/include/controller_interface/controller_base.h:35[m[K,
                 from [01m[K/opt/ros/noetic/include/controller_interface/controller.h:35[m[K,
                 from [01m[K/home/advrob/elfin_ws/src/edu-elfin_simulation/arm_controllers/src/reactive_controller.cpp:2[m[K:
[01m[K/opt/ros/noetic/include/ros/node_handle.h:475:14:[m[K [01;36m[Knote: [m[Kcandidate: ‘[01m[Ktemplate<class M, class T> ros::Subscriber ros::NodeHandle::subscribe(const string&, uint32_t, void (T::*)(const boost::shared_ptr<const M>&) const, T*, const ros::TransportHints&)[m[K’
  475 |   Subscriber [01;36m[Ksubscribe[m[K(const std::string& topic, uint32_t queue_size,
      |              [01;36m[K^~~~~~~~~[m[K
[01m[K/opt/ros/noetic/include/ros/node_handle.h:475:14:[m[K [01;36m[Knote: [m[K  template argument deduction/substitution failed:
[01m[K/home/advrob/elfin_ws/src/edu-elfin_simulation/arm_controllers/src/reactive_controller.cpp:243:70:[m[K [01;36m[Knote: [m[K  types ‘[01m[Kvoid (T::)(const boost::shared_ptr<const M>&) const[m[K’ and ‘[01m[Kvoid (arm_controllers::reactive_controller::)(const ConstPtr&)[m[K’ {aka ‘[01m[Kvoid (arm_controllers::reactive_controller::)(const boost::shared_ptr<const std_msgs::String_<std::allocator<void> > >&)[m[K’} have incompatible cv-qualifiers
  243 |         sub_key_ = n.subscribe("key", 1, &reactive_controller::keyCmd[01;36m[K)[m[K;
      |                                                                      [01;36m[K^[m[K
In file included from [01m[K/opt/ros/noetic/include/controller_interface/controller_base.h:35[m[K,
                 from [01m[K/opt/ros/noetic/include/controller_interface/controller.h:35[m[K,
                 from [01m[K/home/advrob/elfin_ws/src/edu-elfin_simulation/arm_controllers/src/reactive_controller.cpp:2[m[K:
[01m[K/opt/ros/noetic/include/ros/node_handle.h:529:14:[m[K [01;36m[Knote: [m[Kcandidate: ‘[01m[Ktemplate<class M, class T> ros::Subscriber ros::NodeHandle::subscribe(const string&, uint32_t, void (T::*)(M), const boost::shared_ptr<U>&, const ros::TransportHints&)[m[K’
  529 |   Subscriber [01;36m[Ksubscribe[m[K(const std::string& topic, uint32_t queue_size, void(T::*fp)(M),
      |              [01;36m[K^~~~~~~~~[m[K
[01m[K/opt/ros/noetic/include/ros/node_handle.h:529:14:[m[K [01;36m[Knote: [m[K  template argument deduction/substitution failed:
[01m[K/home/advrob/elfin_ws/src/edu-elfin_simulation/arm_controllers/src/reactive_controller.cpp:243:70:[m[K [01;36m[Knote: [m[K  candidate expects 5 arguments, 3 provided
  243 |         sub_key_ = n.subscribe("key", 1, &reactive_controller::keyCmd[01;36m[K)[m[K;
      |                                                                      [01;36m[K^[m[K
In file included from [01m[K/opt/ros/noetic/include/controller_interface/controller_base.h:35[m[K,
                 from [01m[K/opt/ros/noetic/include/controller_interface/controller.h:35[m[K,
                 from [01m[K/home/advrob/elfin_ws/src/edu-elfin_simulation/arm_controllers/src/reactive_controller.cpp:2[m[K:
[01m[K/opt/ros/noetic/include/ros/node_handle.h:540:14:[m[K [01;36m[Knote: [m[Kcandidate: ‘[01m[Ktemplate<class M, class T> ros::Subscriber ros::NodeHandle::subscribe(const string&, uint32_t, void (T::*)(M) const, const boost::shared_ptr<U>&, const ros::TransportHints&)[m[K’
  540 |   Subscriber [01;36m[Ksubscribe[m[K(const std::string& topic, uint32_t queue_size, void(T::*fp)(M) const,
      |              [01;36m[K^~~~~~~~~[m[K
[01m[K/opt/ros/noetic/include/ros/node_handle.h:540:14:[m[K [01;36m[Knote: [m[K  template argument deduction/substitution failed:
[01m[K/home/advrob/elfin_ws/src/edu-elfin_simulation/arm_controllers/src/reactive_controller.cpp:243:70:[m[K [01;36m[Knote: [m[K  types ‘[01m[Kvoid (T::)(M) const[m[K’ and ‘[01m[Kvoid (arm_controllers::reactive_controller::)(const ConstPtr&)[m[K’ {aka ‘[01m[Kvoid (arm_controllers::reactive_controller::)(const boost::shared_ptr<const std_msgs::String_<std::allocator<void> > >&)[m[K’} have incompatible cv-qualifiers
  243 |         sub_key_ = n.subscribe("key", 1, &reactive_controller::keyCmd[01;36m[K)[m[K;
      |                                                                      [01;36m[K^[m[K
In file included from [01m[K/opt/ros/noetic/include/controller_interface/controller_base.h:35[m[K,
                 from [01m[K/opt/ros/noetic/include/controller_interface/controller.h:35[m[K,
                 from [01m[K/home/advrob/elfin_ws/src/edu-elfin_simulation/arm_controllers/src/reactive_controller.cpp:2[m[K:
[01m[K/opt/ros/noetic/include/ros/node_handle.h:594:14:[m[K [01;36m[Knote: [m[Kcandidate: ‘[01m[Ktemplate<class M, class T> ros::Subscriber ros::NodeHandle::subscribe(const string&, uint32_t, void (T::*)(const boost::shared_ptr<const M>&), const boost::shared_ptr<U>&, const ros::TransportHints&)[m[K’
  594 |   Subscriber [01;36m[Ksubscribe[m[K(const std::string& topic, uint32_t queue_size,
      |              [01;36m[K^~~~~~~~~[m[K
[01m[K/opt/ros/noetic/include/ros/node_handle.h:594:14:[m[K [01;36m[Knote: [m[K  template argument deduction/substitution failed:
[01m[K/home/advrob/elfin_ws/src/edu-elfin_simulation/arm_controllers/src/reactive_controller.cpp:243:70:[m[K [01;36m[Knote: [m[K  candidate expects 5 arguments, 3 provided
  243 |         sub_key_ = n.subscribe("key", 1, &reactive_controller::keyCmd[01;36m[K)[m[K;
      |                                                                      [01;36m[K^[m[K
In file included from [01m[K/opt/ros/noetic/include/controller_interface/controller_base.h:35[m[K,
                 from [01m[K/opt/ros/noetic/include/controller_interface/controller.h:35[m[K,
                 from [01m[K/home/advrob/elfin_ws/src/edu-elfin_simulation/arm_controllers/src/reactive_controller.cpp:2[m[K:
[01m[K/opt/ros/noetic/include/ros/node_handle.h:605:14:[m[K [01;36m[Knote: [m[Kcandidate: ‘[01m[Ktemplate<class M, class T> ros::Subscriber ros::NodeHandle::subscribe(const string&, uint32_t, void (T::*)(const boost::shared_ptr<const M>&) const, const boost::shared_ptr<U>&, const ros::TransportHints&)[m[K’
  605 |   Subscriber [01;36m[Ksubscribe[m[K(const std::string& topic, uint32_t queue_size,
      |              [01;36m[K^~~~~~~~~[m[K
[01m[K/opt/ros/noetic/include/ros/node_handle.h:605:14:[m[K [01;36m[Knote: [m[K  template argument deduction/substitution failed:
[01m[K/home/advrob/elfin_ws/src/edu-elfin_simulation/arm_controllers/src/reactive_controller.cpp:243:70:[m[K [01;36m[Knote: [m[K  types ‘[01m[Kvoid (T::)(const boost::shared_ptr<const M>&) const[m[K’ and ‘[01m[Kvoid (arm_controllers::reactive_controller::)(const ConstPtr&)[m[K’ {aka ‘[01m[Kvoid (arm_controllers::reactive_controller::)(const boost::shared_ptr<const std_msgs::String_<std::allocator<void> > >&)[m[K’} have incompatible cv-qualifiers
  243 |         sub_key_ = n.subscribe("key", 1, &reactive_controller::keyCmd[01;36m[K)[m[K;
      |                                                                      [01;36m[K^[m[K
In file included from [01m[K/opt/ros/noetic/include/controller_interface/controller_base.h:35[m[K,
                 from [01m[K/opt/ros/noetic/include/controller_interface/controller.h:35[m[K,
                 from [01m[K/home/advrob/elfin_ws/src/edu-elfin_simulation/arm_controllers/src/reactive_controller.cpp:2[m[K:
[01m[K/opt/ros/noetic/include/ros/node_handle.h:656:14:[m[K [01;36m[Knote: [m[Kcandidate: ‘[01m[Ktemplate<class M> ros::Subscriber ros::NodeHandle::subscribe(const string&, uint32_t, void (*)(M), const ros::TransportHints&)[m[K’
  656 |   Subscriber [01;36m[Ksubscribe[m[K(const std::string& topic, uint32_t queue_size, void(*fp)(M), const TransportHints& transport_hints = TransportHints())
      |              [01;36m[K^~~~~~~~~[m[K
[01m[K/opt/ros/noetic/include/ros/node_handle.h:656:14:[m[K [01;36m[Knote: [m[K  template argument deduction/substitution failed:
[01m[K/home/advrob/elfin_ws/src/edu-elfin_simulation/arm_controllers/src/reactive_controller.cpp:243:70:[m[K [01;36m[Knote: [m[K  mismatched types ‘[01m[Kvoid (*)(M)[m[K’ and ‘[01m[Kvoid (arm_controllers::reactive_controller::*)(const ConstPtr&)[m[K’ {aka ‘[01m[Kvoid (arm_controllers::reactive_controller::*)(const boost::shared_ptr<const std_msgs::String_<std::allocator<void> > >&)[m[K’}
  243 |         sub_key_ = n.subscribe("key", 1, &reactive_controller::keyCmd[01;36m[K)[m[K;
      |                                                                      [01;36m[K^[m[K
In file included from [01m[K/opt/ros/noetic/include/controller_interface/controller_base.h:35[m[K,
                 from [01m[K/opt/ros/noetic/include/controller_interface/controller.h:35[m[K,
                 from [01m[K/home/advrob/elfin_ws/src/edu-elfin_simulation/arm_controllers/src/reactive_controller.cpp:2[m[K:
[01m[K/opt/ros/noetic/include/ros/node_handle.h:704:14:[m[K [01;36m[Knote: [m[Kcandidate: ‘[01m[Ktemplate<class M> ros::Subscriber ros::NodeHandle::subscribe(const string&, uint32_t, void (*)(const boost::shared_ptr<const M>&), const ros::TransportHints&)[m[K’
  704 |   Subscriber [01;36m[Ksubscribe[m[K(const std::string& topic, uint32_t queue_size, void(*fp)(const boost::shared_ptr<M const>&), const TransportHints& transport_hints = TransportHints())
      |              [01;36m[K^~~~~~~~~[m[K
[01m[K/opt/ros/noetic/include/ros/node_handle.h:704:14:[m[K [01;36m[Knote: [m[K  template argument deduction/substitution failed:
[01m[K/home/advrob/elfin_ws/src/edu-elfin_simulation/arm_controllers/src/reactive_controller.cpp:243:70:[m[K [01;36m[Knote: [m[K  mismatched types ‘[01m[Kvoid (*)(const boost::shared_ptr<const M>&)[m[K’ and ‘[01m[Kvoid (arm_controllers::reactive_controller::*)(const ConstPtr&)[m[K’ {aka ‘[01m[Kvoid (arm_controllers::reactive_controller::*)(const boost::shared_ptr<const std_msgs::String_<std::allocator<void> > >&)[m[K’}
  243 |         sub_key_ = n.subscribe("key", 1, &reactive_controller::keyCmd[01;36m[K)[m[K;
      |                                                                      [01;36m[K^[m[K
In file included from [01m[K/opt/ros/noetic/include/controller_interface/controller_base.h:35[m[K,
                 from [01m[K/opt/ros/noetic/include/controller_interface/controller.h:35[m[K,
                 from [01m[K/home/advrob/elfin_ws/src/edu-elfin_simulation/arm_controllers/src/reactive_controller.cpp:2[m[K:
[01m[K/opt/ros/noetic/include/ros/node_handle.h:750:14:[m[K [01;36m[Knote: [m[Kcandidate: ‘[01m[Ktemplate<class M> ros::Subscriber ros::NodeHandle::subscribe(const string&, uint32_t, const boost::function<void(const boost::shared_ptr<const M>&)>&, const VoidConstPtr&, const ros::TransportHints&)[m[K’
  750 |   Subscriber [01;36m[Ksubscribe[m[K(const std::string& topic, uint32_t queue_size, const boost::function<void (const boost::shared_ptr<M const>&)>& callback,
      |              [01;36m[K^~~~~~~~~[m[K
[01m[K/opt/ros/noetic/include/ros/node_handle.h:750:14:[m[K [01;36m[Knote: [m[K  template argument deduction/substitution failed:
[01m[K/home/advrob/elfin_ws/src/edu-elfin_simulation/arm_controllers/src/reactive_controller.cpp:243:70:[m[K [01;36m[Knote: [m[K  mismatched types ‘[01m[Kconst boost::function<void(const boost::shared_ptr<const M>&)>[m[K’ and ‘[01m[Kvoid (arm_controllers::reactive_controller::*)(const ConstPtr&)[m[K’ {aka ‘[01m[Kvoid (arm_controllers::reactive_controller::*)(const boost::shared_ptr<const std_msgs::String_<std::allocator<void> > >&)[m[K’}
  243 |         sub_key_ = n.subscribe("key", 1, &reactive_controller::keyCmd[01;36m[K)[m[K;
      |                                                                      [01;36m[K^[m[K
In file included from [01m[K/opt/ros/noetic/include/controller_interface/controller_base.h:35[m[K,
                 from [01m[K/opt/ros/noetic/include/controller_interface/controller.h:35[m[K,
                 from [01m[K/home/advrob/elfin_ws/src/edu-elfin_simulation/arm_controllers/src/reactive_controller.cpp:2[m[K:
[01m[K/opt/ros/noetic/include/ros/node_handle.h:799:14:[m[K [01;36m[Knote: [m[Kcandidate: ‘[01m[Ktemplate<class M, class C> ros::Subscriber ros::NodeHandle::subscribe(const string&, uint32_t, const boost::function<void(C)>&, const VoidConstPtr&, const ros::TransportHints&)[m[K’
  799 |   Subscriber [01;36m[Ksubscribe[m[K(const std::string& topic, uint32_t queue_size, const boost::function<void (C)>& callback,
      |              [01;36m[K^~~~~~~~~[m[K
[01m[K/opt/ros/noetic/include/ros/node_handle.h:799:14:[m[K [01;36m[Knote: [m[K  template argument deduction/substitution failed:
[01m[K/home/advrob/elfin_ws/src/edu-elfin_simulation/arm_controllers/src/reactive_controller.cpp:243:70:[m[K [01;36m[Knote: [m[K  mismatched types ‘[01m[Kconst boost::function<void(C)>[m[K’ and ‘[01m[Kvoid (arm_controllers::reactive_controller::*)(const ConstPtr&)[m[K’ {aka ‘[01m[Kvoid (arm_controllers::reactive_controller::*)(const boost::shared_ptr<const std_msgs::String_<std::allocator<void> > >&)[m[K’}
  243 |         sub_key_ = n.subscribe("key", 1, &reactive_controller::keyCmd[01;36m[K)[m[K;
      |                                                                      [01;36m[K^[m[K
In file included from [01m[K/opt/ros/noetic/include/controller_interface/controller_base.h:35[m[K,
                 from [01m[K/opt/ros/noetic/include/controller_interface/controller.h:35[m[K,
                 from [01m[K/home/advrob/elfin_ws/src/edu-elfin_simulation/arm_controllers/src/reactive_controller.cpp:2[m[K:
[01m[K/opt/ros/noetic/include/ros/node_handle.h:836:14:[m[K [01;36m[Knote: [m[Kcandidate: ‘[01m[Kros::Subscriber ros::NodeHandle::subscribe(ros::SubscribeOptions&)[m[K’
  836 |   Subscriber [01;36m[Ksubscribe[m[K(SubscribeOptions& ops);
      |              [01;36m[K^~~~~~~~~[m[K
[01m[K/opt/ros/noetic/include/ros/node_handle.h:836:14:[m[K [01;36m[Knote: [m[K  candidate expects 1 argument, 3 provided
[01m[K/home/advrob/elfin_ws/src/edu-elfin_simulation/arm_controllers/src/reactive_controller.cpp:[m[K In member function ‘[01m[Kvoid arm_controllers::reactive_controller::keyCmd(const ConstPtr&)[m[K’:
[01m[K/home/advrob/elfin_ws/src/edu-elfin_simulation/arm_controllers/src/reactive_controller.cpp:267:33:[m[K [01;35m[Kwarning: [m[Kformat not a string literal and no format arguments [[01;35m[K-Wformat-security[m[K]
  267 |         printf(msg->data.c_str()[01;35m[K)[m[K;
      |                                 [01;35m[K^[m[K
make[2]: *** [CMakeFiles/arm_controllers.dir/build.make:154: CMakeFiles/arm_controllers.dir/src/reactive_controller.cpp.o] Error 1
make[1]: *** [CMakeFiles/Makefile2:385: CMakeFiles/arm_controllers.dir/all] Error 2
make: *** [Makefile:141: all] Error 2
