[01m[K/home/advrob/elfin_ws/src/edu-elfin_simulation/arm_controllers/src/reactive_controller.cpp:[m[K In member function ‘[01m[Kvoid arm_controllers::reactive_controller::keyCmd(const ConstPtr&)[m[K’:
[01m[K/home/advrob/elfin_ws/src/edu-elfin_simulation/arm_controllers/src/reactive_controller.cpp:253:33:[m[K [01;35m[Kwarning: [m[Kformat not a string literal and no format arguments [[01;35m[K-Wformat-security[m[K]
  253 |         printf(msg->data.c_str()[01;35m[K)[m[K;
      |                                 [01;35m[K^[m[K
[01m[K/home/advrob/elfin_ws/src/edu-elfin_simulation/arm_controllers/src/reactive_controller.cpp:[m[K In member function ‘[01m[Kbool arm_controllers::reactive_controller::burgerPasser(const string&)[m[K’:
[01m[K/home/advrob/elfin_ws/src/edu-elfin_simulation/arm_controllers/src/reactive_controller.cpp:271:24:[m[K [01;31m[Kerror: [m[Kcannot convert ‘[01m[Kstd::string[m[K’ {aka ‘[01m[Kstd::__cxx11::basic_string<char>[m[K’} to ‘[01m[Kstd::basic_istream<char>::char_type*[m[K’ {aka ‘[01m[Kchar*[m[K’}
  271 |             istrm.read([01;31m[Ktext[m[K, sizeof KEY);
      |                        [01;31m[K^~~~[m[K
      |                        [01;31m[K|[m[K
      |                        [01;31m[Kstd::string {aka std::__cxx11::basic_string<char>}[m[K
In file included from [01m[K/usr/include/c++/9/iostream:40[m[K,
                 from [01m[K/opt/ros/noetic/include/ros/time.h:54[m[K,
                 from [01m[K/opt/ros/noetic/include/ros/forwards.h:42[m[K,
                 from [01m[K/opt/ros/noetic/include/ros/node_handle.h:31[m[K,
                 from [01m[K/opt/ros/noetic/include/controller_interface/controller_base.h:35[m[K,
                 from [01m[K/opt/ros/noetic/include/controller_interface/controller.h:35[m[K,
                 from [01m[K/home/advrob/elfin_ws/src/edu-elfin_simulation/arm_controllers/src/reactive_controller.cpp:2[m[K:
[01m[K/usr/include/c++/9/istream:486:23:[m[K [01;36m[Knote: [m[K  initializing argument 1 of ‘[01m[Kstd::basic_istream<_CharT, _Traits>& std::basic_istream<_CharT, _Traits>::read(std::basic_istream<_CharT, _Traits>::char_type*, std::streamsize) [with _CharT = char; _Traits = std::char_traits<char>; std::basic_istream<_CharT, _Traits>::char_type = char; std::streamsize = long int][m[K’
  486 |       read([01;36m[Kchar_type* __s[m[K, streamsize __n);
      |            [01;36m[K~~~~~~~~~~~^~~[m[K
make[2]: *** [CMakeFiles/arm_controllers.dir/build.make:154: CMakeFiles/arm_controllers.dir/src/reactive_controller.cpp.o] Error 1
make[1]: *** [CMakeFiles/Makefile2:385: CMakeFiles/arm_controllers.dir/all] Error 2
make: *** [Makefile:141: all] Error 2
