[01m[K/home/advrob/elfin_ws/src/edu-elfin_simulation/arm_controllers/src/velocity_controller.cpp:[m[K In member function ‘[01m[Kvirtual void arm_controllers::velocity_controller::update(const ros::Time&, const ros::Duration&)[m[K’:
[01m[K/home/advrob/elfin_ws/src/edu-elfin_simulation/arm_controllers/src/velocity_controller.cpp:345:64:[m[K [01;31m[Kerror: [m[K‘[01m[Kvector[m[K’ was not declared in this scope
  345 |             qd_.data = qd_old_.data + cast_J_inv_ * (xd_dot_ + [01;31m[Kvector[m[K<int>{6,6,6,6,6,6} * ex_) * dt;
      |                                                                [01;31m[K^~~~~~[m[K
[01m[K/home/advrob/elfin_ws/src/edu-elfin_simulation/arm_controllers/src/velocity_controller.cpp:345:64:[m[K [01;36m[Knote: [m[Ksuggested alternatives:
In file included from [01m[K/usr/include/c++/9/vector:67[m[K,
                 from [01m[K/opt/ros/noetic/include/ros/forwards.h:32[m[K,
                 from [01m[K/opt/ros/noetic/include/ros/node_handle.h:31[m[K,
                 from [01m[K/opt/ros/noetic/include/controller_interface/controller_base.h:35[m[K,
                 from [01m[K/opt/ros/noetic/include/controller_interface/controller.h:35[m[K,
                 from [01m[K/home/advrob/elfin_ws/src/edu-elfin_simulation/arm_controllers/src/velocity_controller.cpp:2[m[K:
[01m[K/usr/include/c++/9/bits/stl_vector.h:386:11:[m[K [01;36m[Knote: [m[K  ‘[01m[Kstd::vector[m[K’
  386 |     class [01;36m[Kvector[m[K : protected _Vector_base<_Tp, _Alloc>
      |           [01;36m[K^~~~~~[m[K
In file included from [01m[K/usr/include/boost/mpl/aux_/include_preprocessed.hpp:37[m[K,
                 from [01m[K/usr/include/boost/mpl/vector.hpp:46[m[K,
                 from [01m[K/usr/include/boost/math/policies/policy.hpp:14[m[K,
                 from [01m[K/usr/include/boost/math/policies/error_handling.hpp:21[m[K,
                 from [01m[K/usr/include/boost/math/special_functions/round.hpp:14[m[K,
                 from [01m[K/opt/ros/noetic/include/ros/time.h:58[m[K,
                 from [01m[K/opt/ros/noetic/include/ros/forwards.h:42[m[K,
                 from [01m[K/opt/ros/noetic/include/ros/node_handle.h:31[m[K,
                 from [01m[K/opt/ros/noetic/include/controller_interface/controller_base.h:35[m[K,
                 from [01m[K/opt/ros/noetic/include/controller_interface/controller.h:35[m[K,
                 from [01m[K/home/advrob/elfin_ws/src/edu-elfin_simulation/arm_controllers/src/velocity_controller.cpp:2[m[K:
[01m[K/usr/include/boost/mpl/aux_/preprocessed/gcc/vector.hpp:22:8:[m[K [01;36m[Knote: [m[K  ‘[01m[Kboost::mpl::vector[m[K’
   22 | struct [01;36m[Kvector[m[K;
      |        [01;36m[K^~~~~~[m[K
In file included from [01m[K/usr/include/boost/lexical_cast/detail/converter_lexical.hpp:52[m[K,
                 from [01m[K/usr/include/boost/lexical_cast/try_lexical_convert.hpp:44[m[K,
                 from [01m[K/usr/include/boost/lexical_cast.hpp:32[m[K,
                 from [01m[K/opt/ros/noetic/include/ros/transport_hints.h:34[m[K,
                 from [01m[K/opt/ros/noetic/include/ros/subscribe_options.h:33[m[K,
                 from [01m[K/opt/ros/noetic/include/ros/node_handle.h:42[m[K,
                 from [01m[K/opt/ros/noetic/include/controller_interface/controller_base.h:35[m[K,
                 from [01m[K/opt/ros/noetic/include/controller_interface/controller.h:35[m[K,
                 from [01m[K/home/advrob/elfin_ws/src/edu-elfin_simulation/arm_controllers/src/velocity_controller.cpp:2[m[K:
[01m[K/usr/include/boost/container/container_fwd.hpp:103:7:[m[K [01;36m[Knote: [m[K  ‘[01m[Kboost::container::vector[m[K’
  103 | class [01;36m[Kvector[m[K;
      |       [01;36m[K^~~~~~[m[K
[01m[K/home/advrob/elfin_ws/src/edu-elfin_simulation/arm_controllers/src/velocity_controller.cpp:345:71:[m[K [01;31m[Kerror: [m[Kexpected primary-expression before ‘[01m[Kint[m[K’
  345 |             qd_.data = qd_old_.data + cast_J_inv_ * (xd_dot_ + vector<[01;31m[Kint[m[K>{6,6,6,6,6,6} * ex_) * dt;
      |                                                                       [01;31m[K^~~[m[K
[01m[K/home/advrob/elfin_ws/src/edu-elfin_simulation/arm_controllers/src/velocity_controller.cpp:345:71:[m[K [01;31m[Kerror: [m[Kexpected ‘[01m[K)[m[K’ before ‘[01m[Kint[m[K’
  345 |             qd_.data = qd_old_.data + cast_J_inv_ * [34m[K([m[Kxd_dot_ + vector<[01;31m[Ki[m[K[32m[Knt[m[K>{6,6,6,6,6,6} * ex_) * dt;
      |                                                     [34m[K~[m[K                 [01;31m[K^[m[K[32m[K~~[m[K
      |                                                                       [32m[K)[m[K
make[2]: *** [CMakeFiles/arm_controllers.dir/build.make:141: CMakeFiles/arm_controllers.dir/src/velocity_controller.cpp.o] Error 1
make[1]: *** [CMakeFiles/Makefile2:385: CMakeFiles/arm_controllers.dir/all] Error 2
make: *** [Makefile:141: all] Error 2
