[01m[K/home/advrob/elfin_ws/src/edu-elfin_simulation/arm_controllers/src/reactive_controller.cpp:[m[K In member function ‘[01m[Kvoid arm_controllers::reactive_controller::keyCmd(const ConstPtr&)[m[K’:
[01m[K/home/advrob/elfin_ws/src/edu-elfin_simulation/arm_controllers/src/reactive_controller.cpp:253:33:[m[K [01;35m[Kwarning: [m[Kformat not a string literal and no format arguments [[01;35m[K-Wformat-security[m[K]
  253 |         printf(msg->data.c_str()[01;35m[K)[m[K;
      |                                 [01;35m[K^[m[K
[01m[K/home/advrob/elfin_ws/src/edu-elfin_simulation/arm_controllers/src/reactive_controller.cpp:[m[K In member function ‘[01m[Kbool arm_controllers::reactive_controller::burgerPasser(const string&)[m[K’:
[01m[K/home/advrob/elfin_ws/src/edu-elfin_simulation/arm_controllers/src/reactive_controller.cpp:273:17:[m[K [01;31m[Kerror: [m[Kinvalid conversion from ‘[01m[Kchar[m[K’ to ‘[01m[KFILE*[m[K’ {aka ‘[01m[K_IO_FILE*[m[K’} [[01;31m[K-fpermissive[m[K]
  273 |         fprintf([01;31m[Ktext[m[K);
      |                 [01;31m[K^~~~[m[K
      |                 [01;31m[K|[m[K
      |                 [01;31m[Kchar[m[K
[01m[K/home/advrob/elfin_ws/src/edu-elfin_simulation/arm_controllers/src/reactive_controller.cpp:273:21:[m[K [01;31m[Kerror: [m[Ktoo few arguments to function ‘[01m[Kint fprintf(FILE*, const char*, ...)[m[K’
  273 |         fprintf(text[01;31m[K)[m[K;
      |                     [01;31m[K^[m[K
In file included from [01m[K/usr/include/c++/9/cstdio:42[m[K,
                 from [01m[K/usr/include/c++/9/ext/string_conversions.h:43[m[K,
                 from [01m[K/usr/include/c++/9/bits/basic_string.h:6496[m[K,
                 from [01m[K/usr/include/c++/9/string:55[m[K,
                 from [01m[K/opt/ros/noetic/include/ros/forwards.h:31[m[K,
                 from [01m[K/opt/ros/noetic/include/ros/node_handle.h:31[m[K,
                 from [01m[K/opt/ros/noetic/include/controller_interface/controller_base.h:35[m[K,
                 from [01m[K/opt/ros/noetic/include/controller_interface/controller.h:35[m[K,
                 from [01m[K/home/advrob/elfin_ws/src/edu-elfin_simulation/arm_controllers/src/reactive_controller.cpp:2[m[K:
[01m[K/usr/include/stdio.h:326:12:[m[K [01;36m[Knote: [m[Kdeclared here
  326 | extern int [01;36m[Kfprintf[m[K (FILE *__restrict __stream,
      |            [01;36m[K^~~~~~~[m[K
make[2]: *** [CMakeFiles/arm_controllers.dir/build.make:154: CMakeFiles/arm_controllers.dir/src/reactive_controller.cpp.o] Error 1
make[1]: *** [CMakeFiles/Makefile2:385: CMakeFiles/arm_controllers.dir/all] Error 2
make: *** [Makefile:141: all] Error 2
